SF:/modernize-data/studio-data/TNT1001/APP1170/transformed-code/354/studio-workspace/Hospital2301cmp/src/ClinicManagement.Application/Services/AuthenticationService.cs
FN:120,System.String ClinicManagement.Application.Services.AuthenticationService::HashPassword(System.String)
FNDA:16,System.String ClinicManagement.Application.Services.AuthenticationService::HashPassword(System.String)
DA:121,16
DA:122,16
DA:123,16
DA:124,16
DA:125,16
FN:127,System.Boolean ClinicManagement.Application.Services.AuthenticationService::VerifyPassword(System.String,System.String)
FNDA:5,System.Boolean ClinicManagement.Application.Services.AuthenticationService::VerifyPassword(System.String,System.String)
DA:128,5
DA:129,5
DA:130,5
DA:131,5
FN:18,System.Void ClinicManagement.Application.Services.AuthenticationService::.ctor(ClinicManagement.Domain.Interfaces.Repositories.IPatientRepository,ClinicManagement.Domain.Interfaces.Repositories.IDoctorRepository,Microsoft.Extensions.Logging.ILogger`1<ClinicManagement.Application.Services.AuthenticationService>)
FNDA:14,System.Void ClinicManagement.Application.Services.AuthenticationService::.ctor(ClinicManagement.Domain.Interfaces.Repositories.IPatientRepository,ClinicManagement.Domain.Interfaces.Repositories.IDoctorRepository,Microsoft.Extensions.Logging.ILogger`1<ClinicManagement.Application.Services.AuthenticationService>)
DA:19,14
DA:20,14
DA:21,14
DA:22,14
DA:23,14
DA:24,14
DA:25,13
DA:26,12
DA:27,11
BRDA:24,11,0,1
BRDA:24,11,1,13
BRDA:25,33,0,1
BRDA:25,33,1,12
BRDA:26,55,0,1
BRDA:26,55,1,11
FN:80,System.Void ClinicManagement.Application.Services.AuthenticationService/<RegisterPatientAsync>d__5::MoveNext()
FNDA:2,System.Void ClinicManagement.Application.Services.AuthenticationService/<RegisterPatientAsync>d__5::MoveNext()
DA:81,2
DA:83,2
DA:84,2
DA:87,2
DA:88,2
DA:89,1
DA:90,1
DA:91,1
DA:94,1
DA:95,1
DA:96,1
DA:97,1
DA:98,1
DA:99,1
DA:100,1
DA:101,1
DA:102,1
DA:103,1
DA:104,1
DA:105,1
DA:106,1
DA:108,1
DA:110,1
DA:111,1
DA:113,0
DA:114,0
DA:115,0
DA:116,0
DA:118,2
BRDA:88,228,0,1
BRDA:88,228,1,1
FN:32,System.Void ClinicManagement.Application.Services.AuthenticationService/<ValidateLoginAsync>d__4::MoveNext()
FNDA:4,System.Void ClinicManagement.Application.Services.AuthenticationService/<ValidateLoginAsync>d__4::MoveNext()
DA:33,4
DA:35,4
DA:36,4
DA:39,4
DA:40,4
DA:41,2
DA:42,2
DA:43,1
DA:44,1
DA:45,1
DA:47,1
DA:51,2
DA:52,2
DA:53,1
DA:54,1
DA:55,1
DA:56,1
DA:57,1
DA:59,0
DA:62,1
DA:63,1
DA:65,0
DA:66,0
DA:67,0
DA:68,0
DA:70,4
BRDA:40,228,0,2
BRDA:42,266,0,1
BRDA:42,266,1,1
BRDA:40,228,1,2
BRDA:52,520,0,1
BRDA:54,558,0,1
BRDA:54,558,1,0
BRDA:52,520,1,1
LF:73
LH:64
BRF:16
BRH:15
FNF:5
FNH:5
end_of_record
SF:/modernize-data/studio-data/TNT1001/APP1170/transformed-code/354/studio-workspace/Hospital2301cmp/src/ClinicManagement.Application/Extensions/ServiceCollectionExtensions.cs
FN:12,Microsoft.Extensions.DependencyInjection.IServiceCollection ClinicManagement.Application.Extensions.ServiceCollectionExtensions::AddApplicationServices(Microsoft.Extensions.DependencyInjection.IServiceCollection)
FNDA:0,Microsoft.Extensions.DependencyInjection.IServiceCollection ClinicManagement.Application.Extensions.ServiceCollectionExtensions::AddApplicationServices(Microsoft.Extensions.DependencyInjection.IServiceCollection)
DA:13,0
DA:15,0
DA:17,0
DA:18,0
LF:4
LH:0
BRF:0
BRH:0
FNF:1
FNH:0
end_of_record
SF:/modernize-data/studio-data/TNT1001/APP1170/transformed-code/354/studio-workspace/Hospital2301cmp/src/ClinicManagement.Infrastructure/Repositories/AppointmentRepository.cs
FN:13,System.Void ClinicManagement.Infrastructure.Repositories.AppointmentRepository::.ctor(ClinicManagement.Infrastructure.Data.ClinicDbContext,Microsoft.Extensions.Logging.ILogger`1<ClinicManagement.Infrastructure.Repositories.AppointmentRepository>)
FNDA:14,System.Void ClinicManagement.Infrastructure.Repositories.AppointmentRepository::.ctor(ClinicManagement.Infrastructure.Data.ClinicDbContext,Microsoft.Extensions.Logging.ILogger`1<ClinicManagement.Infrastructure.Repositories.AppointmentRepository>)
DA:14,14
DA:15,14
DA:16,14
DA:17,13
DA:18,12
BRDA:16,11,0,1
BRDA:16,11,1,13
BRDA:17,33,0,1
BRDA:17,33,1,12
FN:110,System.Void ClinicManagement.Infrastructure.Repositories.AppointmentRepository/<AddAsync>d__8::MoveNext()
FNDA:1,System.Void ClinicManagement.Infrastructure.Repositories.AppointmentRepository/<AddAsync>d__8::MoveNext()
DA:111,1
DA:113,1
DA:114,1
DA:115,1
DA:117,1
DA:118,1
DA:120,1
DA:122,0
DA:123,0
DA:124,0
DA:125,0
DA:127,1
FN:144,System.Void ClinicManagement.Infrastructure.Repositories.AppointmentRepository/<DeleteAsync>d__10::MoveNext()
FNDA:1,System.Void ClinicManagement.Infrastructure.Repositories.AppointmentRepository/<DeleteAsync>d__10::MoveNext()
DA:145,1
DA:147,1
DA:148,1
DA:149,1
DA:150,1
DA:151,1
DA:152,1
DA:153,1
DA:154,1
DA:155,1
DA:156,0
DA:157,0
DA:158,0
DA:159,0
DA:161,1
BRDA:149,213,0,1
BRDA:149,213,1,1
FN:163,System.Void ClinicManagement.Infrastructure.Repositories.AppointmentRepository/<ExistsAsync>d__11::MoveNext()
FNDA:2,System.Void ClinicManagement.Infrastructure.Repositories.AppointmentRepository/<ExistsAsync>d__11::MoveNext()
DA:164,2
DA:166,2
DA:167,2
DA:168,2
DA:170,0
DA:171,0
DA:172,0
DA:173,0
DA:175,2
FN:20,System.Void ClinicManagement.Infrastructure.Repositories.AppointmentRepository/<GetAllAsync>d__3::MoveNext()
FNDA:2,System.Void ClinicManagement.Infrastructure.Repositories.AppointmentRepository/<GetAllAsync>d__3::MoveNext()
DA:21,2
DA:23,2
DA:24,2
DA:25,2
DA:26,2
DA:27,2
DA:28,2
DA:29,2
DA:30,2
DA:32,0
DA:33,0
DA:34,0
DA:35,0
DA:37,2
FN:74,System.Void ClinicManagement.Infrastructure.Repositories.AppointmentRepository/<GetByDoctorIdAsync>d__6::MoveNext()
FNDA:1,System.Void ClinicManagement.Infrastructure.Repositories.AppointmentRepository/<GetByDoctorIdAsync>d__6::MoveNext()
DA:75,1
DA:77,1
DA:78,1
DA:79,1
DA:80,1
DA:81,1
DA:82,1
DA:83,1
DA:85,0
DA:86,0
DA:87,0
DA:88,0
DA:90,1
FN:39,System.Void ClinicManagement.Infrastructure.Repositories.AppointmentRepository/<GetByIdAsync>d__4::MoveNext()
FNDA:2,System.Void ClinicManagement.Infrastructure.Repositories.AppointmentRepository/<GetByIdAsync>d__4::MoveNext()
DA:40,2
DA:42,2
DA:43,2
DA:44,2
DA:45,2
DA:46,2
DA:47,2
DA:49,0
DA:50,0
DA:51,0
DA:52,0
DA:54,2
FN:56,System.Void ClinicManagement.Infrastructure.Repositories.AppointmentRepository/<GetByPatientIdAsync>d__5::MoveNext()
FNDA:1,System.Void ClinicManagement.Infrastructure.Repositories.AppointmentRepository/<GetByPatientIdAsync>d__5::MoveNext()
DA:57,1
DA:59,1
DA:60,1
DA:61,1
DA:62,1
DA:63,1
DA:64,1
DA:65,1
DA:67,0
DA:68,0
DA:69,0
DA:70,0
DA:72,1
FN:92,System.Void ClinicManagement.Infrastructure.Repositories.AppointmentRepository/<GetPendingAppointmentsAsync>d__7::MoveNext()
FNDA:1,System.Void ClinicManagement.Infrastructure.Repositories.AppointmentRepository/<GetPendingAppointmentsAsync>d__7::MoveNext()
DA:93,1
DA:95,1
DA:96,1
DA:97,1
DA:98,1
DA:99,1
DA:100,1
DA:101,1
DA:103,0
DA:104,0
DA:105,0
DA:106,0
DA:108,1
FN:177,System.Void ClinicManagement.Infrastructure.Repositories.AppointmentRepository/<SearchAsync>d__12::MoveNext()
FNDA:1,System.Void ClinicManagement.Infrastructure.Repositories.AppointmentRepository/<SearchAsync>d__12::MoveNext()
DA:178,1
DA:180,1
DA:181,1
DA:182,1
DA:183,1
DA:186,0
DA:188,0
DA:189,0
DA:190,0
DA:191,0
DA:192,0
DA:193,0
DA:194,0
DA:195,0
DA:196,0
DA:197,0
DA:199,0
DA:200,0
DA:201,0
DA:202,0
DA:204,1
BRDA:181,60,0,1
BRDA:181,60,1,0
FN:129,System.Void ClinicManagement.Infrastructure.Repositories.AppointmentRepository/<UpdateAsync>d__9::MoveNext()
FNDA:1,System.Void ClinicManagement.Infrastructure.Repositories.AppointmentRepository/<UpdateAsync>d__9::MoveNext()
DA:130,1
DA:132,1
DA:133,1
DA:134,1
DA:135,1
DA:136,1
DA:137,0
DA:138,0
DA:139,0
DA:140,0
DA:142,1
LF:138
LH:87
BRF:8
BRH:7
FNF:11
FNH:11
end_of_record
SF:/modernize-data/studio-data/TNT1001/APP1170/transformed-code/354/studio-workspace/Hospital2301cmp/src/ClinicManagement.Infrastructure/Repositories/DoctorRepository.cs
FN:13,System.Void ClinicManagement.Infrastructure.Repositories.DoctorRepository::.ctor(ClinicManagement.Infrastructure.Data.ClinicDbContext,Microsoft.Extensions.Logging.ILogger`1<ClinicManagement.Infrastructure.Repositories.DoctorRepository>)
FNDA:13,System.Void ClinicManagement.Infrastructure.Repositories.DoctorRepository::.ctor(ClinicManagement.Infrastructure.Data.ClinicDbContext,Microsoft.Extensions.Logging.ILogger`1<ClinicManagement.Infrastructure.Repositories.DoctorRepository>)
DA:14,13
DA:15,13
DA:16,13
DA:17,12
DA:18,11
BRDA:16,11,0,1
BRDA:16,11,1,12
BRDA:17,33,0,1
BRDA:17,33,1,11
FN:84,System.Void ClinicManagement.Infrastructure.Repositories.DoctorRepository/<AddAsync>d__7::MoveNext()
FNDA:1,System.Void ClinicManagement.Infrastructure.Repositories.DoctorRepository/<AddAsync>d__7::MoveNext()
DA:85,1
DA:87,1
DA:88,1
DA:89,1
DA:91,1
DA:92,1
DA:94,1
DA:96,0
DA:97,0
DA:98,0
DA:99,0
DA:101,1
FN:118,System.Void ClinicManagement.Infrastructure.Repositories.DoctorRepository/<DeleteAsync>d__9::MoveNext()
FNDA:1,System.Void ClinicManagement.Infrastructure.Repositories.DoctorRepository/<DeleteAsync>d__9::MoveNext()
DA:119,1
DA:121,1
DA:122,1
DA:123,1
DA:124,1
DA:125,1
DA:126,1
DA:127,1
DA:128,1
DA:129,1
DA:130,0
DA:131,0
DA:132,0
DA:133,0
DA:135,1
BRDA:123,213,0,1
BRDA:123,213,1,1
FN:137,System.Void ClinicManagement.Infrastructure.Repositories.DoctorRepository/<ExistsAsync>d__10::MoveNext()
FNDA:2,System.Void ClinicManagement.Infrastructure.Repositories.DoctorRepository/<ExistsAsync>d__10::MoveNext()
DA:138,2
DA:140,2
DA:141,2
DA:142,2
DA:144,0
DA:145,0
DA:146,0
DA:147,0
DA:149,2
FN:20,System.Void ClinicManagement.Infrastructure.Repositories.DoctorRepository/<GetAllAsync>d__3::MoveNext()
FNDA:1,System.Void ClinicManagement.Infrastructure.Repositories.DoctorRepository/<GetAllAsync>d__3::MoveNext()
DA:21,1
DA:23,1
DA:24,1
DA:25,1
DA:26,1
DA:27,1
DA:28,1
DA:30,0
DA:31,0
DA:32,0
DA:33,0
DA:35,1
FN:52,System.Void ClinicManagement.Infrastructure.Repositories.DoctorRepository/<GetByEmailAsync>d__5::MoveNext()
FNDA:1,System.Void ClinicManagement.Infrastructure.Repositories.DoctorRepository/<GetByEmailAsync>d__5::MoveNext()
DA:53,1
DA:55,1
DA:56,1
DA:57,1
DA:58,1
DA:60,0
DA:61,0
DA:62,0
DA:63,0
DA:65,1
FN:37,System.Void ClinicManagement.Infrastructure.Repositories.DoctorRepository/<GetByIdAsync>d__4::MoveNext()
FNDA:2,System.Void ClinicManagement.Infrastructure.Repositories.DoctorRepository/<GetByIdAsync>d__4::MoveNext()
DA:38,2
DA:40,2
DA:41,2
DA:42,2
DA:43,2
DA:45,0
DA:46,0
DA:47,0
DA:48,0
DA:50,2
FN:67,System.Void ClinicManagement.Infrastructure.Repositories.DoctorRepository/<GetBySpecializationAsync>d__6::MoveNext()
FNDA:1,System.Void ClinicManagement.Infrastructure.Repositories.DoctorRepository/<GetBySpecializationAsync>d__6::MoveNext()
DA:68,1
DA:70,1
DA:71,1
DA:72,1
DA:73,1
DA:74,1
DA:75,1
DA:77,0
DA:78,0
DA:79,0
DA:80,0
DA:82,1
FN:151,System.Void ClinicManagement.Infrastructure.Repositories.DoctorRepository/<SearchAsync>d__11::MoveNext()
FNDA:1,System.Void ClinicManagement.Infrastructure.Repositories.DoctorRepository/<SearchAsync>d__11::MoveNext()
DA:152,1
DA:154,1
DA:155,1
DA:156,0
DA:157,0
DA:160,1
DA:162,1
DA:163,1
DA:164,1
DA:165,1
DA:166,1
DA:167,1
DA:168,1
DA:169,1
DA:171,0
DA:172,0
DA:173,0
DA:174,0
DA:176,1
BRDA:155,60,0,0
BRDA:155,60,1,1
FN:103,System.Void ClinicManagement.Infrastructure.Repositories.DoctorRepository/<UpdateAsync>d__8::MoveNext()
FNDA:1,System.Void ClinicManagement.Infrastructure.Repositories.DoctorRepository/<UpdateAsync>d__8::MoveNext()
DA:104,1
DA:106,1
DA:107,1
DA:108,1
DA:109,1
DA:110,1
DA:111,0
DA:112,0
DA:113,0
DA:114,0
DA:116,1
LF:115
LH:77
BRF:8
BRH:7
FNF:10
FNH:10
end_of_record
SF:/modernize-data/studio-data/TNT1001/APP1170/transformed-code/354/studio-workspace/Hospital2301cmp/src/ClinicManagement.Infrastructure/Repositories/PatientRepository.cs
FN:16,System.Void ClinicManagement.Infrastructure.Repositories.PatientRepository::.ctor(ClinicManagement.Infrastructure.Data.ClinicDbContext,Microsoft.Extensions.Logging.ILogger`1<ClinicManagement.Infrastructure.Repositories.PatientRepository>)
FNDA:14,System.Void ClinicManagement.Infrastructure.Repositories.PatientRepository::.ctor(ClinicManagement.Infrastructure.Data.ClinicDbContext,Microsoft.Extensions.Logging.ILogger`1<ClinicManagement.Infrastructure.Repositories.PatientRepository>)
DA:17,14
DA:18,14
DA:19,14
DA:20,13
DA:21,12
BRDA:19,11,0,1
BRDA:19,11,1,13
BRDA:20,33,0,1
BRDA:20,33,1,12
FN:73,System.Void ClinicManagement.Infrastructure.Repositories.PatientRepository/<AddAsync>d__6::MoveNext()
FNDA:1,System.Void ClinicManagement.Infrastructure.Repositories.PatientRepository/<AddAsync>d__6::MoveNext()
DA:74,1
DA:76,1
DA:77,1
DA:78,1
DA:79,1
DA:81,1
DA:82,1
DA:84,1
DA:85,1
DA:87,0
DA:88,0
DA:89,0
DA:90,0
DA:92,1
FN:113,System.Void ClinicManagement.Infrastructure.Repositories.PatientRepository/<DeleteAsync>d__8::MoveNext()
FNDA:1,System.Void ClinicManagement.Infrastructure.Repositories.PatientRepository/<DeleteAsync>d__8::MoveNext()
DA:114,1
DA:116,1
DA:117,1
DA:118,1
DA:120,1
DA:121,1
DA:122,1
DA:123,1
DA:124,1
DA:125,1
DA:126,1
DA:127,1
DA:128,0
DA:129,0
DA:130,0
DA:131,0
DA:133,1
BRDA:120,258,0,1
BRDA:120,258,1,1
FN:135,System.Void ClinicManagement.Infrastructure.Repositories.PatientRepository/<ExistsAsync>d__9::MoveNext()
FNDA:2,System.Void ClinicManagement.Infrastructure.Repositories.PatientRepository/<ExistsAsync>d__9::MoveNext()
DA:136,2
DA:138,2
DA:139,2
DA:140,2
DA:142,0
DA:143,0
DA:144,0
DA:145,0
DA:147,2
FN:23,System.Void ClinicManagement.Infrastructure.Repositories.PatientRepository/<GetAllAsync>d__3::MoveNext()
FNDA:2,System.Void ClinicManagement.Infrastructure.Repositories.PatientRepository/<GetAllAsync>d__3::MoveNext()
DA:24,2
DA:26,2
DA:27,2
DA:28,2
DA:29,2
DA:30,2
DA:31,2
DA:32,2
DA:34,0
DA:35,0
DA:36,0
DA:37,0
DA:39,2
FN:57,System.Void ClinicManagement.Infrastructure.Repositories.PatientRepository/<GetByEmailAsync>d__5::MoveNext()
FNDA:2,System.Void ClinicManagement.Infrastructure.Repositories.PatientRepository/<GetByEmailAsync>d__5::MoveNext()
DA:58,2
DA:60,2
DA:61,2
DA:62,2
DA:63,2
DA:64,2
DA:66,0
DA:67,0
DA:68,0
DA:69,0
DA:71,2
FN:41,System.Void ClinicManagement.Infrastructure.Repositories.PatientRepository/<GetByIdAsync>d__4::MoveNext()
FNDA:2,System.Void ClinicManagement.Infrastructure.Repositories.PatientRepository/<GetByIdAsync>d__4::MoveNext()
DA:42,2
DA:44,2
DA:45,2
DA:46,2
DA:47,2
DA:48,2
DA:50,0
DA:51,0
DA:52,0
DA:53,0
DA:55,2
FN:149,System.Void ClinicManagement.Infrastructure.Repositories.PatientRepository/<SearchAsync>d__10::MoveNext()
FNDA:2,System.Void ClinicManagement.Infrastructure.Repositories.PatientRepository/<SearchAsync>d__10::MoveNext()
DA:150,2
DA:152,2
DA:153,2
DA:155,2
DA:156,1
DA:157,1
DA:160,1
DA:162,1
DA:163,1
DA:164,1
DA:165,1
DA:166,1
DA:167,1
DA:168,1
DA:169,1
DA:171,0
DA:172,0
DA:173,0
DA:174,0
DA:176,2
BRDA:155,165,0,1
BRDA:155,165,1,1
FN:94,System.Void ClinicManagement.Infrastructure.Repositories.PatientRepository/<UpdateAsync>d__7::MoveNext()
FNDA:1,System.Void ClinicManagement.Infrastructure.Repositories.PatientRepository/<UpdateAsync>d__7::MoveNext()
DA:95,1
DA:97,1
DA:98,1
DA:99,1
DA:101,1
DA:102,1
DA:104,1
DA:105,1
DA:106,0
DA:107,0
DA:108,0
DA:109,0
DA:111,1
LF:113
LH:81
BRF:8
BRH:8
FNF:9
FNH:9
end_of_record
SF:/modernize-data/studio-data/TNT1001/APP1170/transformed-code/354/studio-workspace/Hospital2301cmp/src/ClinicManagement.Infrastructure/Extensions/ServiceCollectionExtensions.cs
FN:17,Microsoft.Extensions.DependencyInjection.IServiceCollection ClinicManagement.Infrastructure.Extensions.ServiceCollectionExtensions::AddInfrastructureServices(Microsoft.Extensions.DependencyInjection.IServiceCollection,Microsoft.Extensions.Configuration.IConfiguration)
FNDA:0,Microsoft.Extensions.DependencyInjection.IServiceCollection ClinicManagement.Infrastructure.Extensions.ServiceCollectionExtensions::AddInfrastructureServices(Microsoft.Extensions.DependencyInjection.IServiceCollection,Microsoft.Extensions.Configuration.IConfiguration)
DA:18,0
DA:20,0
DA:21,0
DA:22,0
DA:23,0
DA:24,0
DA:25,0
DA:26,0
DA:27,0
DA:28,0
DA:29,0
DA:30,0
DA:31,0
DA:32,0
DA:33,0
DA:34,0
DA:37,0
DA:38,0
DA:39,0
DA:41,0
DA:42,0
LF:21
LH:0
BRF:0
BRH:0
FNF:1
FNH:0
end_of_record
SF:/modernize-data/studio-data/TNT1001/APP1170/transformed-code/354/studio-workspace/Hospital2301cmp/src/ClinicManagement.Infrastructure/Data/ClinicDbContext.cs
FN:14,Microsoft.EntityFrameworkCore.DbSet`1<ClinicManagement.Domain.Entities.Patient> ClinicManagement.Infrastructure.Data.ClinicDbContext::get_Patients()
FNDA:146,Microsoft.EntityFrameworkCore.DbSet`1<ClinicManagement.Domain.Entities.Patient> ClinicManagement.Infrastructure.Data.ClinicDbContext::get_Patients()
DA:15,146
FN:15,Microsoft.EntityFrameworkCore.DbSet`1<ClinicManagement.Domain.Entities.Doctor> ClinicManagement.Infrastructure.Data.ClinicDbContext::get_Doctors()
FNDA:144,Microsoft.EntityFrameworkCore.DbSet`1<ClinicManagement.Domain.Entities.Doctor> ClinicManagement.Infrastructure.Data.ClinicDbContext::get_Doctors()
DA:16,144
FN:16,Microsoft.EntityFrameworkCore.DbSet`1<ClinicManagement.Domain.Entities.Appointment> ClinicManagement.Infrastructure.Data.ClinicDbContext::get_Appointments()
FNDA:146,Microsoft.EntityFrameworkCore.DbSet`1<ClinicManagement.Domain.Entities.Appointment> ClinicManagement.Infrastructure.Data.ClinicDbContext::get_Appointments()
DA:17,146
FN:17,Microsoft.EntityFrameworkCore.DbSet`1<ClinicManagement.Domain.Entities.TreatmentHistory> ClinicManagement.Infrastructure.Data.ClinicDbContext::get_TreatmentHistories()
FNDA:123,Microsoft.EntityFrameworkCore.DbSet`1<ClinicManagement.Domain.Entities.TreatmentHistory> ClinicManagement.Infrastructure.Data.ClinicDbContext::get_TreatmentHistories()
DA:18,123
FN:18,Microsoft.EntityFrameworkCore.DbSet`1<ClinicManagement.Domain.Entities.Bill> ClinicManagement.Infrastructure.Data.ClinicDbContext::get_Bills()
FNDA:123,Microsoft.EntityFrameworkCore.DbSet`1<ClinicManagement.Domain.Entities.Bill> ClinicManagement.Infrastructure.Data.ClinicDbContext::get_Bills()
DA:19,123
FN:19,Microsoft.EntityFrameworkCore.DbSet`1<ClinicManagement.Domain.Entities.Feedback> ClinicManagement.Infrastructure.Data.ClinicDbContext::get_Feedbacks()
FNDA:123,Microsoft.EntityFrameworkCore.DbSet`1<ClinicManagement.Domain.Entities.Feedback> ClinicManagement.Infrastructure.Data.ClinicDbContext::get_Feedbacks()
DA:20,123
FN:20,Microsoft.EntityFrameworkCore.DbSet`1<ClinicManagement.Domain.Entities.Notification> ClinicManagement.Infrastructure.Data.ClinicDbContext::get_Notifications()
FNDA:123,Microsoft.EntityFrameworkCore.DbSet`1<ClinicManagement.Domain.Entities.Notification> ClinicManagement.Infrastructure.Data.ClinicDbContext::get_Notifications()
DA:21,123
FN:21,Microsoft.EntityFrameworkCore.DbSet`1<ClinicManagement.Domain.Entities.Staff> ClinicManagement.Infrastructure.Data.ClinicDbContext::get_Staff()
FNDA:123,Microsoft.EntityFrameworkCore.DbSet`1<ClinicManagement.Domain.Entities.Staff> ClinicManagement.Infrastructure.Data.ClinicDbContext::get_Staff()
DA:22,123
FN:24,System.Void ClinicManagement.Infrastructure.Data.ClinicDbContext::OnModelCreating(Microsoft.EntityFrameworkCore.ModelBuilder)
FNDA:1,System.Void ClinicManagement.Infrastructure.Data.ClinicDbContext::OnModelCreating(Microsoft.EntityFrameworkCore.ModelBuilder)
DA:25,1
DA:26,1
DA:29,1
DA:32,1
DA:34,1
DA:35,1
FN:37,System.Void ClinicManagement.Infrastructure.Data.ClinicDbContext::OnConfiguring(Microsoft.EntityFrameworkCore.DbContextOptionsBuilder)
FNDA:56,System.Void ClinicManagement.Infrastructure.Data.ClinicDbContext::OnConfiguring(Microsoft.EntityFrameworkCore.DbContextOptionsBuilder)
DA:38,56
DA:39,56
DA:42,56
DA:43,56
FN:10,System.Void ClinicManagement.Infrastructure.Data.ClinicDbContext::.ctor(Microsoft.EntityFrameworkCore.DbContextOptions`1<ClinicManagement.Infrastructure.Data.ClinicDbContext>)
FNDA:60,System.Void ClinicManagement.Infrastructure.Data.ClinicDbContext::.ctor(Microsoft.EntityFrameworkCore.DbContextOptions`1<ClinicManagement.Infrastructure.Data.ClinicDbContext>)
DA:11,60
DA:12,60
DA:13,60
LF:21
LH:21
BRF:0
BRH:0
FNF:11
FNH:11
end_of_record
SF:/modernize-data/studio-data/TNT1001/APP1170/transformed-code/354/studio-workspace/Hospital2301cmp/src/ClinicManagement.Infrastructure/Data/Configurations/PatientConfiguration.cs
FN:12,System.Void ClinicManagement.Infrastructure.Data.Configurations.PatientConfiguration::Configure(Microsoft.EntityFrameworkCore.Metadata.Builders.EntityTypeBuilder`1<ClinicManagement.Domain.Entities.Patient>)
FNDA:1,System.Void ClinicManagement.Infrastructure.Data.Configurations.PatientConfiguration::Configure(Microsoft.EntityFrameworkCore.Metadata.Builders.EntityTypeBuilder`1<ClinicManagement.Domain.Entities.Patient>)
DA:13,1
DA:14,1
DA:16,1
DA:18,1
DA:19,1
DA:20,1
DA:22,1
DA:23,1
DA:24,1
DA:26,1
DA:27,1
DA:29,1
DA:30,1
DA:31,1
DA:33,1
DA:34,1
DA:35,1
DA:37,1
DA:38,1
DA:39,1
DA:41,1
DA:42,1
DA:44,1
DA:45,1
DA:47,1
DA:48,1
DA:50,1
DA:51,1
DA:52,1
DA:54,1
DA:55,1
DA:57,1
DA:58,1
DA:59,1
DA:60,1
DA:62,1
DA:63,1
DA:64,1
DA:65,1
DA:67,1
DA:68,1
DA:69,1
DA:70,1
DA:72,1
DA:73,1
DA:74,1
DA:75,1
DA:76,1
LF:48
LH:48
BRF:0
BRH:0
FNF:1
FNH:1
end_of_record
SF:/modernize-data/studio-data/TNT1001/APP1170/transformed-code/354/studio-workspace/Hospital2301cmp/src/ClinicManagement.Web/Program.cs
FN:4,System.Void Program::<Main>$(System.String[])
FNDA:0,System.Void Program::<Main>$(System.String[])
DA:5,0
DA:8,0
DA:9,0
DA:10,0
DA:11,0
DA:12,0
DA:14,0
DA:17,0
DA:20,0
DA:23,0
DA:26,0
DA:27,0
DA:28,0
DA:29,0
DA:30,0
DA:31,0
DA:32,0
DA:34,0
DA:37,0
DA:38,0
DA:39,0
DA:40,0
DA:41,0
DA:43,0
DA:44,0
DA:46,0
DA:48,0
DA:50,0
DA:52,0
DA:55,0
DA:56,0
DA:57,0
DA:58,0
DA:59,0
DA:60,0
DA:61,0
DA:62,0
DA:65,0
DA:66,0
DA:67,0
BRDA:37,272,0,0
BRDA:37,272,1,0
LF:40
LH:0
BRF:2
BRH:0
FNF:1
FNH:0
end_of_record
SF:/modernize-data/studio-data/TNT1001/APP1170/transformed-code/354/studio-workspace/Hospital2301cmp/src/ClinicManagement.Web/Pages/Index.cshtml.cs
FN:17,System.String ClinicManagement.Web.Pages.IndexModel::get_Message()
FNDA:18,System.String ClinicManagement.Web.Pages.IndexModel::get_Message()
DA:18,18
FN:18,System.Boolean ClinicManagement.Web.Pages.IndexModel::get_IsSuccess()
FNDA:8,System.Boolean ClinicManagement.Web.Pages.IndexModel::get_IsSuccess()
DA:19,8
FN:21,System.Void ClinicManagement.Web.Pages.IndexModel::OnGet()
FNDA:1,System.Void ClinicManagement.Web.Pages.IndexModel::OnGet()
DA:22,1
DA:23,1
DA:24,1
FN:11,System.Void ClinicManagement.Web.Pages.IndexModel::.ctor(ClinicManagement.Domain.Interfaces.Services.IAuthenticationService,Microsoft.Extensions.Logging.ILogger`1<ClinicManagement.Web.Pages.IndexModel>)
FNDA:10,System.Void ClinicManagement.Web.Pages.IndexModel::.ctor(ClinicManagement.Domain.Interfaces.Services.IAuthenticationService,Microsoft.Extensions.Logging.ILogger`1<ClinicManagement.Web.Pages.IndexModel>)
DA:12,10
DA:13,10
DA:14,10
DA:15,9
DA:16,8
BRDA:14,22,0,1
BRDA:14,22,1,9
BRDA:15,44,0,1
BRDA:15,44,1,8
FN:26,System.Void ClinicManagement.Web.Pages.IndexModel/<OnPostLoginAsync>d__12::MoveNext()
FNDA:3,System.Void ClinicManagement.Web.Pages.IndexModel/<OnPostLoginAsync>d__12::MoveNext()
DA:27,3
DA:29,3
DA:30,3
DA:32,3
DA:33,2
DA:34,2
DA:35,2
DA:37,2
DA:38,2
DA:39,1
DA:40,1
DA:41,0
DA:42,0
DA:43,2
DA:46,1
DA:47,1
DA:48,1
DA:50,0
DA:51,0
DA:52,0
DA:53,0
DA:54,0
DA:55,0
DA:57,3
BRDA:32,196,0,2
BRDA:37,319,0,1
BRDA:37,333,0,0
BRDA:37,319,1,1
BRDA:37,333,1,1
BRDA:37,347,1,0
BRDA:37,347,0,0
BRDA:32,196,1,1
FN:66,System.Void ClinicManagement.Web.Pages.IndexModel/<OnPostSignUpAsync>d__13::MoveNext()
FNDA:3,System.Void ClinicManagement.Web.Pages.IndexModel/<OnPostSignUpAsync>d__13::MoveNext()
DA:67,3
DA:69,3
DA:70,3
DA:71,1
DA:72,1
DA:73,1
DA:74,1
DA:77,2
DA:78,2
DA:79,2
DA:80,2
DA:81,2
DA:82,2
DA:83,2
DA:84,2
DA:86,2
DA:87,1
DA:88,1
DA:89,1
DA:90,1
DA:93,1
DA:94,1
DA:95,1
DA:97,0
DA:98,0
DA:99,0
DA:100,0
DA:101,0
DA:102,0
DA:104,3
BRDA:70,49,0,1
BRDA:70,49,1,2
BRDA:86,302,0,1
BRDA:86,302,1,1
LF:64
LH:50
BRF:16
BRH:13
FNF:6
FNH:6
end_of_record
SF:/modernize-data/studio-data/TNT1001/APP1170/transformed-code/354/studio-workspace/Hospital2301cmp/src/ClinicManagement.Web/Pages/Index.cshtml
FN:3,System.Void ClinicManagement.Web.Pages.Pages_Index/<ExecuteAsync>d__12::MoveNext()
FNDA:0,System.Void ClinicManagement.Web.Pages.Pages_Index/<ExecuteAsync>d__12::MoveNext()
DA:4,0
DA:74,0
DA:75,0
DA:79,0
BRDA:4,541,0,0
BRDA:4,541,1,0
BRDA:4,1159,0,0
BRDA:4,1159,1,0
BRDA:74,1372,0,0
BRDA:75,1499,0,0
BRDA:75,1499,1,0
BRDA:74,1372,1,0
LF:4
LH:0
BRF:8
BRH:0
FNF:1
FNH:0
end_of_record
SF:/modernize-data/studio-data/TNT1001/APP1170/transformed-code/354/studio-workspace/Hospital2301cmp/src/ClinicManagement.Web/Pages/_ViewStart.cshtml
FN:1,System.Void ClinicManagement.Web.Pages.Pages__ViewStart/<ExecuteAsync>d__0::MoveNext()
FNDA:0,System.Void ClinicManagement.Web.Pages.Pages__ViewStart/<ExecuteAsync>d__0::MoveNext()
DA:2,0
LF:1
LH:0
BRF:0
BRH:0
FNF:1
FNH:0
end_of_record
SF:/modernize-data/studio-data/TNT1001/APP1170/transformed-code/354/studio-workspace/Hospital2301cmp/src/ClinicManagement.Web/Pages/Shared/_Layout.cshtml
FN:19,System.Void ClinicManagement.Web.Pages.Shared.Pages_Shared__Layout/<<ExecuteAsync>b__14_1>d::MoveNext()
FNDA:0,System.Void ClinicManagement.Web.Pages.Shared.Pages_Shared__Layout/<<ExecuteAsync>b__14_1>d::MoveNext()
DA:20,0
DA:21,0
DA:26,0
DA:27,0
DA:28,0
DA:32,0
DA:33,0
DA:34,0
DA:38,0
BRDA:20,98,0,0
BRDA:20,98,1,0
BRDA:27,159,0,0
BRDA:27,159,1,0
BRDA:33,220,0,0
BRDA:33,220,1,0
BRDA:38,737,0,0
BRDA:38,737,1,0
LF:9
LH:0
BRF:8
BRH:0
FNF:1
FNH:0
end_of_record
SF:/modernize-data/studio-data/TNT1001/APP1170/transformed-code/354/studio-workspace/Hospital2301cmp/src/ClinicManagement.Web/Pages/Patient/PatientHome.cshtml.cs
FN:17,System.String ClinicManagement.Web.Pages.Patient.PatientHomeModel::get_PatientName()
FNDA:12,System.String ClinicManagement.Web.Pages.Patient.PatientHomeModel::get_PatientName()
DA:18,12
FN:11,System.Void ClinicManagement.Web.Pages.Patient.PatientHomeModel::.ctor(ClinicManagement.Domain.Interfaces.Repositories.IPatientRepository,Microsoft.Extensions.Logging.ILogger`1<ClinicManagement.Web.Pages.Patient.PatientHomeModel>)
FNDA:7,System.Void ClinicManagement.Web.Pages.Patient.PatientHomeModel::.ctor(ClinicManagement.Domain.Interfaces.Repositories.IPatientRepository,Microsoft.Extensions.Logging.ILogger`1<ClinicManagement.Web.Pages.Patient.PatientHomeModel>)
DA:12,7
DA:13,7
DA:14,7
DA:15,6
DA:16,5
BRDA:14,22,0,1
BRDA:14,22,1,6
BRDA:15,44,0,1
BRDA:15,44,1,5
FN:20,System.Void ClinicManagement.Web.Pages.Patient.PatientHomeModel/<OnGetAsync>d__7::MoveNext()
FNDA:3,System.Void ClinicManagement.Web.Pages.Patient.PatientHomeModel/<OnGetAsync>d__7::MoveNext()
DA:21,3
DA:22,3
DA:23,3
DA:24,1
DA:25,1
DA:29,2
DA:30,2
DA:31,2
DA:32,0
DA:33,0
DA:34,0
DA:35,2
DA:36,0
DA:37,0
DA:38,0
DA:39,0
DA:41,2
DA:42,3
BRDA:23,63,0,1
BRDA:23,63,1,2
BRDA:31,262,0,0
BRDA:31,262,1,2
LF:24
LH:17
BRF:8
BRH:7
FNF:3
FNH:3
end_of_record
SF:/modernize-data/studio-data/TNT1001/APP1170/transformed-code/354/studio-workspace/Hospital2301cmp/src/ClinicManagement.Web/Pages/Patient/PatientHome.cshtml
FN:3,System.Void ClinicManagement.Web.Pages.Patient.Pages_Patient_PatientHome/<ExecuteAsync>d__0::MoveNext()
FNDA:0,System.Void ClinicManagement.Web.Pages.Patient.Pages_Patient_PatientHome/<ExecuteAsync>d__0::MoveNext()
DA:4,0
LF:1
LH:0
BRF:0
BRH:0
FNF:1
FNH:0
end_of_record
SF:/home/studioai/.nuget/packages/microsoft.net.test.sdk/17.8.0/build/netcoreapp3.1/Microsoft.NET.Test.Sdk.Program.cs
FN:3,System.Void AutoGeneratedProgram::Main(System.String[])
FNDA:0,System.Void AutoGeneratedProgram::Main(System.String[])
DA:4,0
LF:1
LH:0
BRF:0
BRH:0
FNF:1
FNH:0
end_of_record
SF:/modernize-data/studio-data/TNT1001/APP1170/transformed-code/354/studio-workspace/Hospital2301cmp/src/ClinicManagement.Domain/Entities/Appointment.cs
FN:7,System.Int32 ClinicManagement.Domain.Entities.Appointment::get_Id()
FNDA:26,System.Int32 ClinicManagement.Domain.Entities.Appointment::get_Id()
DA:8,26
FN:8,System.Int32 ClinicManagement.Domain.Entities.Appointment::get_PatientId()
FNDA:24,System.Int32 ClinicManagement.Domain.Entities.Appointment::get_PatientId()
DA:9,24
FN:9,System.Int32 ClinicManagement.Domain.Entities.Appointment::get_DoctorId()
FNDA:24,System.Int32 ClinicManagement.Domain.Entities.Appointment::get_DoctorId()
DA:10,24
FN:10,System.DateTime ClinicManagement.Domain.Entities.Appointment::get_AppointmentDate()
FNDA:2,System.DateTime ClinicManagement.Domain.Entities.Appointment::get_AppointmentDate()
DA:11,2
FN:11,System.String ClinicManagement.Domain.Entities.Appointment::get_TimeSlot()
FNDA:39,System.String ClinicManagement.Domain.Entities.Appointment::get_TimeSlot()
DA:12,39
FN:12,System.String ClinicManagement.Domain.Entities.Appointment::get_Status()
FNDA:71,System.String ClinicManagement.Domain.Entities.Appointment::get_Status()
DA:13,71
FN:13,System.String ClinicManagement.Domain.Entities.Appointment::get_Symptoms()
FNDA:7,System.String ClinicManagement.Domain.Entities.Appointment::get_Symptoms()
DA:14,7
FN:14,System.String ClinicManagement.Domain.Entities.Appointment::get_Notes()
FNDA:7,System.String ClinicManagement.Domain.Entities.Appointment::get_Notes()
DA:15,7
FN:15,System.DateTime ClinicManagement.Domain.Entities.Appointment::get_CreatedDate()
FNDA:4,System.DateTime ClinicManagement.Domain.Entities.Appointment::get_CreatedDate()
DA:16,4
FN:16,System.Nullable`1<System.DateTime> ClinicManagement.Domain.Entities.Appointment::get_ModifiedDate()
FNDA:8,System.Nullable`1<System.DateTime> ClinicManagement.Domain.Entities.Appointment::get_ModifiedDate()
DA:17,8
FN:17,System.Boolean ClinicManagement.Domain.Entities.Appointment::get_IsActive()
FNDA:26,System.Boolean ClinicManagement.Domain.Entities.Appointment::get_IsActive()
DA:18,26
FN:18,System.String ClinicManagement.Domain.Entities.Appointment::get_CreatedBy()
FNDA:39,System.String ClinicManagement.Domain.Entities.Appointment::get_CreatedBy()
DA:19,39
FN:19,System.String ClinicManagement.Domain.Entities.Appointment::get_ModifiedBy()
FNDA:4,System.String ClinicManagement.Domain.Entities.Appointment::get_ModifiedBy()
DA:20,4
FN:22,ClinicManagement.Domain.Entities.Patient ClinicManagement.Domain.Entities.Appointment::get_Patient()
FNDA:39,ClinicManagement.Domain.Entities.Patient ClinicManagement.Domain.Entities.Appointment::get_Patient()
DA:23,39
FN:23,ClinicManagement.Domain.Entities.Doctor ClinicManagement.Domain.Entities.Appointment::get_Doctor()
FNDA:39,ClinicManagement.Domain.Entities.Doctor ClinicManagement.Domain.Entities.Appointment::get_Doctor()
DA:24,39
FN:24,ClinicManagement.Domain.Entities.TreatmentHistory ClinicManagement.Domain.Entities.Appointment::get_TreatmentHistory()
FNDA:4,ClinicManagement.Domain.Entities.TreatmentHistory ClinicManagement.Domain.Entities.Appointment::get_TreatmentHistory()
DA:25,4
LF:16
LH:16
BRF:0
BRH:0
FNF:16
FNH:16
end_of_record
SF:/modernize-data/studio-data/TNT1001/APP1170/transformed-code/354/studio-workspace/Hospital2301cmp/src/ClinicManagement.Domain/Entities/Bill.cs
FN:7,System.Int32 ClinicManagement.Domain.Entities.Bill::get_Id()
FNDA:5,System.Int32 ClinicManagement.Domain.Entities.Bill::get_Id()
DA:8,5
FN:8,System.Int32 ClinicManagement.Domain.Entities.Bill::get_PatientId()
FNDA:5,System.Int32 ClinicManagement.Domain.Entities.Bill::get_PatientId()
DA:9,5
FN:9,System.Int32 ClinicManagement.Domain.Entities.Bill::get_AppointmentId()
FNDA:4,System.Int32 ClinicManagement.Domain.Entities.Bill::get_AppointmentId()
DA:10,4
FN:10,System.Decimal ClinicManagement.Domain.Entities.Bill::get_ConsultationFee()
FNDA:6,System.Decimal ClinicManagement.Domain.Entities.Bill::get_ConsultationFee()
DA:11,6
FN:11,System.Nullable`1<System.Decimal> ClinicManagement.Domain.Entities.Bill::get_TestCharges()
FNDA:10,System.Nullable`1<System.Decimal> ClinicManagement.Domain.Entities.Bill::get_TestCharges()
DA:12,10
FN:12,System.Nullable`1<System.Decimal> ClinicManagement.Domain.Entities.Bill::get_MedicineCharges()
FNDA:10,System.Nullable`1<System.Decimal> ClinicManagement.Domain.Entities.Bill::get_MedicineCharges()
DA:13,10
FN:13,System.Nullable`1<System.Decimal> ClinicManagement.Domain.Entities.Bill::get_OtherCharges()
FNDA:10,System.Nullable`1<System.Decimal> ClinicManagement.Domain.Entities.Bill::get_OtherCharges()
DA:14,10
FN:14,System.Decimal ClinicManagement.Domain.Entities.Bill::get_TotalAmount()
FNDA:11,System.Decimal ClinicManagement.Domain.Entities.Bill::get_TotalAmount()
DA:15,11
FN:15,System.String ClinicManagement.Domain.Entities.Bill::get_PaymentStatus()
FNDA:30,System.String ClinicManagement.Domain.Entities.Bill::get_PaymentStatus()
DA:16,30
FN:16,System.Nullable`1<System.DateTime> ClinicManagement.Domain.Entities.Bill::get_PaymentDate()
FNDA:7,System.Nullable`1<System.DateTime> ClinicManagement.Domain.Entities.Bill::get_PaymentDate()
DA:17,7
FN:17,System.String ClinicManagement.Domain.Entities.Bill::get_PaymentMethod()
FNDA:7,System.String ClinicManagement.Domain.Entities.Bill::get_PaymentMethod()
DA:18,7
FN:18,System.DateTime ClinicManagement.Domain.Entities.Bill::get_CreatedDate()
FNDA:2,System.DateTime ClinicManagement.Domain.Entities.Bill::get_CreatedDate()
DA:19,2
FN:19,System.Nullable`1<System.DateTime> ClinicManagement.Domain.Entities.Bill::get_ModifiedDate()
FNDA:4,System.Nullable`1<System.DateTime> ClinicManagement.Domain.Entities.Bill::get_ModifiedDate()
DA:20,4
FN:20,System.Boolean ClinicManagement.Domain.Entities.Bill::get_IsActive()
FNDA:4,System.Boolean ClinicManagement.Domain.Entities.Bill::get_IsActive()
DA:21,4
FN:21,System.String ClinicManagement.Domain.Entities.Bill::get_CreatedBy()
FNDA:22,System.String ClinicManagement.Domain.Entities.Bill::get_CreatedBy()
DA:22,22
FN:22,System.String ClinicManagement.Domain.Entities.Bill::get_ModifiedBy()
FNDA:4,System.String ClinicManagement.Domain.Entities.Bill::get_ModifiedBy()
DA:23,4
FN:25,ClinicManagement.Domain.Entities.Patient ClinicManagement.Domain.Entities.Bill::get_Patient()
FNDA:22,ClinicManagement.Domain.Entities.Patient ClinicManagement.Domain.Entities.Bill::get_Patient()
DA:26,22
LF:17
LH:17
BRF:0
BRH:0
FNF:17
FNH:17
end_of_record
SF:/modernize-data/studio-data/TNT1001/APP1170/transformed-code/354/studio-workspace/Hospital2301cmp/src/ClinicManagement.Domain/Entities/Doctor.cs
FN:7,System.Int32 ClinicManagement.Domain.Entities.Doctor::get_Id()
FNDA:22,System.Int32 ClinicManagement.Domain.Entities.Doctor::get_Id()
DA:8,22
FN:8,System.String ClinicManagement.Domain.Entities.Doctor::get_Name()
FNDA:66,System.String ClinicManagement.Domain.Entities.Doctor::get_Name()
DA:9,66
FN:9,System.String ClinicManagement.Domain.Entities.Doctor::get_Email()
FNDA:62,System.String ClinicManagement.Domain.Entities.Doctor::get_Email()
DA:10,62
FN:10,System.String ClinicManagement.Domain.Entities.Doctor::get_PasswordHash()
FNDA:47,System.String ClinicManagement.Domain.Entities.Doctor::get_PasswordHash()
DA:11,47
FN:11,System.String ClinicManagement.Domain.Entities.Doctor::get_Specialization()
FNDA:70,System.String ClinicManagement.Domain.Entities.Doctor::get_Specialization()
DA:12,70
FN:12,System.String ClinicManagement.Domain.Entities.Doctor::get_PhoneNo()
FNDA:45,System.String ClinicManagement.Domain.Entities.Doctor::get_PhoneNo()
DA:13,45
FN:13,System.String ClinicManagement.Domain.Entities.Doctor::get_LicenseNumber()
FNDA:7,System.String ClinicManagement.Domain.Entities.Doctor::get_LicenseNumber()
DA:14,7
FN:14,System.Decimal ClinicManagement.Domain.Entities.Doctor::get_ConsultationFee()
FNDA:7,System.Decimal ClinicManagement.Domain.Entities.Doctor::get_ConsultationFee()
DA:15,7
FN:15,System.String ClinicManagement.Domain.Entities.Doctor::get_Experience()
FNDA:7,System.String ClinicManagement.Domain.Entities.Doctor::get_Experience()
DA:16,7
FN:16,System.String ClinicManagement.Domain.Entities.Doctor::get_Qualification()
FNDA:7,System.String ClinicManagement.Domain.Entities.Doctor::get_Qualification()
DA:17,7
FN:17,System.DateTime ClinicManagement.Domain.Entities.Doctor::get_CreatedDate()
FNDA:4,System.DateTime ClinicManagement.Domain.Entities.Doctor::get_CreatedDate()
DA:18,4
FN:18,System.Nullable`1<System.DateTime> ClinicManagement.Domain.Entities.Doctor::get_ModifiedDate()
FNDA:8,System.Nullable`1<System.DateTime> ClinicManagement.Domain.Entities.Doctor::get_ModifiedDate()
DA:19,8
FN:19,System.Boolean ClinicManagement.Domain.Entities.Doctor::get_IsActive()
FNDA:23,System.Boolean ClinicManagement.Domain.Entities.Doctor::get_IsActive()
DA:20,23
FN:20,System.String ClinicManagement.Domain.Entities.Doctor::get_CreatedBy()
FNDA:45,System.String ClinicManagement.Domain.Entities.Doctor::get_CreatedBy()
DA:21,45
FN:21,System.String ClinicManagement.Domain.Entities.Doctor::get_ModifiedBy()
FNDA:4,System.String ClinicManagement.Domain.Entities.Doctor::get_ModifiedBy()
DA:22,4
FN:24,System.Collections.Generic.ICollection`1<ClinicManagement.Domain.Entities.Appointment> ClinicManagement.Domain.Entities.Doctor::get_Appointments()
FNDA:49,System.Collections.Generic.ICollection`1<ClinicManagement.Domain.Entities.Appointment> ClinicManagement.Domain.Entities.Doctor::get_Appointments()
DA:25,49
FN:25,System.Collections.Generic.ICollection`1<ClinicManagement.Domain.Entities.TreatmentHistory> ClinicManagement.Domain.Entities.Doctor::get_TreatmentHistories()
FNDA:49,System.Collections.Generic.ICollection`1<ClinicManagement.Domain.Entities.TreatmentHistory> ClinicManagement.Domain.Entities.Doctor::get_TreatmentHistories()
DA:26,49
LF:17
LH:17
BRF:0
BRH:0
FNF:17
FNH:17
end_of_record
SF:/modernize-data/studio-data/TNT1001/APP1170/transformed-code/354/studio-workspace/Hospital2301cmp/src/ClinicManagement.Domain/Entities/Feedback.cs
FN:7,System.Int32 ClinicManagement.Domain.Entities.Feedback::get_Id()
FNDA:4,System.Int32 ClinicManagement.Domain.Entities.Feedback::get_Id()
DA:8,4
FN:8,System.Int32 ClinicManagement.Domain.Entities.Feedback::get_PatientId()
FNDA:4,System.Int32 ClinicManagement.Domain.Entities.Feedback::get_PatientId()
DA:9,4
FN:9,System.Nullable`1<System.Int32> ClinicManagement.Domain.Entities.Feedback::get_DoctorId()
FNDA:7,System.Nullable`1<System.Int32> ClinicManagement.Domain.Entities.Feedback::get_DoctorId()
DA:10,7
FN:10,System.String ClinicManagement.Domain.Entities.Feedback::get_Subject()
FNDA:25,System.String ClinicManagement.Domain.Entities.Feedback::get_Subject()
DA:11,25
FN:11,System.String ClinicManagement.Domain.Entities.Feedback::get_Message()
FNDA:24,System.String ClinicManagement.Domain.Entities.Feedback::get_Message()
DA:12,24
FN:12,System.Nullable`1<System.Int32> ClinicManagement.Domain.Entities.Feedback::get_Rating()
FNDA:17,System.Nullable`1<System.Int32> ClinicManagement.Domain.Entities.Feedback::get_Rating()
DA:13,17
FN:13,System.String ClinicManagement.Domain.Entities.Feedback::get_Status()
FNDA:29,System.String ClinicManagement.Domain.Entities.Feedback::get_Status()
DA:14,29
FN:14,System.DateTime ClinicManagement.Domain.Entities.Feedback::get_CreatedDate()
FNDA:2,System.DateTime ClinicManagement.Domain.Entities.Feedback::get_CreatedDate()
DA:15,2
FN:15,System.Nullable`1<System.DateTime> ClinicManagement.Domain.Entities.Feedback::get_ModifiedDate()
FNDA:4,System.Nullable`1<System.DateTime> ClinicManagement.Domain.Entities.Feedback::get_ModifiedDate()
DA:16,4
FN:16,System.Boolean ClinicManagement.Domain.Entities.Feedback::get_IsActive()
FNDA:4,System.Boolean ClinicManagement.Domain.Entities.Feedback::get_IsActive()
DA:17,4
FN:17,System.String ClinicManagement.Domain.Entities.Feedback::get_CreatedBy()
FNDA:21,System.String ClinicManagement.Domain.Entities.Feedback::get_CreatedBy()
DA:18,21
FN:18,System.String ClinicManagement.Domain.Entities.Feedback::get_ModifiedBy()
FNDA:4,System.String ClinicManagement.Domain.Entities.Feedback::get_ModifiedBy()
DA:19,4
FN:21,ClinicManagement.Domain.Entities.Patient ClinicManagement.Domain.Entities.Feedback::get_Patient()
FNDA:21,ClinicManagement.Domain.Entities.Patient ClinicManagement.Domain.Entities.Feedback::get_Patient()
DA:22,21
LF:13
LH:13
BRF:0
BRH:0
FNF:13
FNH:13
end_of_record
SF:/modernize-data/studio-data/TNT1001/APP1170/transformed-code/354/studio-workspace/Hospital2301cmp/src/ClinicManagement.Domain/Entities/Notification.cs
FN:7,System.Int32 ClinicManagement.Domain.Entities.Notification::get_Id()
FNDA:4,System.Int32 ClinicManagement.Domain.Entities.Notification::get_Id()
DA:8,4
FN:8,System.Nullable`1<System.Int32> ClinicManagement.Domain.Entities.Notification::get_PatientId()
FNDA:7,System.Nullable`1<System.Int32> ClinicManagement.Domain.Entities.Notification::get_PatientId()
DA:9,7
FN:9,System.Nullable`1<System.Int32> ClinicManagement.Domain.Entities.Notification::get_DoctorId()
FNDA:7,System.Nullable`1<System.Int32> ClinicManagement.Domain.Entities.Notification::get_DoctorId()
DA:10,7
FN:10,System.String ClinicManagement.Domain.Entities.Notification::get_Title()
FNDA:20,System.String ClinicManagement.Domain.Entities.Notification::get_Title()
DA:11,20
FN:11,System.String ClinicManagement.Domain.Entities.Notification::get_Message()
FNDA:19,System.String ClinicManagement.Domain.Entities.Notification::get_Message()
DA:12,19
FN:12,System.String ClinicManagement.Domain.Entities.Notification::get_Type()
FNDA:28,System.String ClinicManagement.Domain.Entities.Notification::get_Type()
DA:13,28
FN:13,System.Boolean ClinicManagement.Domain.Entities.Notification::get_IsRead()
FNDA:7,System.Boolean ClinicManagement.Domain.Entities.Notification::get_IsRead()
DA:14,7
FN:14,System.DateTime ClinicManagement.Domain.Entities.Notification::get_CreatedDate()
FNDA:2,System.DateTime ClinicManagement.Domain.Entities.Notification::get_CreatedDate()
DA:15,2
FN:15,System.Nullable`1<System.DateTime> ClinicManagement.Domain.Entities.Notification::get_ModifiedDate()
FNDA:4,System.Nullable`1<System.DateTime> ClinicManagement.Domain.Entities.Notification::get_ModifiedDate()
DA:16,4
FN:16,System.Boolean ClinicManagement.Domain.Entities.Notification::get_IsActive()
FNDA:4,System.Boolean ClinicManagement.Domain.Entities.Notification::get_IsActive()
DA:17,4
FN:17,System.String ClinicManagement.Domain.Entities.Notification::get_CreatedBy()
FNDA:18,System.String ClinicManagement.Domain.Entities.Notification::get_CreatedBy()
DA:18,18
FN:18,System.String ClinicManagement.Domain.Entities.Notification::get_ModifiedBy()
FNDA:4,System.String ClinicManagement.Domain.Entities.Notification::get_ModifiedBy()
DA:19,4
FN:21,ClinicManagement.Domain.Entities.Patient ClinicManagement.Domain.Entities.Notification::get_Patient()
FNDA:4,ClinicManagement.Domain.Entities.Patient ClinicManagement.Domain.Entities.Notification::get_Patient()
DA:22,4
LF:13
LH:13
BRF:0
BRH:0
FNF:13
FNH:13
end_of_record
SF:/modernize-data/studio-data/TNT1001/APP1170/transformed-code/354/studio-workspace/Hospital2301cmp/src/ClinicManagement.Domain/Entities/Patient.cs
FN:7,System.Int32 ClinicManagement.Domain.Entities.Patient::get_Id()
FNDA:33,System.Int32 ClinicManagement.Domain.Entities.Patient::get_Id()
DA:8,33
FN:8,System.String ClinicManagement.Domain.Entities.Patient::get_Name()
FNDA:80,System.String ClinicManagement.Domain.Entities.Patient::get_Name()
DA:9,80
FN:9,System.DateTime ClinicManagement.Domain.Entities.Patient::get_BirthDate()
FNDA:3,System.DateTime ClinicManagement.Domain.Entities.Patient::get_BirthDate()
DA:10,3
FN:10,System.String ClinicManagement.Domain.Entities.Patient::get_Email()
FNDA:80,System.String ClinicManagement.Domain.Entities.Patient::get_Email()
DA:11,80
FN:11,System.String ClinicManagement.Domain.Entities.Patient::get_PasswordHash()
FNDA:58,System.String ClinicManagement.Domain.Entities.Patient::get_PasswordHash()
DA:12,58
FN:12,System.String ClinicManagement.Domain.Entities.Patient::get_PhoneNo()
FNDA:56,System.String ClinicManagement.Domain.Entities.Patient::get_PhoneNo()
DA:13,56
FN:13,System.String ClinicManagement.Domain.Entities.Patient::get_Gender()
FNDA:60,System.String ClinicManagement.Domain.Entities.Patient::get_Gender()
DA:14,60
FN:14,System.String ClinicManagement.Domain.Entities.Patient::get_Address()
FNDA:54,System.String ClinicManagement.Domain.Entities.Patient::get_Address()
DA:15,54
FN:15,System.DateTime ClinicManagement.Domain.Entities.Patient::get_CreatedDate()
FNDA:5,System.DateTime ClinicManagement.Domain.Entities.Patient::get_CreatedDate()
DA:16,5
FN:16,System.Nullable`1<System.DateTime> ClinicManagement.Domain.Entities.Patient::get_ModifiedDate()
FNDA:8,System.Nullable`1<System.DateTime> ClinicManagement.Domain.Entities.Patient::get_ModifiedDate()
DA:17,8
FN:17,System.Boolean ClinicManagement.Domain.Entities.Patient::get_IsActive()
FNDA:26,System.Boolean ClinicManagement.Domain.Entities.Patient::get_IsActive()
DA:18,26
FN:18,System.String ClinicManagement.Domain.Entities.Patient::get_CreatedBy()
FNDA:55,System.String ClinicManagement.Domain.Entities.Patient::get_CreatedBy()
DA:19,55
FN:19,System.String ClinicManagement.Domain.Entities.Patient::get_ModifiedBy()
FNDA:4,System.String ClinicManagement.Domain.Entities.Patient::get_ModifiedBy()
DA:20,4
FN:22,System.Collections.Generic.ICollection`1<ClinicManagement.Domain.Entities.Appointment> ClinicManagement.Domain.Entities.Patient::get_Appointments()
FNDA:57,System.Collections.Generic.ICollection`1<ClinicManagement.Domain.Entities.Appointment> ClinicManagement.Domain.Entities.Patient::get_Appointments()
DA:23,57
FN:23,System.Collections.Generic.ICollection`1<ClinicManagement.Domain.Entities.Bill> ClinicManagement.Domain.Entities.Patient::get_Bills()
FNDA:57,System.Collections.Generic.ICollection`1<ClinicManagement.Domain.Entities.Bill> ClinicManagement.Domain.Entities.Patient::get_Bills()
DA:24,57
FN:24,System.Collections.Generic.ICollection`1<ClinicManagement.Domain.Entities.Feedback> ClinicManagement.Domain.Entities.Patient::get_Feedbacks()
FNDA:54,System.Collections.Generic.ICollection`1<ClinicManagement.Domain.Entities.Feedback> ClinicManagement.Domain.Entities.Patient::get_Feedbacks()
DA:25,54
FN:25,System.Collections.Generic.ICollection`1<ClinicManagement.Domain.Entities.Notification> ClinicManagement.Domain.Entities.Patient::get_Notifications()
FNDA:54,System.Collections.Generic.ICollection`1<ClinicManagement.Domain.Entities.Notification> ClinicManagement.Domain.Entities.Patient::get_Notifications()
DA:26,54
LF:17
LH:17
BRF:0
BRH:0
FNF:17
FNH:17
end_of_record
SF:/modernize-data/studio-data/TNT1001/APP1170/transformed-code/354/studio-workspace/Hospital2301cmp/src/ClinicManagement.Domain/Entities/Staff.cs
FN:7,System.Int32 ClinicManagement.Domain.Entities.Staff::get_Id()
FNDA:4,System.Int32 ClinicManagement.Domain.Entities.Staff::get_Id()
DA:8,4
FN:8,System.String ClinicManagement.Domain.Entities.Staff::get_Name()
FNDA:23,System.String ClinicManagement.Domain.Entities.Staff::get_Name()
DA:9,23
FN:9,System.String ClinicManagement.Domain.Entities.Staff::get_Email()
FNDA:24,System.String ClinicManagement.Domain.Entities.Staff::get_Email()
DA:10,24
FN:10,System.String ClinicManagement.Domain.Entities.Staff::get_PasswordHash()
FNDA:21,System.String ClinicManagement.Domain.Entities.Staff::get_PasswordHash()
DA:11,21
FN:11,System.String ClinicManagement.Domain.Entities.Staff::get_Role()
FNDA:30,System.String ClinicManagement.Domain.Entities.Staff::get_Role()
DA:12,30
FN:12,System.String ClinicManagement.Domain.Entities.Staff::get_PhoneNo()
FNDA:23,System.String ClinicManagement.Domain.Entities.Staff::get_PhoneNo()
DA:13,23
FN:13,System.String ClinicManagement.Domain.Entities.Staff::get_Department()
FNDA:15,System.String ClinicManagement.Domain.Entities.Staff::get_Department()
DA:14,15
FN:14,System.DateTime ClinicManagement.Domain.Entities.Staff::get_CreatedDate()
FNDA:2,System.DateTime ClinicManagement.Domain.Entities.Staff::get_CreatedDate()
DA:15,2
FN:15,System.Nullable`1<System.DateTime> ClinicManagement.Domain.Entities.Staff::get_ModifiedDate()
FNDA:4,System.Nullable`1<System.DateTime> ClinicManagement.Domain.Entities.Staff::get_ModifiedDate()
DA:16,4
FN:16,System.Boolean ClinicManagement.Domain.Entities.Staff::get_IsActive()
FNDA:5,System.Boolean ClinicManagement.Domain.Entities.Staff::get_IsActive()
DA:17,5
FN:17,System.String ClinicManagement.Domain.Entities.Staff::get_CreatedBy()
FNDA:22,System.String ClinicManagement.Domain.Entities.Staff::get_CreatedBy()
DA:18,22
FN:18,System.String ClinicManagement.Domain.Entities.Staff::get_ModifiedBy()
FNDA:4,System.String ClinicManagement.Domain.Entities.Staff::get_ModifiedBy()
DA:19,4
LF:12
LH:12
BRF:0
BRH:0
FNF:12
FNH:12
end_of_record
SF:/modernize-data/studio-data/TNT1001/APP1170/transformed-code/354/studio-workspace/Hospital2301cmp/src/ClinicManagement.Domain/Entities/TreatmentHistory.cs
FN:7,System.Int32 ClinicManagement.Domain.Entities.TreatmentHistory::get_Id()
FNDA:6,System.Int32 ClinicManagement.Domain.Entities.TreatmentHistory::get_Id()
DA:8,6
FN:8,System.Int32 ClinicManagement.Domain.Entities.TreatmentHistory::get_AppointmentId()
FNDA:4,System.Int32 ClinicManagement.Domain.Entities.TreatmentHistory::get_AppointmentId()
DA:9,4
FN:9,System.Int32 ClinicManagement.Domain.Entities.TreatmentHistory::get_PatientId()
FNDA:4,System.Int32 ClinicManagement.Domain.Entities.TreatmentHistory::get_PatientId()
DA:10,4
FN:10,System.Int32 ClinicManagement.Domain.Entities.TreatmentHistory::get_DoctorId()
FNDA:5,System.Int32 ClinicManagement.Domain.Entities.TreatmentHistory::get_DoctorId()
DA:11,5
FN:11,System.String ClinicManagement.Domain.Entities.TreatmentHistory::get_Diagnosis()
FNDA:24,System.String ClinicManagement.Domain.Entities.TreatmentHistory::get_Diagnosis()
DA:12,24
FN:12,System.String ClinicManagement.Domain.Entities.TreatmentHistory::get_Prescription()
FNDA:22,System.String ClinicManagement.Domain.Entities.TreatmentHistory::get_Prescription()
DA:13,22
FN:13,System.String ClinicManagement.Domain.Entities.TreatmentHistory::get_Tests()
FNDA:7,System.String ClinicManagement.Domain.Entities.TreatmentHistory::get_Tests()
DA:14,7
FN:14,System.String ClinicManagement.Domain.Entities.TreatmentHistory::get_Remarks()
FNDA:7,System.String ClinicManagement.Domain.Entities.TreatmentHistory::get_Remarks()
DA:15,7
FN:15,System.DateTime ClinicManagement.Domain.Entities.TreatmentHistory::get_TreatmentDate()
FNDA:2,System.DateTime ClinicManagement.Domain.Entities.TreatmentHistory::get_TreatmentDate()
DA:16,2
FN:16,System.DateTime ClinicManagement.Domain.Entities.TreatmentHistory::get_CreatedDate()
FNDA:2,System.DateTime ClinicManagement.Domain.Entities.TreatmentHistory::get_CreatedDate()
DA:17,2
FN:17,System.Nullable`1<System.DateTime> ClinicManagement.Domain.Entities.TreatmentHistory::get_ModifiedDate()
FNDA:4,System.Nullable`1<System.DateTime> ClinicManagement.Domain.Entities.TreatmentHistory::get_ModifiedDate()
DA:18,4
FN:18,System.Boolean ClinicManagement.Domain.Entities.TreatmentHistory::get_IsActive()
FNDA:4,System.Boolean ClinicManagement.Domain.Entities.TreatmentHistory::get_IsActive()
DA:19,4
FN:19,System.String ClinicManagement.Domain.Entities.TreatmentHistory::get_CreatedBy()
FNDA:16,System.String ClinicManagement.Domain.Entities.TreatmentHistory::get_CreatedBy()
DA:20,16
FN:20,System.String ClinicManagement.Domain.Entities.TreatmentHistory::get_ModifiedBy()
FNDA:4,System.String ClinicManagement.Domain.Entities.TreatmentHistory::get_ModifiedBy()
DA:21,4
FN:23,ClinicManagement.Domain.Entities.Appointment ClinicManagement.Domain.Entities.TreatmentHistory::get_Appointment()
FNDA:16,ClinicManagement.Domain.Entities.Appointment ClinicManagement.Domain.Entities.TreatmentHistory::get_Appointment()
DA:24,16
FN:24,ClinicManagement.Domain.Entities.Patient ClinicManagement.Domain.Entities.TreatmentHistory::get_Patient()
FNDA:16,ClinicManagement.Domain.Entities.Patient ClinicManagement.Domain.Entities.TreatmentHistory::get_Patient()
DA:25,16
FN:25,ClinicManagement.Domain.Entities.Doctor ClinicManagement.Domain.Entities.TreatmentHistory::get_Doctor()
FNDA:16,ClinicManagement.Domain.Entities.Doctor ClinicManagement.Domain.Entities.TreatmentHistory::get_Doctor()
DA:26,16
LF:17
LH:17
BRF:0
BRH:0
FNF:17
FNH:17
end_of_record