SF:/home/studioai/.nuget/packages/microsoft.net.test.sdk/17.8.0/build/netcoreapp3.1/Microsoft.NET.Test.Sdk.Program.cs
FN:3,System.Void AutoGeneratedProgram::Main(System.String[])
FNDA:0,System.Void AutoGeneratedProgram::Main(System.String[])
DA:4,0
LF:1
LH:0
BRF:0
BRH:0
FNF:1
FNH:0
end_of_record
SF:/modernize-data/studio-data/TNT1001/APP1010/transformed-code/8/studio-workspace/Hospital11NewCmp/src/HospitalManagement.Domain/Entities/Appointment.cs
FN:7,System.Int32 HospitalManagement.Domain.Entities.Appointment::get_Id()
FNDA:12,System.Int32 HospitalManagement.Domain.Entities.Appointment::get_Id()
DA:8,12
FN:8,System.Int32 HospitalManagement.Domain.Entities.Appointment::get_PatientId()
FNDA:5,System.Int32 HospitalManagement.Domain.Entities.Appointment::get_PatientId()
DA:9,5
FN:9,System.Int32 HospitalManagement.Domain.Entities.Appointment::get_DoctorId()
FNDA:5,System.Int32 HospitalManagement.Domain.Entities.Appointment::get_DoctorId()
DA:10,5
FN:10,System.DateTime HospitalManagement.Domain.Entities.Appointment::get_AppointmentDate()
FNDA:5,System.DateTime HospitalManagement.Domain.Entities.Appointment::get_AppointmentDate()
DA:11,5
FN:11,System.String HospitalManagement.Domain.Entities.Appointment::get_AppointmentTime()
FNDA:37,System.String HospitalManagement.Domain.Entities.Appointment::get_AppointmentTime()
DA:12,37
FN:12,System.String HospitalManagement.Domain.Entities.Appointment::get_Status()
FNDA:46,System.String HospitalManagement.Domain.Entities.Appointment::get_Status()
DA:13,46
FN:13,System.String HospitalManagement.Domain.Entities.Appointment::get_Symptoms()
FNDA:7,System.String HospitalManagement.Domain.Entities.Appointment::get_Symptoms()
DA:14,7
FN:14,System.String HospitalManagement.Domain.Entities.Appointment::get_Notes()
FNDA:7,System.String HospitalManagement.Domain.Entities.Appointment::get_Notes()
DA:15,7
FN:15,System.DateTime HospitalManagement.Domain.Entities.Appointment::get_CreatedDate()
FNDA:5,System.DateTime HospitalManagement.Domain.Entities.Appointment::get_CreatedDate()
DA:16,5
FN:16,System.Nullable`1<System.DateTime> HospitalManagement.Domain.Entities.Appointment::get_ModifiedDate()
FNDA:7,System.Nullable`1<System.DateTime> HospitalManagement.Domain.Entities.Appointment::get_ModifiedDate()
DA:17,7
FN:17,System.Boolean HospitalManagement.Domain.Entities.Appointment::get_IsActive()
FNDA:7,System.Boolean HospitalManagement.Domain.Entities.Appointment::get_IsActive()
DA:18,7
FN:18,System.String HospitalManagement.Domain.Entities.Appointment::get_CreatedBy()
FNDA:37,System.String HospitalManagement.Domain.Entities.Appointment::get_CreatedBy()
DA:19,37
FN:19,System.String HospitalManagement.Domain.Entities.Appointment::get_ModifiedBy()
FNDA:7,System.String HospitalManagement.Domain.Entities.Appointment::get_ModifiedBy()
DA:20,7
FN:22,HospitalManagement.Domain.Entities.Patient HospitalManagement.Domain.Entities.Appointment::get_Patient()
FNDA:8,HospitalManagement.Domain.Entities.Patient HospitalManagement.Domain.Entities.Appointment::get_Patient()
DA:23,8
FN:23,HospitalManagement.Domain.Entities.Doctor HospitalManagement.Domain.Entities.Appointment::get_Doctor()
FNDA:8,HospitalManagement.Domain.Entities.Doctor HospitalManagement.Domain.Entities.Appointment::get_Doctor()
DA:24,8
FN:24,System.Collections.Generic.ICollection`1<HospitalManagement.Domain.Entities.Treatment> HospitalManagement.Domain.Entities.Appointment::get_Treatments()
FNDA:37,System.Collections.Generic.ICollection`1<HospitalManagement.Domain.Entities.Treatment> HospitalManagement.Domain.Entities.Appointment::get_Treatments()
DA:25,37
LF:16
LH:16
BRF:0
BRH:0
FNF:16
FNH:16
end_of_record
SF:/modernize-data/studio-data/TNT1001/APP1010/transformed-code/8/studio-workspace/Hospital11NewCmp/src/HospitalManagement.Domain/Entities/Bill.cs
FN:7,System.Int32 HospitalManagement.Domain.Entities.Bill::get_Id()
FNDA:8,System.Int32 HospitalManagement.Domain.Entities.Bill::get_Id()
DA:8,8
FN:8,System.Int32 HospitalManagement.Domain.Entities.Bill::get_PatientId()
FNDA:5,System.Int32 HospitalManagement.Domain.Entities.Bill::get_PatientId()
DA:9,5
FN:9,System.DateTime HospitalManagement.Domain.Entities.Bill::get_BillDate()
FNDA:5,System.DateTime HospitalManagement.Domain.Entities.Bill::get_BillDate()
DA:10,5
FN:10,System.Decimal HospitalManagement.Domain.Entities.Bill::get_TotalAmount()
FNDA:19,System.Decimal HospitalManagement.Domain.Entities.Bill::get_TotalAmount()
DA:11,19
FN:11,System.Decimal HospitalManagement.Domain.Entities.Bill::get_PaidAmount()
FNDA:19,System.Decimal HospitalManagement.Domain.Entities.Bill::get_PaidAmount()
DA:12,19
FN:12,System.Decimal HospitalManagement.Domain.Entities.Bill::get_Balance()
FNDA:17,System.Decimal HospitalManagement.Domain.Entities.Bill::get_Balance()
DA:13,17
FN:13,System.String HospitalManagement.Domain.Entities.Bill::get_Status()
FNDA:44,System.String HospitalManagement.Domain.Entities.Bill::get_Status()
DA:14,44
FN:14,System.String HospitalManagement.Domain.Entities.Bill::get_Description()
FNDA:7,System.String HospitalManagement.Domain.Entities.Bill::get_Description()
DA:15,7
FN:15,System.DateTime HospitalManagement.Domain.Entities.Bill::get_CreatedDate()
FNDA:5,System.DateTime HospitalManagement.Domain.Entities.Bill::get_CreatedDate()
DA:16,5
FN:16,System.Nullable`1<System.DateTime> HospitalManagement.Domain.Entities.Bill::get_ModifiedDate()
FNDA:7,System.Nullable`1<System.DateTime> HospitalManagement.Domain.Entities.Bill::get_ModifiedDate()
DA:17,7
FN:17,System.Boolean HospitalManagement.Domain.Entities.Bill::get_IsActive()
FNDA:7,System.Boolean HospitalManagement.Domain.Entities.Bill::get_IsActive()
DA:18,7
FN:18,System.String HospitalManagement.Domain.Entities.Bill::get_CreatedBy()
FNDA:40,System.String HospitalManagement.Domain.Entities.Bill::get_CreatedBy()
DA:19,40
FN:19,System.String HospitalManagement.Domain.Entities.Bill::get_ModifiedBy()
FNDA:7,System.String HospitalManagement.Domain.Entities.Bill::get_ModifiedBy()
DA:20,7
FN:22,HospitalManagement.Domain.Entities.Patient HospitalManagement.Domain.Entities.Bill::get_Patient()
FNDA:8,HospitalManagement.Domain.Entities.Patient HospitalManagement.Domain.Entities.Bill::get_Patient()
DA:23,8
LF:14
LH:14
BRF:0
BRH:0
FNF:14
FNH:14
end_of_record
SF:/modernize-data/studio-data/TNT1001/APP1010/transformed-code/8/studio-workspace/Hospital11NewCmp/src/HospitalManagement.Domain/Entities/Department.cs
FN:7,System.Int32 HospitalManagement.Domain.Entities.Department::get_Id()
FNDA:8,System.Int32 HospitalManagement.Domain.Entities.Department::get_Id()
DA:8,8
FN:8,System.String HospitalManagement.Domain.Entities.Department::get_Name()
FNDA:43,System.String HospitalManagement.Domain.Entities.Department::get_Name()
DA:9,43
FN:9,System.String HospitalManagement.Domain.Entities.Department::get_Description()
FNDA:7,System.String HospitalManagement.Domain.Entities.Department::get_Description()
DA:10,7
FN:10,System.DateTime HospitalManagement.Domain.Entities.Department::get_CreatedDate()
FNDA:9,System.DateTime HospitalManagement.Domain.Entities.Department::get_CreatedDate()
DA:11,9
FN:11,System.Nullable`1<System.DateTime> HospitalManagement.Domain.Entities.Department::get_ModifiedDate()
FNDA:7,System.Nullable`1<System.DateTime> HospitalManagement.Domain.Entities.Department::get_ModifiedDate()
DA:12,7
FN:12,System.Boolean HospitalManagement.Domain.Entities.Department::get_IsActive()
FNDA:7,System.Boolean HospitalManagement.Domain.Entities.Department::get_IsActive()
DA:13,7
FN:13,System.String HospitalManagement.Domain.Entities.Department::get_CreatedBy()
FNDA:30,System.String HospitalManagement.Domain.Entities.Department::get_CreatedBy()
DA:14,30
FN:14,System.String HospitalManagement.Domain.Entities.Department::get_ModifiedBy()
FNDA:7,System.String HospitalManagement.Domain.Entities.Department::get_ModifiedBy()
DA:15,7
FN:17,System.Collections.Generic.ICollection`1<HospitalManagement.Domain.Entities.Doctor> HospitalManagement.Domain.Entities.Department::get_Doctors()
FNDA:37,System.Collections.Generic.ICollection`1<HospitalManagement.Domain.Entities.Doctor> HospitalManagement.Domain.Entities.Department::get_Doctors()
DA:18,37
LF:9
LH:9
BRF:0
BRH:0
FNF:9
FNH:9
end_of_record
SF:/modernize-data/studio-data/TNT1001/APP1010/transformed-code/8/studio-workspace/Hospital11NewCmp/src/HospitalManagement.Domain/Entities/Doctor.cs
FN:7,System.Int32 HospitalManagement.Domain.Entities.Doctor::get_Id()
FNDA:15,System.Int32 HospitalManagement.Domain.Entities.Doctor::get_Id()
DA:8,15
FN:8,System.String HospitalManagement.Domain.Entities.Doctor::get_FirstName()
FNDA:54,System.String HospitalManagement.Domain.Entities.Doctor::get_FirstName()
DA:9,54
FN:9,System.String HospitalManagement.Domain.Entities.Doctor::get_LastName()
FNDA:54,System.String HospitalManagement.Domain.Entities.Doctor::get_LastName()
DA:10,54
FN:10,System.String HospitalManagement.Domain.Entities.Doctor::get_Email()
FNDA:44,System.String HospitalManagement.Domain.Entities.Doctor::get_Email()
DA:11,44
FN:11,System.String HospitalManagement.Domain.Entities.Doctor::get_Password()
FNDA:44,System.String HospitalManagement.Domain.Entities.Doctor::get_Password()
DA:12,44
FN:12,System.String HospitalManagement.Domain.Entities.Doctor::get_Gender()
FNDA:44,System.String HospitalManagement.Domain.Entities.Doctor::get_Gender()
DA:13,44
FN:13,System.DateTime HospitalManagement.Domain.Entities.Doctor::get_DateOfBirth()
FNDA:4,System.DateTime HospitalManagement.Domain.Entities.Doctor::get_DateOfBirth()
DA:14,4
FN:14,System.String HospitalManagement.Domain.Entities.Doctor::get_ContactNumber()
FNDA:44,System.String HospitalManagement.Domain.Entities.Doctor::get_ContactNumber()
DA:15,44
FN:15,System.String HospitalManagement.Domain.Entities.Doctor::get_Address()
FNDA:44,System.String HospitalManagement.Domain.Entities.Doctor::get_Address()
DA:16,44
FN:16,System.Int32 HospitalManagement.Domain.Entities.Doctor::get_Experience()
FNDA:9,System.Int32 HospitalManagement.Domain.Entities.Doctor::get_Experience()
DA:17,9
FN:17,System.Decimal HospitalManagement.Domain.Entities.Doctor::get_Salary()
FNDA:7,System.Decimal HospitalManagement.Domain.Entities.Doctor::get_Salary()
DA:18,7
FN:18,System.Decimal HospitalManagement.Domain.Entities.Doctor::get_ChargesPerVisit()
FNDA:5,System.Decimal HospitalManagement.Domain.Entities.Doctor::get_ChargesPerVisit()
DA:19,5
FN:19,System.Int32 HospitalManagement.Domain.Entities.Doctor::get_DepartmentId()
FNDA:5,System.Int32 HospitalManagement.Domain.Entities.Doctor::get_DepartmentId()
DA:20,5
FN:20,System.String HospitalManagement.Domain.Entities.Doctor::get_Specialization()
FNDA:44,System.String HospitalManagement.Domain.Entities.Doctor::get_Specialization()
DA:21,44
FN:21,System.String HospitalManagement.Domain.Entities.Doctor::get_Qualification()
FNDA:44,System.String HospitalManagement.Domain.Entities.Doctor::get_Qualification()
DA:22,44
FN:22,System.DateTime HospitalManagement.Domain.Entities.Doctor::get_CreatedDate()
FNDA:3,System.DateTime HospitalManagement.Domain.Entities.Doctor::get_CreatedDate()
DA:23,3
FN:23,System.Nullable`1<System.DateTime> HospitalManagement.Domain.Entities.Doctor::get_ModifiedDate()
FNDA:5,System.Nullable`1<System.DateTime> HospitalManagement.Domain.Entities.Doctor::get_ModifiedDate()
DA:24,5
FN:24,System.Boolean HospitalManagement.Domain.Entities.Doctor::get_IsActive()
FNDA:7,System.Boolean HospitalManagement.Domain.Entities.Doctor::get_IsActive()
DA:25,7
FN:25,System.String HospitalManagement.Domain.Entities.Doctor::get_CreatedBy()
FNDA:44,System.String HospitalManagement.Domain.Entities.Doctor::get_CreatedBy()
DA:26,44
FN:26,System.String HospitalManagement.Domain.Entities.Doctor::get_ModifiedBy()
FNDA:7,System.String HospitalManagement.Domain.Entities.Doctor::get_ModifiedBy()
DA:27,7
FN:29,HospitalManagement.Domain.Entities.Department HospitalManagement.Domain.Entities.Doctor::get_Department()
FNDA:7,HospitalManagement.Domain.Entities.Department HospitalManagement.Domain.Entities.Doctor::get_Department()
DA:30,7
FN:30,System.Collections.Generic.ICollection`1<HospitalManagement.Domain.Entities.Appointment> HospitalManagement.Domain.Entities.Doctor::get_Appointments()
FNDA:44,System.Collections.Generic.ICollection`1<HospitalManagement.Domain.Entities.Appointment> HospitalManagement.Domain.Entities.Doctor::get_Appointments()
DA:31,44
FN:31,System.Collections.Generic.ICollection`1<HospitalManagement.Domain.Entities.Treatment> HospitalManagement.Domain.Entities.Doctor::get_Treatments()
FNDA:44,System.Collections.Generic.ICollection`1<HospitalManagement.Domain.Entities.Treatment> HospitalManagement.Domain.Entities.Doctor::get_Treatments()
DA:32,44
LF:23
LH:23
BRF:0
BRH:0
FNF:23
FNH:23
end_of_record
SF:/modernize-data/studio-data/TNT1001/APP1010/transformed-code/8/studio-workspace/Hospital11NewCmp/src/HospitalManagement.Domain/Entities/Patient.cs
FN:7,System.Int32 HospitalManagement.Domain.Entities.Patient::get_Id()
FNDA:14,System.Int32 HospitalManagement.Domain.Entities.Patient::get_Id()
DA:8,14
FN:8,System.String HospitalManagement.Domain.Entities.Patient::get_FirstName()
FNDA:46,System.String HospitalManagement.Domain.Entities.Patient::get_FirstName()
DA:9,46
FN:9,System.String HospitalManagement.Domain.Entities.Patient::get_LastName()
FNDA:46,System.String HospitalManagement.Domain.Entities.Patient::get_LastName()
DA:10,46
FN:10,System.String HospitalManagement.Domain.Entities.Patient::get_Email()
FNDA:37,System.String HospitalManagement.Domain.Entities.Patient::get_Email()
DA:11,37
FN:11,System.String HospitalManagement.Domain.Entities.Patient::get_Password()
FNDA:37,System.String HospitalManagement.Domain.Entities.Patient::get_Password()
DA:12,37
FN:12,System.String HospitalManagement.Domain.Entities.Patient::get_Gender()
FNDA:37,System.String HospitalManagement.Domain.Entities.Patient::get_Gender()
DA:13,37
FN:13,System.DateTime HospitalManagement.Domain.Entities.Patient::get_DateOfBirth()
FNDA:5,System.DateTime HospitalManagement.Domain.Entities.Patient::get_DateOfBirth()
DA:14,5
FN:14,System.String HospitalManagement.Domain.Entities.Patient::get_ContactNumber()
FNDA:37,System.String HospitalManagement.Domain.Entities.Patient::get_ContactNumber()
DA:15,37
FN:15,System.String HospitalManagement.Domain.Entities.Patient::get_Address()
FNDA:37,System.String HospitalManagement.Domain.Entities.Patient::get_Address()
DA:16,37
FN:16,System.String HospitalManagement.Domain.Entities.Patient::get_BloodGroup()
FNDA:41,System.String HospitalManagement.Domain.Entities.Patient::get_BloodGroup()
DA:17,41
FN:17,System.DateTime HospitalManagement.Domain.Entities.Patient::get_CreatedDate()
FNDA:5,System.DateTime HospitalManagement.Domain.Entities.Patient::get_CreatedDate()
DA:18,5
FN:18,System.Nullable`1<System.DateTime> HospitalManagement.Domain.Entities.Patient::get_ModifiedDate()
FNDA:7,System.Nullable`1<System.DateTime> HospitalManagement.Domain.Entities.Patient::get_ModifiedDate()
DA:19,7
FN:19,System.Boolean HospitalManagement.Domain.Entities.Patient::get_IsActive()
FNDA:7,System.Boolean HospitalManagement.Domain.Entities.Patient::get_IsActive()
DA:20,7
FN:20,System.String HospitalManagement.Domain.Entities.Patient::get_CreatedBy()
FNDA:37,System.String HospitalManagement.Domain.Entities.Patient::get_CreatedBy()
DA:21,37
FN:21,System.String HospitalManagement.Domain.Entities.Patient::get_ModifiedBy()
FNDA:7,System.String HospitalManagement.Domain.Entities.Patient::get_ModifiedBy()
DA:22,7
FN:24,System.Collections.Generic.ICollection`1<HospitalManagement.Domain.Entities.Appointment> HospitalManagement.Domain.Entities.Patient::get_Appointments()
FNDA:40,System.Collections.Generic.ICollection`1<HospitalManagement.Domain.Entities.Appointment> HospitalManagement.Domain.Entities.Patient::get_Appointments()
DA:25,40
FN:25,System.Collections.Generic.ICollection`1<HospitalManagement.Domain.Entities.Treatment> HospitalManagement.Domain.Entities.Patient::get_Treatments()
FNDA:40,System.Collections.Generic.ICollection`1<HospitalManagement.Domain.Entities.Treatment> HospitalManagement.Domain.Entities.Patient::get_Treatments()
DA:26,40
FN:26,System.Collections.Generic.ICollection`1<HospitalManagement.Domain.Entities.Bill> HospitalManagement.Domain.Entities.Patient::get_Bills()
FNDA:40,System.Collections.Generic.ICollection`1<HospitalManagement.Domain.Entities.Bill> HospitalManagement.Domain.Entities.Patient::get_Bills()
DA:27,40
LF:18
LH:18
BRF:0
BRH:0
FNF:18
FNH:18
end_of_record
SF:/modernize-data/studio-data/TNT1001/APP1010/transformed-code/8/studio-workspace/Hospital11NewCmp/src/HospitalManagement.Domain/Entities/Treatment.cs
FN:7,System.Int32 HospitalManagement.Domain.Entities.Treatment::get_Id()
FNDA:10,System.Int32 HospitalManagement.Domain.Entities.Treatment::get_Id()
DA:8,10
FN:8,System.Int32 HospitalManagement.Domain.Entities.Treatment::get_PatientId()
FNDA:5,System.Int32 HospitalManagement.Domain.Entities.Treatment::get_PatientId()
DA:9,5
FN:9,System.Int32 HospitalManagement.Domain.Entities.Treatment::get_DoctorId()
FNDA:5,System.Int32 HospitalManagement.Domain.Entities.Treatment::get_DoctorId()
DA:10,5
FN:10,System.Nullable`1<System.Int32> HospitalManagement.Domain.Entities.Treatment::get_AppointmentId()
FNDA:7,System.Nullable`1<System.Int32> HospitalManagement.Domain.Entities.Treatment::get_AppointmentId()
DA:11,7
FN:11,System.DateTime HospitalManagement.Domain.Entities.Treatment::get_TreatmentDate()
FNDA:5,System.DateTime HospitalManagement.Domain.Entities.Treatment::get_TreatmentDate()
DA:12,5
FN:12,System.String HospitalManagement.Domain.Entities.Treatment::get_Diagnosis()
FNDA:47,System.String HospitalManagement.Domain.Entities.Treatment::get_Diagnosis()
DA:13,47
FN:13,System.String HospitalManagement.Domain.Entities.Treatment::get_Prescription()
FNDA:39,System.String HospitalManagement.Domain.Entities.Treatment::get_Prescription()
DA:14,39
FN:14,System.String HospitalManagement.Domain.Entities.Treatment::get_TestResults()
FNDA:7,System.String HospitalManagement.Domain.Entities.Treatment::get_TestResults()
DA:15,7
FN:15,System.String HospitalManagement.Domain.Entities.Treatment::get_Notes()
FNDA:7,System.String HospitalManagement.Domain.Entities.Treatment::get_Notes()
DA:16,7
FN:16,System.DateTime HospitalManagement.Domain.Entities.Treatment::get_CreatedDate()
FNDA:5,System.DateTime HospitalManagement.Domain.Entities.Treatment::get_CreatedDate()
DA:17,5
FN:17,System.Nullable`1<System.DateTime> HospitalManagement.Domain.Entities.Treatment::get_ModifiedDate()
FNDA:7,System.Nullable`1<System.DateTime> HospitalManagement.Domain.Entities.Treatment::get_ModifiedDate()
DA:18,7
FN:18,System.Boolean HospitalManagement.Domain.Entities.Treatment::get_IsActive()
FNDA:7,System.Boolean HospitalManagement.Domain.Entities.Treatment::get_IsActive()
DA:19,7
FN:19,System.String HospitalManagement.Domain.Entities.Treatment::get_CreatedBy()
FNDA:39,System.String HospitalManagement.Domain.Entities.Treatment::get_CreatedBy()
DA:20,39
FN:20,System.String HospitalManagement.Domain.Entities.Treatment::get_ModifiedBy()
FNDA:7,System.String HospitalManagement.Domain.Entities.Treatment::get_ModifiedBy()
DA:21,7
FN:23,HospitalManagement.Domain.Entities.Patient HospitalManagement.Domain.Entities.Treatment::get_Patient()
FNDA:8,HospitalManagement.Domain.Entities.Patient HospitalManagement.Domain.Entities.Treatment::get_Patient()
DA:24,8
FN:24,HospitalManagement.Domain.Entities.Doctor HospitalManagement.Domain.Entities.Treatment::get_Doctor()
FNDA:8,HospitalManagement.Domain.Entities.Doctor HospitalManagement.Domain.Entities.Treatment::get_Doctor()
DA:25,8
FN:25,HospitalManagement.Domain.Entities.Appointment HospitalManagement.Domain.Entities.Treatment::get_Appointment()
FNDA:7,HospitalManagement.Domain.Entities.Appointment HospitalManagement.Domain.Entities.Treatment::get_Appointment()
DA:26,7
LF:17
LH:17
BRF:0
BRH:0
FNF:17
FNH:17
end_of_record