SF:/home/studioai/.nuget/packages/microsoft.net.test.sdk/17.8.0/build/netcoreapp3.1/Microsoft.NET.Test.Sdk.Program.cs
FN:3,System.Void AutoGeneratedProgram::Main(System.String[])
FNDA:0,System.Void AutoGeneratedProgram::Main(System.String[])
DA:4,0
LF:1
LH:0
BRF:0
BRH:0
FNF:1
FNH:0
end_of_record
SF:/home/studioai/.nuget/packages/microsoft.net.test.sdk/17.8.0/build/netcoreapp3.1/Microsoft.NET.Test.Sdk.Program.cs
FN:3,System.Void AutoGeneratedProgram::Main(System.String[])
FNDA:0,System.Void AutoGeneratedProgram::Main(System.String[])
DA:4,0
LF:1
LH:0
BRF:0
BRH:0
FNF:1
FNH:0
end_of_record
SF:/modernize-data/studio-data/TNT1001/APP1016/transformed-code/14/studio-workspace/HosptalwithoutdbCmp/src/ClinicManagement.Infrastructure/Services/AuthenticationService.cs
FN:19,System.Void ClinicManagement.Infrastructure.Services.AuthenticationService::.ctor(ClinicManagement.Domain.Interfaces.Repositories.IPatientRepository,ClinicManagement.Domain.Interfaces.Repositories.IDoctorRepository,ClinicManagement.Domain.Interfaces.Repositories.IStaffRepository,Microsoft.Extensions.Logging.ILogger`1<ClinicManagement.Infrastructure.Services.AuthenticationService>)
FNDA:9,System.Void ClinicManagement.Infrastructure.Services.AuthenticationService::.ctor(ClinicManagement.Domain.Interfaces.Repositories.IPatientRepository,ClinicManagement.Domain.Interfaces.Repositories.IDoctorRepository,ClinicManagement.Domain.Interfaces.Repositories.IStaffRepository,Microsoft.Extensions.Logging.ILogger`1<ClinicManagement.Infrastructure.Services.AuthenticationService>)
DA:20,9
DA:21,9
DA:22,9
DA:23,9
DA:24,9
DA:25,9
DA:26,9
DA:27,8
DA:28,7
DA:29,6
DA:30,5
BRDA:26,11,0,1
BRDA:26,11,1,8
BRDA:27,33,0,1
BRDA:27,33,1,7
BRDA:28,55,0,1
BRDA:28,55,1,6
BRDA:29,78,0,1
BRDA:29,78,1,5
FN:77,System.String ClinicManagement.Infrastructure.Services.AuthenticationService/<>c__DisplayClass6_0::<HashPasswordAsync>b__0()
FNDA:7,System.String ClinicManagement.Infrastructure.Services.AuthenticationService/<>c__DisplayClass6_0::<HashPasswordAsync>b__0()
DA:78,7
DA:79,7
DA:80,7
DA:81,7
DA:82,14
FN:75,System.Void ClinicManagement.Infrastructure.Services.AuthenticationService/<HashPasswordAsync>d__6::MoveNext()
FNDA:7,System.Void ClinicManagement.Infrastructure.Services.AuthenticationService/<HashPasswordAsync>d__6::MoveNext()
DA:76,7
DA:77,7
DA:83,7
FN:35,System.Void ClinicManagement.Infrastructure.Services.AuthenticationService/<ValidateLoginAsync>d__5::MoveNext()
FNDA:2,System.Void ClinicManagement.Infrastructure.Services.AuthenticationService/<ValidateLoginAsync>d__5::MoveNext()
DA:36,2
DA:38,2
DA:39,2
DA:41,2
DA:42,2
DA:43,1
DA:44,1
DA:45,1
DA:48,1
DA:49,1
DA:50,0
DA:51,0
DA:52,0
DA:55,1
DA:56,1
DA:57,0
DA:58,0
DA:59,0
DA:60,0
DA:61,0
DA:62,0
DA:65,1
DA:66,1
DA:68,0
DA:69,0
DA:70,0
DA:71,0
DA:73,2
BRDA:42,292,0,1
BRDA:42,292,1,2
BRDA:42,445,0,1
BRDA:42,445,1,1
BRDA:49,697,0,0
BRDA:49,697,1,1
BRDA:49,850,0,0
BRDA:49,850,1,1
BRDA:56,1102,0,0
BRDA:56,1102,1,1
BRDA:56,1255,0,0
BRDA:59,1318,0,0
BRDA:59,1318,1,0
BRDA:56,1255,1,1
FN:85,System.Void ClinicManagement.Infrastructure.Services.AuthenticationService/<VerifyPasswordAsync>d__7::MoveNext()
FNDA:3,System.Void ClinicManagement.Infrastructure.Services.AuthenticationService/<VerifyPasswordAsync>d__7::MoveNext()
DA:86,3
DA:87,3
DA:88,3
DA:89,3
LF:51
LH:38
BRF:22
BRH:16
FNF:5
FNH:5
end_of_record
SF:/modernize-data/studio-data/TNT1001/APP1016/transformed-code/14/studio-workspace/HosptalwithoutdbCmp/src/ClinicManagement.Infrastructure/Repositories/AppointmentRepository.cs
FN:17,System.Void ClinicManagement.Infrastructure.Repositories.AppointmentRepository::.ctor(ClinicManagement.Infrastructure.Data.ClinicDbContext,Microsoft.Extensions.Logging.ILogger`1<ClinicManagement.Infrastructure.Repositories.AppointmentRepository>)
FNDA:0,System.Void ClinicManagement.Infrastructure.Repositories.AppointmentRepository::.ctor(ClinicManagement.Infrastructure.Data.ClinicDbContext,Microsoft.Extensions.Logging.ILogger`1<ClinicManagement.Infrastructure.Repositories.AppointmentRepository>)
DA:18,0
DA:19,0
DA:20,0
DA:21,0
DA:22,0
BRDA:20,11,0,0
BRDA:20,11,1,0
BRDA:21,33,0,0
BRDA:21,33,1,0
FN:120,System.Void ClinicManagement.Infrastructure.Repositories.AppointmentRepository/<AddAsync>d__8::MoveNext()
FNDA:0,System.Void ClinicManagement.Infrastructure.Repositories.AppointmentRepository/<AddAsync>d__8::MoveNext()
DA:121,0
DA:123,0
DA:124,0
DA:125,0
DA:126,0
DA:128,0
DA:129,0
DA:131,0
DA:132,0
DA:134,0
DA:135,0
DA:136,0
DA:137,0
DA:139,0
FN:160,System.Void ClinicManagement.Infrastructure.Repositories.AppointmentRepository/<DeleteAsync>d__10::MoveNext()
FNDA:0,System.Void ClinicManagement.Infrastructure.Repositories.AppointmentRepository/<DeleteAsync>d__10::MoveNext()
DA:161,0
DA:163,0
DA:164,0
DA:165,0
DA:167,0
DA:168,0
DA:169,0
DA:170,0
DA:171,0
DA:172,0
DA:173,0
DA:174,0
DA:175,0
DA:176,0
DA:177,0
DA:178,0
DA:180,0
BRDA:167,258,0,0
BRDA:167,258,1,0
FN:182,System.Void ClinicManagement.Infrastructure.Repositories.AppointmentRepository/<ExistsAsync>d__11::MoveNext()
FNDA:0,System.Void ClinicManagement.Infrastructure.Repositories.AppointmentRepository/<ExistsAsync>d__11::MoveNext()
DA:183,0
DA:185,0
DA:186,0
DA:188,0
DA:189,0
DA:190,0
DA:191,0
DA:193,0
FN:24,System.Void ClinicManagement.Infrastructure.Repositories.AppointmentRepository/<GetAllAsync>d__3::MoveNext()
FNDA:0,System.Void ClinicManagement.Infrastructure.Repositories.AppointmentRepository/<GetAllAsync>d__3::MoveNext()
DA:25,0
DA:27,0
DA:28,0
DA:29,0
DA:30,0
DA:31,0
DA:32,0
DA:33,0
DA:34,0
DA:35,0
DA:37,0
DA:38,0
DA:39,0
DA:40,0
DA:42,0
FN:81,System.Void ClinicManagement.Infrastructure.Repositories.AppointmentRepository/<GetByDoctorIdAsync>d__6::MoveNext()
FNDA:0,System.Void ClinicManagement.Infrastructure.Repositories.AppointmentRepository/<GetByDoctorIdAsync>d__6::MoveNext()
DA:82,0
DA:84,0
DA:85,0
DA:86,0
DA:87,0
DA:88,0
DA:89,0
DA:90,0
DA:91,0
DA:93,0
DA:94,0
DA:95,0
DA:96,0
DA:98,0
FN:44,System.Void ClinicManagement.Infrastructure.Repositories.AppointmentRepository/<GetByIdAsync>d__4::MoveNext()
FNDA:0,System.Void ClinicManagement.Infrastructure.Repositories.AppointmentRepository/<GetByIdAsync>d__4::MoveNext()
DA:45,0
DA:47,0
DA:48,0
DA:49,0
DA:50,0
DA:51,0
DA:52,0
DA:53,0
DA:55,0
DA:56,0
DA:57,0
DA:58,0
DA:60,0
FN:62,System.Void ClinicManagement.Infrastructure.Repositories.AppointmentRepository/<GetByPatientIdAsync>d__5::MoveNext()
FNDA:0,System.Void ClinicManagement.Infrastructure.Repositories.AppointmentRepository/<GetByPatientIdAsync>d__5::MoveNext()
DA:63,0
DA:65,0
DA:66,0
DA:67,0
DA:68,0
DA:69,0
DA:70,0
DA:71,0
DA:72,0
DA:74,0
DA:75,0
DA:76,0
DA:77,0
DA:79,0
FN:100,System.Void ClinicManagement.Infrastructure.Repositories.AppointmentRepository/<GetByStatusAsync>d__7::MoveNext()
FNDA:0,System.Void ClinicManagement.Infrastructure.Repositories.AppointmentRepository/<GetByStatusAsync>d__7::MoveNext()
DA:101,0
DA:103,0
DA:104,0
DA:105,0
DA:106,0
DA:107,0
DA:108,0
DA:109,0
DA:110,0
DA:111,0
DA:113,0
DA:114,0
DA:115,0
DA:116,0
DA:118,0
FN:141,System.Void ClinicManagement.Infrastructure.Repositories.AppointmentRepository/<UpdateAsync>d__9::MoveNext()
FNDA:0,System.Void ClinicManagement.Infrastructure.Repositories.AppointmentRepository/<UpdateAsync>d__9::MoveNext()
DA:142,0
DA:144,0
DA:145,0
DA:146,0
DA:148,0
DA:149,0
DA:151,0
DA:152,0
DA:153,0
DA:154,0
DA:155,0
DA:156,0
DA:158,0
LF:128
LH:0
BRF:6
BRH:0
FNF:10
FNH:0
end_of_record
SF:/modernize-data/studio-data/TNT1001/APP1016/transformed-code/14/studio-workspace/HosptalwithoutdbCmp/src/ClinicManagement.Infrastructure/Repositories/BillRepository.cs
FN:16,System.Void ClinicManagement.Infrastructure.Repositories.BillRepository::.ctor(ClinicManagement.Infrastructure.Data.ClinicDbContext,Microsoft.Extensions.Logging.ILogger`1<ClinicManagement.Infrastructure.Repositories.BillRepository>)
FNDA:0,System.Void ClinicManagement.Infrastructure.Repositories.BillRepository::.ctor(ClinicManagement.Infrastructure.Data.ClinicDbContext,Microsoft.Extensions.Logging.ILogger`1<ClinicManagement.Infrastructure.Repositories.BillRepository>)
DA:17,0
DA:18,0
DA:19,0
DA:20,0
DA:21,0
BRDA:19,11,0,0
BRDA:19,11,1,0
BRDA:20,33,0,0
BRDA:20,33,1,0
FN:77,System.Void ClinicManagement.Infrastructure.Repositories.BillRepository/<AddAsync>d__6::MoveNext()
FNDA:0,System.Void ClinicManagement.Infrastructure.Repositories.BillRepository/<AddAsync>d__6::MoveNext()
DA:78,0
DA:80,0
DA:81,0
DA:82,0
DA:83,0
DA:85,0
DA:86,0
DA:88,0
DA:89,0
DA:91,0
DA:92,0
DA:93,0
DA:94,0
DA:96,0
FN:117,System.Void ClinicManagement.Infrastructure.Repositories.BillRepository/<DeleteAsync>d__8::MoveNext()
FNDA:0,System.Void ClinicManagement.Infrastructure.Repositories.BillRepository/<DeleteAsync>d__8::MoveNext()
DA:118,0
DA:120,0
DA:121,0
DA:122,0
DA:124,0
DA:125,0
DA:126,0
DA:127,0
DA:128,0
DA:129,0
DA:130,0
DA:131,0
DA:132,0
DA:133,0
DA:134,0
DA:135,0
DA:137,0
BRDA:124,258,0,0
BRDA:124,258,1,0
FN:139,System.Void ClinicManagement.Infrastructure.Repositories.BillRepository/<ExistsAsync>d__9::MoveNext()
FNDA:0,System.Void ClinicManagement.Infrastructure.Repositories.BillRepository/<ExistsAsync>d__9::MoveNext()
DA:140,0
DA:142,0
DA:143,0
DA:145,0
DA:146,0
DA:147,0
DA:148,0
DA:150,0
FN:23,System.Void ClinicManagement.Infrastructure.Repositories.BillRepository/<GetAllAsync>d__3::MoveNext()
FNDA:0,System.Void ClinicManagement.Infrastructure.Repositories.BillRepository/<GetAllAsync>d__3::MoveNext()
DA:24,0
DA:26,0
DA:27,0
DA:28,0
DA:29,0
DA:30,0
DA:31,0
DA:32,0
DA:33,0
DA:35,0
DA:36,0
DA:37,0
DA:38,0
DA:40,0
FN:42,System.Void ClinicManagement.Infrastructure.Repositories.BillRepository/<GetByIdAsync>d__4::MoveNext()
FNDA:0,System.Void ClinicManagement.Infrastructure.Repositories.BillRepository/<GetByIdAsync>d__4::MoveNext()
DA:43,0
DA:45,0
DA:46,0
DA:47,0
DA:48,0
DA:49,0
DA:50,0
DA:52,0
DA:53,0
DA:54,0
DA:55,0
DA:57,0
FN:59,System.Void ClinicManagement.Infrastructure.Repositories.BillRepository/<GetByPatientIdAsync>d__5::MoveNext()
FNDA:0,System.Void ClinicManagement.Infrastructure.Repositories.BillRepository/<GetByPatientIdAsync>d__5::MoveNext()
DA:60,0
DA:62,0
DA:63,0
DA:64,0
DA:65,0
DA:66,0
DA:67,0
DA:68,0
DA:70,0
DA:71,0
DA:72,0
DA:73,0
DA:75,0
FN:98,System.Void ClinicManagement.Infrastructure.Repositories.BillRepository/<UpdateAsync>d__7::MoveNext()
FNDA:0,System.Void ClinicManagement.Infrastructure.Repositories.BillRepository/<UpdateAsync>d__7::MoveNext()
DA:99,0
DA:101,0
DA:102,0
DA:103,0
DA:105,0
DA:106,0
DA:108,0
DA:109,0
DA:110,0
DA:111,0
DA:112,0
DA:113,0
DA:115,0
LF:96
LH:0
BRF:6
BRH:0
FNF:8
FNH:0
end_of_record
SF:/modernize-data/studio-data/TNT1001/APP1016/transformed-code/14/studio-workspace/HosptalwithoutdbCmp/src/ClinicManagement.Infrastructure/Repositories/ClinicRepository.cs
FN:16,System.Void ClinicManagement.Infrastructure.Repositories.ClinicRepository::.ctor(ClinicManagement.Infrastructure.Data.ClinicDbContext,Microsoft.Extensions.Logging.ILogger`1<ClinicManagement.Infrastructure.Repositories.ClinicRepository>)
FNDA:0,System.Void ClinicManagement.Infrastructure.Repositories.ClinicRepository::.ctor(ClinicManagement.Infrastructure.Data.ClinicDbContext,Microsoft.Extensions.Logging.ILogger`1<ClinicManagement.Infrastructure.Repositories.ClinicRepository>)
DA:17,0
DA:18,0
DA:19,0
DA:20,0
DA:21,0
BRDA:19,11,0,0
BRDA:19,11,1,0
BRDA:20,33,0,0
BRDA:20,33,1,0
FN:58,System.Void ClinicManagement.Infrastructure.Repositories.ClinicRepository/<AddAsync>d__5::MoveNext()
FNDA:0,System.Void ClinicManagement.Infrastructure.Repositories.ClinicRepository/<AddAsync>d__5::MoveNext()
DA:59,0
DA:61,0
DA:62,0
DA:63,0
DA:64,0
DA:66,0
DA:67,0
DA:69,0
DA:70,0
DA:72,0
DA:73,0
DA:74,0
DA:75,0
DA:77,0
FN:98,System.Void ClinicManagement.Infrastructure.Repositories.ClinicRepository/<DeleteAsync>d__7::MoveNext()
FNDA:0,System.Void ClinicManagement.Infrastructure.Repositories.ClinicRepository/<DeleteAsync>d__7::MoveNext()
DA:99,0
DA:101,0
DA:102,0
DA:103,0
DA:105,0
DA:106,0
DA:107,0
DA:108,0
DA:109,0
DA:110,0
DA:111,0
DA:112,0
DA:113,0
DA:114,0
DA:115,0
DA:116,0
DA:118,0
BRDA:105,258,0,0
BRDA:105,258,1,0
FN:120,System.Void ClinicManagement.Infrastructure.Repositories.ClinicRepository/<ExistsAsync>d__8::MoveNext()
FNDA:0,System.Void ClinicManagement.Infrastructure.Repositories.ClinicRepository/<ExistsAsync>d__8::MoveNext()
DA:121,0
DA:123,0
DA:124,0
DA:126,0
DA:127,0
DA:128,0
DA:129,0
DA:131,0
FN:23,System.Void ClinicManagement.Infrastructure.Repositories.ClinicRepository/<GetAllAsync>d__3::MoveNext()
FNDA:0,System.Void ClinicManagement.Infrastructure.Repositories.ClinicRepository/<GetAllAsync>d__3::MoveNext()
DA:24,0
DA:26,0
DA:27,0
DA:28,0
DA:29,0
DA:30,0
DA:31,0
DA:32,0
DA:34,0
DA:35,0
DA:36,0
DA:37,0
DA:39,0
FN:41,System.Void ClinicManagement.Infrastructure.Repositories.ClinicRepository/<GetByIdAsync>d__4::MoveNext()
FNDA:0,System.Void ClinicManagement.Infrastructure.Repositories.ClinicRepository/<GetByIdAsync>d__4::MoveNext()
DA:42,0
DA:44,0
DA:45,0
DA:46,0
DA:47,0
DA:48,0
DA:49,0
DA:51,0
DA:52,0
DA:53,0
DA:54,0
DA:56,0
FN:133,System.Void ClinicManagement.Infrastructure.Repositories.ClinicRepository/<SearchAsync>d__9::MoveNext()
FNDA:0,System.Void ClinicManagement.Infrastructure.Repositories.ClinicRepository/<SearchAsync>d__9::MoveNext()
DA:134,0
DA:136,0
DA:137,0
DA:138,0
DA:139,0
DA:140,0
DA:141,0
DA:142,0
DA:143,0
DA:144,0
DA:146,0
DA:147,0
DA:148,0
DA:149,0
DA:151,0
FN:79,System.Void ClinicManagement.Infrastructure.Repositories.ClinicRepository/<UpdateAsync>d__6::MoveNext()
FNDA:0,System.Void ClinicManagement.Infrastructure.Repositories.ClinicRepository/<UpdateAsync>d__6::MoveNext()
DA:80,0
DA:82,0
DA:83,0
DA:84,0
DA:86,0
DA:87,0
DA:89,0
DA:90,0
DA:91,0
DA:92,0
DA:93,0
DA:94,0
DA:96,0
LF:97
LH:0
BRF:6
BRH:0
FNF:8
FNH:0
end_of_record
SF:/modernize-data/studio-data/TNT1001/APP1016/transformed-code/14/studio-workspace/HosptalwithoutdbCmp/src/ClinicManagement.Infrastructure/Repositories/DoctorRepository.cs
FN:16,System.Void ClinicManagement.Infrastructure.Repositories.DoctorRepository::.ctor(ClinicManagement.Infrastructure.Data.ClinicDbContext,Microsoft.Extensions.Logging.ILogger`1<ClinicManagement.Infrastructure.Repositories.DoctorRepository>)
FNDA:0,System.Void ClinicManagement.Infrastructure.Repositories.DoctorRepository::.ctor(ClinicManagement.Infrastructure.Data.ClinicDbContext,Microsoft.Extensions.Logging.ILogger`1<ClinicManagement.Infrastructure.Repositories.DoctorRepository>)
DA:17,0
DA:18,0
DA:19,0
DA:20,0
DA:21,0
BRDA:19,11,0,0
BRDA:19,11,1,0
BRDA:20,33,0,0
BRDA:20,33,1,0
FN:94,System.Void ClinicManagement.Infrastructure.Repositories.DoctorRepository/<AddAsync>d__7::MoveNext()
FNDA:0,System.Void ClinicManagement.Infrastructure.Repositories.DoctorRepository/<AddAsync>d__7::MoveNext()
DA:95,0
DA:97,0
DA:98,0
DA:99,0
DA:100,0
DA:102,0
DA:103,0
DA:105,0
DA:106,0
DA:108,0
DA:109,0
DA:110,0
DA:111,0
DA:113,0
FN:134,System.Void ClinicManagement.Infrastructure.Repositories.DoctorRepository/<DeleteAsync>d__9::MoveNext()
FNDA:0,System.Void ClinicManagement.Infrastructure.Repositories.DoctorRepository/<DeleteAsync>d__9::MoveNext()
DA:135,0
DA:137,0
DA:138,0
DA:139,0
DA:141,0
DA:142,0
DA:143,0
DA:144,0
DA:145,0
DA:146,0
DA:147,0
DA:148,0
DA:149,0
DA:150,0
DA:151,0
DA:152,0
DA:154,0
BRDA:141,258,0,0
BRDA:141,258,1,0
FN:156,System.Void ClinicManagement.Infrastructure.Repositories.DoctorRepository/<ExistsAsync>d__10::MoveNext()
FNDA:0,System.Void ClinicManagement.Infrastructure.Repositories.DoctorRepository/<ExistsAsync>d__10::MoveNext()
DA:157,0
DA:159,0
DA:160,0
DA:162,0
DA:163,0
DA:164,0
DA:165,0
DA:167,0
FN:23,System.Void ClinicManagement.Infrastructure.Repositories.DoctorRepository/<GetAllAsync>d__3::MoveNext()
FNDA:0,System.Void ClinicManagement.Infrastructure.Repositories.DoctorRepository/<GetAllAsync>d__3::MoveNext()
DA:24,0
DA:26,0
DA:27,0
DA:28,0
DA:29,0
DA:30,0
DA:31,0
DA:32,0
DA:33,0
DA:35,0
DA:36,0
DA:37,0
DA:38,0
DA:40,0
FN:59,System.Void ClinicManagement.Infrastructure.Repositories.DoctorRepository/<GetByEmailAsync>d__5::MoveNext()
FNDA:0,System.Void ClinicManagement.Infrastructure.Repositories.DoctorRepository/<GetByEmailAsync>d__5::MoveNext()
DA:60,0
DA:62,0
DA:63,0
DA:64,0
DA:65,0
DA:66,0
DA:68,0
DA:69,0
DA:70,0
DA:71,0
DA:73,0
FN:42,System.Void ClinicManagement.Infrastructure.Repositories.DoctorRepository/<GetByIdAsync>d__4::MoveNext()
FNDA:0,System.Void ClinicManagement.Infrastructure.Repositories.DoctorRepository/<GetByIdAsync>d__4::MoveNext()
DA:43,0
DA:45,0
DA:46,0
DA:47,0
DA:48,0
DA:49,0
DA:50,0
DA:52,0
DA:53,0
DA:54,0
DA:55,0
DA:57,0
FN:75,System.Void ClinicManagement.Infrastructure.Repositories.DoctorRepository/<GetBySpecializationAsync>d__6::MoveNext()
FNDA:0,System.Void ClinicManagement.Infrastructure.Repositories.DoctorRepository/<GetBySpecializationAsync>d__6::MoveNext()
DA:76,0
DA:78,0
DA:79,0
DA:80,0
DA:81,0
DA:82,0
DA:83,0
DA:84,0
DA:85,0
DA:87,0
DA:88,0
DA:89,0
DA:90,0
DA:92,0
FN:169,System.Void ClinicManagement.Infrastructure.Repositories.DoctorRepository/<SearchAsync>d__11::MoveNext()
FNDA:0,System.Void ClinicManagement.Infrastructure.Repositories.DoctorRepository/<SearchAsync>d__11::MoveNext()
DA:170,0
DA:172,0
DA:173,0
DA:174,0
DA:175,0
DA:176,0
DA:177,0
DA:178,0
DA:179,0
DA:180,0
DA:181,0
DA:182,0
DA:184,0
DA:185,0
DA:186,0
DA:187,0
DA:189,0
FN:115,System.Void ClinicManagement.Infrastructure.Repositories.DoctorRepository/<UpdateAsync>d__8::MoveNext()
FNDA:0,System.Void ClinicManagement.Infrastructure.Repositories.DoctorRepository/<UpdateAsync>d__8::MoveNext()
DA:116,0
DA:118,0
DA:119,0
DA:120,0
DA:122,0
DA:123,0
DA:125,0
DA:126,0
DA:127,0
DA:128,0
DA:129,0
DA:130,0
DA:132,0
LF:125
LH:0
BRF:6
BRH:0
FNF:10
FNH:0
end_of_record
SF:/modernize-data/studio-data/TNT1001/APP1016/transformed-code/14/studio-workspace/HosptalwithoutdbCmp/src/ClinicManagement.Infrastructure/Repositories/FeedbackRepository.cs
FN:16,System.Void ClinicManagement.Infrastructure.Repositories.FeedbackRepository::.ctor(ClinicManagement.Infrastructure.Data.ClinicDbContext,Microsoft.Extensions.Logging.ILogger`1<ClinicManagement.Infrastructure.Repositories.FeedbackRepository>)
FNDA:0,System.Void ClinicManagement.Infrastructure.Repositories.FeedbackRepository::.ctor(ClinicManagement.Infrastructure.Data.ClinicDbContext,Microsoft.Extensions.Logging.ILogger`1<ClinicManagement.Infrastructure.Repositories.FeedbackRepository>)
DA:17,0
DA:18,0
DA:19,0
DA:20,0
DA:21,0
BRDA:19,11,0,0
BRDA:19,11,1,0
BRDA:20,33,0,0
BRDA:20,33,1,0
FN:77,System.Void ClinicManagement.Infrastructure.Repositories.FeedbackRepository/<AddAsync>d__6::MoveNext()
FNDA:0,System.Void ClinicManagement.Infrastructure.Repositories.FeedbackRepository/<AddAsync>d__6::MoveNext()
DA:78,0
DA:80,0
DA:81,0
DA:82,0
DA:83,0
DA:85,0
DA:86,0
DA:88,0
DA:89,0
DA:91,0
DA:92,0
DA:93,0
DA:94,0
DA:96,0
FN:117,System.Void ClinicManagement.Infrastructure.Repositories.FeedbackRepository/<DeleteAsync>d__8::MoveNext()
FNDA:0,System.Void ClinicManagement.Infrastructure.Repositories.FeedbackRepository/<DeleteAsync>d__8::MoveNext()
DA:118,0
DA:120,0
DA:121,0
DA:122,0
DA:124,0
DA:125,0
DA:126,0
DA:127,0
DA:128,0
DA:129,0
DA:130,0
DA:131,0
DA:132,0
DA:133,0
DA:134,0
DA:135,0
DA:137,0
BRDA:124,258,0,0
BRDA:124,258,1,0
FN:139,System.Void ClinicManagement.Infrastructure.Repositories.FeedbackRepository/<ExistsAsync>d__9::MoveNext()
FNDA:0,System.Void ClinicManagement.Infrastructure.Repositories.FeedbackRepository/<ExistsAsync>d__9::MoveNext()
DA:140,0
DA:142,0
DA:143,0
DA:145,0
DA:146,0
DA:147,0
DA:148,0
DA:150,0
FN:23,System.Void ClinicManagement.Infrastructure.Repositories.FeedbackRepository/<GetAllAsync>d__3::MoveNext()
FNDA:0,System.Void ClinicManagement.Infrastructure.Repositories.FeedbackRepository/<GetAllAsync>d__3::MoveNext()
DA:24,0
DA:26,0
DA:27,0
DA:28,0
DA:29,0
DA:30,0
DA:31,0
DA:32,0
DA:33,0
DA:35,0
DA:36,0
DA:37,0
DA:38,0
DA:40,0
FN:42,System.Void ClinicManagement.Infrastructure.Repositories.FeedbackRepository/<GetByIdAsync>d__4::MoveNext()
FNDA:0,System.Void ClinicManagement.Infrastructure.Repositories.FeedbackRepository/<GetByIdAsync>d__4::MoveNext()
DA:43,0
DA:45,0
DA:46,0
DA:47,0
DA:48,0
DA:49,0
DA:50,0
DA:52,0
DA:53,0
DA:54,0
DA:55,0
DA:57,0
FN:59,System.Void ClinicManagement.Infrastructure.Repositories.FeedbackRepository/<GetByPatientIdAsync>d__5::MoveNext()
FNDA:0,System.Void ClinicManagement.Infrastructure.Repositories.FeedbackRepository/<GetByPatientIdAsync>d__5::MoveNext()
DA:60,0
DA:62,0
DA:63,0
DA:64,0
DA:65,0
DA:66,0
DA:67,0
DA:68,0
DA:70,0
DA:71,0
DA:72,0
DA:73,0
DA:75,0
FN:98,System.Void ClinicManagement.Infrastructure.Repositories.FeedbackRepository/<UpdateAsync>d__7::MoveNext()
FNDA:0,System.Void ClinicManagement.Infrastructure.Repositories.FeedbackRepository/<UpdateAsync>d__7::MoveNext()
DA:99,0
DA:101,0
DA:102,0
DA:103,0
DA:105,0
DA:106,0
DA:108,0
DA:109,0
DA:110,0
DA:111,0
DA:112,0
DA:113,0
DA:115,0
LF:96
LH:0
BRF:6
BRH:0
FNF:8
FNH:0
end_of_record
SF:/modernize-data/studio-data/TNT1001/APP1016/transformed-code/14/studio-workspace/HosptalwithoutdbCmp/src/ClinicManagement.Infrastructure/Repositories/PatientRepository.cs
FN:16,System.Void ClinicManagement.Infrastructure.Repositories.PatientRepository::.ctor(ClinicManagement.Infrastructure.Data.ClinicDbContext,Microsoft.Extensions.Logging.ILogger`1<ClinicManagement.Infrastructure.Repositories.PatientRepository>)
FNDA:7,System.Void ClinicManagement.Infrastructure.Repositories.PatientRepository::.ctor(ClinicManagement.Infrastructure.Data.ClinicDbContext,Microsoft.Extensions.Logging.ILogger`1<ClinicManagement.Infrastructure.Repositories.PatientRepository>)
DA:17,7
DA:18,7
DA:19,7
DA:20,6
DA:21,5
BRDA:19,11,0,1
BRDA:19,11,1,6
BRDA:20,33,0,1
BRDA:20,33,1,5
FN:73,System.Void ClinicManagement.Infrastructure.Repositories.PatientRepository/<AddAsync>d__6::MoveNext()
FNDA:5,System.Void ClinicManagement.Infrastructure.Repositories.PatientRepository/<AddAsync>d__6::MoveNext()
DA:74,5
DA:76,5
DA:77,5
DA:78,5
DA:79,5
DA:81,5
DA:82,5
DA:84,5
DA:85,5
DA:87,0
DA:88,0
DA:89,0
DA:90,0
DA:92,5
FN:113,System.Void ClinicManagement.Infrastructure.Repositories.PatientRepository/<DeleteAsync>d__8::MoveNext()
FNDA:1,System.Void ClinicManagement.Infrastructure.Repositories.PatientRepository/<DeleteAsync>d__8::MoveNext()
DA:114,1
DA:116,1
DA:117,1
DA:118,1
DA:120,1
DA:121,1
DA:122,1
DA:123,1
DA:124,1
DA:125,1
DA:126,1
DA:127,1
DA:128,0
DA:129,0
DA:130,0
DA:131,0
DA:133,1
BRDA:120,258,0,1
BRDA:120,258,1,1
FN:135,System.Void ClinicManagement.Infrastructure.Repositories.PatientRepository/<ExistsAsync>d__9::MoveNext()
FNDA:2,System.Void ClinicManagement.Infrastructure.Repositories.PatientRepository/<ExistsAsync>d__9::MoveNext()
DA:136,2
DA:138,2
DA:139,2
DA:141,0
DA:142,0
DA:143,0
DA:144,0
DA:146,2
FN:23,System.Void ClinicManagement.Infrastructure.Repositories.PatientRepository/<GetAllAsync>d__3::MoveNext()
FNDA:0,System.Void ClinicManagement.Infrastructure.Repositories.PatientRepository/<GetAllAsync>d__3::MoveNext()
DA:24,0
DA:26,0
DA:27,0
DA:28,0
DA:29,0
DA:30,0
DA:31,0
DA:32,0
DA:34,0
DA:35,0
DA:36,0
DA:37,0
DA:39,0
FN:57,System.Void ClinicManagement.Infrastructure.Repositories.PatientRepository/<GetByEmailAsync>d__5::MoveNext()
FNDA:1,System.Void ClinicManagement.Infrastructure.Repositories.PatientRepository/<GetByEmailAsync>d__5::MoveNext()
DA:58,1
DA:60,1
DA:61,1
DA:62,1
DA:63,1
DA:64,1
DA:66,0
DA:67,0
DA:68,0
DA:69,0
DA:71,1
FN:41,System.Void ClinicManagement.Infrastructure.Repositories.PatientRepository/<GetByIdAsync>d__4::MoveNext()
FNDA:1,System.Void ClinicManagement.Infrastructure.Repositories.PatientRepository/<GetByIdAsync>d__4::MoveNext()
DA:42,1
DA:44,1
DA:45,1
DA:46,1
DA:47,1
DA:48,1
DA:50,0
DA:51,0
DA:52,0
DA:53,0
DA:55,1
FN:148,System.Void ClinicManagement.Infrastructure.Repositories.PatientRepository/<SearchAsync>d__10::MoveNext()
FNDA:0,System.Void ClinicManagement.Infrastructure.Repositories.PatientRepository/<SearchAsync>d__10::MoveNext()
DA:149,0
DA:151,0
DA:152,0
DA:153,0
DA:154,0
DA:155,0
DA:156,0
DA:157,0
DA:158,0
DA:159,0
DA:160,0
DA:162,0
DA:163,0
DA:164,0
DA:165,0
DA:167,0
FN:94,System.Void ClinicManagement.Infrastructure.Repositories.PatientRepository/<UpdateAsync>d__7::MoveNext()
FNDA:0,System.Void ClinicManagement.Infrastructure.Repositories.PatientRepository/<UpdateAsync>d__7::MoveNext()
DA:95,0
DA:97,0
DA:98,0
DA:99,0
DA:101,0
DA:102,0
DA:104,0
DA:105,0
DA:106,0
DA:107,0
DA:108,0
DA:109,0
DA:111,0
LF:108
LH:46
BRF:6
BRH:6
FNF:9
FNH:6
end_of_record
SF:/modernize-data/studio-data/TNT1001/APP1016/transformed-code/14/studio-workspace/HosptalwithoutdbCmp/src/ClinicManagement.Infrastructure/Repositories/StaffRepository.cs
FN:16,System.Void ClinicManagement.Infrastructure.Repositories.StaffRepository::.ctor(ClinicManagement.Infrastructure.Data.ClinicDbContext,Microsoft.Extensions.Logging.ILogger`1<ClinicManagement.Infrastructure.Repositories.StaffRepository>)
FNDA:0,System.Void ClinicManagement.Infrastructure.Repositories.StaffRepository::.ctor(ClinicManagement.Infrastructure.Data.ClinicDbContext,Microsoft.Extensions.Logging.ILogger`1<ClinicManagement.Infrastructure.Repositories.StaffRepository>)
DA:17,0
DA:18,0
DA:19,0
DA:20,0
DA:21,0
BRDA:19,11,0,0
BRDA:19,11,1,0
BRDA:20,33,0,0
BRDA:20,33,1,0
FN:73,System.Void ClinicManagement.Infrastructure.Repositories.StaffRepository/<AddAsync>d__6::MoveNext()
FNDA:0,System.Void ClinicManagement.Infrastructure.Repositories.StaffRepository/<AddAsync>d__6::MoveNext()
DA:74,0
DA:76,0
DA:77,0
DA:78,0
DA:79,0
DA:81,0
DA:82,0
DA:84,0
DA:85,0
DA:87,0
DA:88,0
DA:89,0
DA:90,0
DA:92,0
FN:113,System.Void ClinicManagement.Infrastructure.Repositories.StaffRepository/<DeleteAsync>d__8::MoveNext()
FNDA:0,System.Void ClinicManagement.Infrastructure.Repositories.StaffRepository/<DeleteAsync>d__8::MoveNext()
DA:114,0
DA:116,0
DA:117,0
DA:118,0
DA:120,0
DA:121,0
DA:122,0
DA:123,0
DA:124,0
DA:125,0
DA:126,0
DA:127,0
DA:128,0
DA:129,0
DA:130,0
DA:131,0
DA:133,0
BRDA:120,258,0,0
BRDA:120,258,1,0
FN:135,System.Void ClinicManagement.Infrastructure.Repositories.StaffRepository/<ExistsAsync>d__9::MoveNext()
FNDA:0,System.Void ClinicManagement.Infrastructure.Repositories.StaffRepository/<ExistsAsync>d__9::MoveNext()
DA:136,0
DA:138,0
DA:139,0
DA:141,0
DA:142,0
DA:143,0
DA:144,0
DA:146,0
FN:23,System.Void ClinicManagement.Infrastructure.Repositories.StaffRepository/<GetAllAsync>d__3::MoveNext()
FNDA:0,System.Void ClinicManagement.Infrastructure.Repositories.StaffRepository/<GetAllAsync>d__3::MoveNext()
DA:24,0
DA:26,0
DA:27,0
DA:28,0
DA:29,0
DA:30,0
DA:31,0
DA:32,0
DA:34,0
DA:35,0
DA:36,0
DA:37,0
DA:39,0
FN:57,System.Void ClinicManagement.Infrastructure.Repositories.StaffRepository/<GetByEmailAsync>d__5::MoveNext()
FNDA:0,System.Void ClinicManagement.Infrastructure.Repositories.StaffRepository/<GetByEmailAsync>d__5::MoveNext()
DA:58,0
DA:60,0
DA:61,0
DA:62,0
DA:63,0
DA:64,0
DA:66,0
DA:67,0
DA:68,0
DA:69,0
DA:71,0
FN:41,System.Void ClinicManagement.Infrastructure.Repositories.StaffRepository/<GetByIdAsync>d__4::MoveNext()
FNDA:0,System.Void ClinicManagement.Infrastructure.Repositories.StaffRepository/<GetByIdAsync>d__4::MoveNext()
DA:42,0
DA:44,0
DA:45,0
DA:46,0
DA:47,0
DA:48,0
DA:50,0
DA:51,0
DA:52,0
DA:53,0
DA:55,0
FN:94,System.Void ClinicManagement.Infrastructure.Repositories.StaffRepository/<UpdateAsync>d__7::MoveNext()
FNDA:0,System.Void ClinicManagement.Infrastructure.Repositories.StaffRepository/<UpdateAsync>d__7::MoveNext()
DA:95,0
DA:97,0
DA:98,0
DA:99,0
DA:101,0
DA:102,0
DA:104,0
DA:105,0
DA:106,0
DA:107,0
DA:108,0
DA:109,0
DA:111,0
LF:92
LH:0
BRF:6
BRH:0
FNF:8
FNH:0
end_of_record
SF:/modernize-data/studio-data/TNT1001/APP1016/transformed-code/14/studio-workspace/HosptalwithoutdbCmp/src/ClinicManagement.Infrastructure/Extensions/ServiceCollectionExtensions.cs
FN:19,Microsoft.Extensions.DependencyInjection.IServiceCollection ClinicManagement.Infrastructure.Extensions.ServiceCollectionExtensions::AddInfrastructure(Microsoft.Extensions.DependencyInjection.IServiceCollection,Microsoft.Extensions.Configuration.IConfiguration)
FNDA:0,Microsoft.Extensions.DependencyInjection.IServiceCollection ClinicManagement.Infrastructure.Extensions.ServiceCollectionExtensions::AddInfrastructure(Microsoft.Extensions.DependencyInjection.IServiceCollection,Microsoft.Extensions.Configuration.IConfiguration)
DA:20,0
DA:21,0
DA:22,0
DA:23,0
DA:24,0
DA:25,0
DA:26,0
DA:27,0
DA:29,0
DA:30,0
DA:31,0
DA:32,0
DA:33,0
DA:34,0
DA:35,0
DA:36,0
DA:38,0
DA:39,0
LF:18
LH:0
BRF:0
BRH:0
FNF:1
FNH:0
end_of_record
SF:/modernize-data/studio-data/TNT1001/APP1016/transformed-code/14/studio-workspace/HosptalwithoutdbCmp/src/ClinicManagement.Infrastructure/Data/ClinicDbContext.cs
FN:14,Microsoft.EntityFrameworkCore.DbSet`1<ClinicManagement.Domain.Entities.Patient> ClinicManagement.Infrastructure.Data.ClinicDbContext::get_Patients()
FNDA:12,Microsoft.EntityFrameworkCore.DbSet`1<ClinicManagement.Domain.Entities.Patient> ClinicManagement.Infrastructure.Data.ClinicDbContext::get_Patients()
DA:15,12
FN:15,Microsoft.EntityFrameworkCore.DbSet`1<ClinicManagement.Domain.Entities.Doctor> ClinicManagement.Infrastructure.Data.ClinicDbContext::get_Doctors()
FNDA:2,Microsoft.EntityFrameworkCore.DbSet`1<ClinicManagement.Domain.Entities.Doctor> ClinicManagement.Infrastructure.Data.ClinicDbContext::get_Doctors()
DA:16,2
FN:16,Microsoft.EntityFrameworkCore.DbSet`1<ClinicManagement.Domain.Entities.Appointment> ClinicManagement.Infrastructure.Data.ClinicDbContext::get_Appointments()
FNDA:2,Microsoft.EntityFrameworkCore.DbSet`1<ClinicManagement.Domain.Entities.Appointment> ClinicManagement.Infrastructure.Data.ClinicDbContext::get_Appointments()
DA:17,2
FN:17,Microsoft.EntityFrameworkCore.DbSet`1<ClinicManagement.Domain.Entities.Clinic> ClinicManagement.Infrastructure.Data.ClinicDbContext::get_Clinics()
FNDA:2,Microsoft.EntityFrameworkCore.DbSet`1<ClinicManagement.Domain.Entities.Clinic> ClinicManagement.Infrastructure.Data.ClinicDbContext::get_Clinics()
DA:18,2
FN:18,Microsoft.EntityFrameworkCore.DbSet`1<ClinicManagement.Domain.Entities.Bill> ClinicManagement.Infrastructure.Data.ClinicDbContext::get_Bills()
FNDA:2,Microsoft.EntityFrameworkCore.DbSet`1<ClinicManagement.Domain.Entities.Bill> ClinicManagement.Infrastructure.Data.ClinicDbContext::get_Bills()
DA:19,2
FN:19,Microsoft.EntityFrameworkCore.DbSet`1<ClinicManagement.Domain.Entities.Feedback> ClinicManagement.Infrastructure.Data.ClinicDbContext::get_Feedbacks()
FNDA:2,Microsoft.EntityFrameworkCore.DbSet`1<ClinicManagement.Domain.Entities.Feedback> ClinicManagement.Infrastructure.Data.ClinicDbContext::get_Feedbacks()
DA:20,2
FN:20,Microsoft.EntityFrameworkCore.DbSet`1<ClinicManagement.Domain.Entities.Staff> ClinicManagement.Infrastructure.Data.ClinicDbContext::get_Staff()
FNDA:2,Microsoft.EntityFrameworkCore.DbSet`1<ClinicManagement.Domain.Entities.Staff> ClinicManagement.Infrastructure.Data.ClinicDbContext::get_Staff()
DA:21,2
FN:23,System.Void ClinicManagement.Infrastructure.Data.ClinicDbContext::OnModelCreating(Microsoft.EntityFrameworkCore.ModelBuilder)
FNDA:1,System.Void ClinicManagement.Infrastructure.Data.ClinicDbContext::OnModelCreating(Microsoft.EntityFrameworkCore.ModelBuilder)
DA:24,1
DA:25,1
DA:27,1
DA:28,1
FN:10,System.Void ClinicManagement.Infrastructure.Data.ClinicDbContext::.ctor(Microsoft.EntityFrameworkCore.DbContextOptions`1<ClinicManagement.Infrastructure.Data.ClinicDbContext>)
FNDA:14,System.Void ClinicManagement.Infrastructure.Data.ClinicDbContext::.ctor(Microsoft.EntityFrameworkCore.DbContextOptions`1<ClinicManagement.Infrastructure.Data.ClinicDbContext>)
DA:11,14
DA:12,14
DA:13,14
LF:14
LH:14
BRF:0
BRH:0
FNF:9
FNH:9
end_of_record
SF:/modernize-data/studio-data/TNT1001/APP1016/transformed-code/14/studio-workspace/HosptalwithoutdbCmp/src/ClinicManagement.Infrastructure/Data/Configurations/AppointmentConfiguration.cs
FN:12,System.Void ClinicManagement.Infrastructure.Data.Configurations.AppointmentConfiguration::Configure(Microsoft.EntityFrameworkCore.Metadata.Builders.EntityTypeBuilder`1<ClinicManagement.Domain.Entities.Appointment>)
FNDA:1,System.Void ClinicManagement.Infrastructure.Data.Configurations.AppointmentConfiguration::Configure(Microsoft.EntityFrameworkCore.Metadata.Builders.EntityTypeBuilder`1<ClinicManagement.Domain.Entities.Appointment>)
DA:13,1
DA:14,1
DA:16,1
DA:18,1
DA:19,1
DA:21,1
DA:22,1
DA:24,1
DA:25,1
DA:27,1
DA:28,1
DA:30,1
DA:31,1
DA:33,1
DA:34,1
DA:36,1
DA:37,1
DA:39,1
DA:40,1
DA:42,1
DA:43,1
DA:44,1
DA:45,1
DA:47,1
DA:48,1
DA:50,1
DA:51,1
DA:52,1
LF:28
LH:28
BRF:0
BRH:0
FNF:1
FNH:1
end_of_record
SF:/modernize-data/studio-data/TNT1001/APP1016/transformed-code/14/studio-workspace/HosptalwithoutdbCmp/src/ClinicManagement.Infrastructure/Data/Configurations/BillConfiguration.cs
FN:12,System.Void ClinicManagement.Infrastructure.Data.Configurations.BillConfiguration::Configure(Microsoft.EntityFrameworkCore.Metadata.Builders.EntityTypeBuilder`1<ClinicManagement.Domain.Entities.Bill>)
FNDA:1,System.Void ClinicManagement.Infrastructure.Data.Configurations.BillConfiguration::Configure(Microsoft.EntityFrameworkCore.Metadata.Builders.EntityTypeBuilder`1<ClinicManagement.Domain.Entities.Bill>)
DA:13,1
DA:14,1
DA:16,1
DA:18,1
DA:19,1
DA:20,1
DA:22,1
DA:23,1
DA:25,1
DA:26,1
DA:28,1
DA:29,1
DA:31,1
DA:32,1
DA:34,1
DA:35,1
DA:37,1
DA:38,1
DA:40,1
DA:41,1
DA:42,1
DA:43,1
DA:45,1
DA:46,1
DA:48,1
DA:49,1
DA:50,1
LF:27
LH:27
BRF:0
BRH:0
FNF:1
FNH:1
end_of_record
SF:/modernize-data/studio-data/TNT1001/APP1016/transformed-code/14/studio-workspace/HosptalwithoutdbCmp/src/ClinicManagement.Infrastructure/Data/Configurations/ClinicConfiguration.cs
FN:12,System.Void ClinicManagement.Infrastructure.Data.Configurations.ClinicConfiguration::Configure(Microsoft.EntityFrameworkCore.Metadata.Builders.EntityTypeBuilder`1<ClinicManagement.Domain.Entities.Clinic>)
FNDA:1,System.Void ClinicManagement.Infrastructure.Data.Configurations.ClinicConfiguration::Configure(Microsoft.EntityFrameworkCore.Metadata.Builders.EntityTypeBuilder`1<ClinicManagement.Domain.Entities.Clinic>)
DA:13,1
DA:14,1
DA:16,1
DA:18,1
DA:19,1
DA:20,1
DA:22,1
DA:23,1
DA:24,1
DA:26,1
DA:27,1
DA:28,1
DA:30,1
DA:31,1
DA:33,1
DA:34,1
DA:36,1
DA:37,1
DA:39,1
DA:40,1
DA:41,1
DA:42,1
DA:44,1
DA:45,1
DA:46,1
LF:25
LH:25
BRF:0
BRH:0
FNF:1
FNH:1
end_of_record
SF:/modernize-data/studio-data/TNT1001/APP1016/transformed-code/14/studio-workspace/HosptalwithoutdbCmp/src/ClinicManagement.Infrastructure/Data/Configurations/DoctorConfiguration.cs
FN:12,System.Void ClinicManagement.Infrastructure.Data.Configurations.DoctorConfiguration::Configure(Microsoft.EntityFrameworkCore.Metadata.Builders.EntityTypeBuilder`1<ClinicManagement.Domain.Entities.Doctor>)
FNDA:1,System.Void ClinicManagement.Infrastructure.Data.Configurations.DoctorConfiguration::Configure(Microsoft.EntityFrameworkCore.Metadata.Builders.EntityTypeBuilder`1<ClinicManagement.Domain.Entities.Doctor>)
DA:13,1
DA:14,1
DA:16,1
DA:18,1
DA:19,1
DA:20,1
DA:22,1
DA:23,1
DA:24,1
DA:26,1
DA:27,1
DA:29,1
DA:30,1
DA:31,1
DA:33,1
DA:34,1
DA:35,1
DA:37,1
DA:38,1
DA:39,1
DA:41,1
DA:42,1
DA:43,1
DA:45,1
DA:46,1
DA:48,1
DA:49,1
DA:51,1
DA:52,1
DA:53,1
DA:54,1
DA:56,1
DA:57,1
DA:59,1
DA:60,1
DA:61,1
DA:62,1
DA:64,1
DA:65,1
DA:66,1
DA:67,1
DA:68,1
LF:42
LH:42
BRF:0
BRH:0
FNF:1
FNH:1
end_of_record
SF:/modernize-data/studio-data/TNT1001/APP1016/transformed-code/14/studio-workspace/HosptalwithoutdbCmp/src/ClinicManagement.Infrastructure/Data/Configurations/FeedbackConfiguration.cs
FN:12,System.Void ClinicManagement.Infrastructure.Data.Configurations.FeedbackConfiguration::Configure(Microsoft.EntityFrameworkCore.Metadata.Builders.EntityTypeBuilder`1<ClinicManagement.Domain.Entities.Feedback>)
FNDA:1,System.Void ClinicManagement.Infrastructure.Data.Configurations.FeedbackConfiguration::Configure(Microsoft.EntityFrameworkCore.Metadata.Builders.EntityTypeBuilder`1<ClinicManagement.Domain.Entities.Feedback>)
DA:13,1
DA:14,1
DA:16,1
DA:18,1
DA:19,1
DA:20,1
DA:22,1
DA:23,1
DA:25,1
DA:26,1
DA:28,1
DA:29,1
DA:31,1
DA:32,1
DA:33,1
DA:34,1
DA:36,1
DA:37,1
DA:39,1
DA:40,1
DA:41,1
LF:21
LH:21
BRF:0
BRH:0
FNF:1
FNH:1
end_of_record
SF:/modernize-data/studio-data/TNT1001/APP1016/transformed-code/14/studio-workspace/HosptalwithoutdbCmp/src/ClinicManagement.Infrastructure/Data/Configurations/PatientConfiguration.cs
FN:12,System.Void ClinicManagement.Infrastructure.Data.Configurations.PatientConfiguration::Configure(Microsoft.EntityFrameworkCore.Metadata.Builders.EntityTypeBuilder`1<ClinicManagement.Domain.Entities.Patient>)
FNDA:1,System.Void ClinicManagement.Infrastructure.Data.Configurations.PatientConfiguration::Configure(Microsoft.EntityFrameworkCore.Metadata.Builders.EntityTypeBuilder`1<ClinicManagement.Domain.Entities.Patient>)
DA:13,1
DA:14,1
DA:16,1
DA:18,1
DA:19,1
DA:20,1
DA:22,1
DA:23,1
DA:24,1
DA:26,1
DA:27,1
DA:29,1
DA:30,1
DA:31,1
DA:33,1
DA:34,1
DA:35,1
DA:37,1
DA:38,1
DA:39,1
DA:41,1
DA:42,1
DA:44,1
DA:45,1
DA:47,1
DA:48,1
DA:49,1
DA:50,1
DA:52,1
DA:53,1
DA:55,1
DA:56,1
DA:57,1
DA:58,1
DA:60,1
DA:61,1
DA:62,1
DA:63,1
DA:65,1
DA:66,1
DA:67,1
DA:68,1
DA:69,1
LF:43
LH:43
BRF:0
BRH:0
FNF:1
FNH:1
end_of_record
SF:/modernize-data/studio-data/TNT1001/APP1016/transformed-code/14/studio-workspace/HosptalwithoutdbCmp/src/ClinicManagement.Infrastructure/Data/Configurations/StaffConfiguration.cs
FN:12,System.Void ClinicManagement.Infrastructure.Data.Configurations.StaffConfiguration::Configure(Microsoft.EntityFrameworkCore.Metadata.Builders.EntityTypeBuilder`1<ClinicManagement.Domain.Entities.Staff>)
FNDA:1,System.Void ClinicManagement.Infrastructure.Data.Configurations.StaffConfiguration::Configure(Microsoft.EntityFrameworkCore.Metadata.Builders.EntityTypeBuilder`1<ClinicManagement.Domain.Entities.Staff>)
DA:13,1
DA:14,1
DA:16,1
DA:18,1
DA:19,1
DA:20,1
DA:22,1
DA:23,1
DA:24,1
DA:26,1
DA:27,1
DA:29,1
DA:30,1
DA:31,1
DA:33,1
DA:34,1
DA:35,1
DA:37,1
DA:38,1
DA:39,1
DA:40,1
DA:42,1
DA:43,1
DA:45,1
DA:46,1
DA:48,1
DA:49,1
DA:50,1
DA:51,1
DA:53,1
DA:54,1
DA:55,1
LF:32
LH:32
BRF:0
BRH:0
FNF:1
FNH:1
end_of_record
SF:/modernize-data/studio-data/TNT1001/APP1016/transformed-code/14/studio-workspace/HosptalwithoutdbCmp/src/ClinicManagement.Web/Program.cs
FN:5,System.Void Program::<Main>$(System.String[])
FNDA:0,System.Void Program::<Main>$(System.String[])
DA:6,0
DA:8,0
DA:9,0
DA:10,0
DA:11,0
DA:12,0
DA:13,0
DA:15,0
DA:17,0
DA:18,0
DA:19,0
DA:20,0
DA:21,0
DA:22,0
DA:23,0
DA:24,0
DA:26,0
DA:28,0
DA:30,0
DA:31,0
DA:32,0
DA:33,0
DA:34,0
DA:36,0
DA:37,0
DA:39,0
DA:41,0
DA:42,0
DA:44,0
DA:47,0
DA:48,0
DA:49,0
DA:50,0
DA:51,0
DA:52,0
DA:53,0
DA:54,0
DA:56,0
DA:57,0
DA:58,0
BRDA:30,270,0,0
BRDA:30,270,1,0
LF:40
LH:0
BRF:2
BRH:0
FNF:1
FNH:0
end_of_record
SF:/home/studioai/.nuget/packages/microsoft.net.test.sdk/17.8.0/build/netcoreapp3.1/Microsoft.NET.Test.Sdk.Program.cs
FN:3,System.Void AutoGeneratedProgram::Main(System.String[])
FNDA:0,System.Void AutoGeneratedProgram::Main(System.String[])
DA:4,0
LF:1
LH:0
BRF:0
BRH:0
FNF:1
FNH:0
end_of_record
SF:/modernize-data/studio-data/TNT1001/APP1016/transformed-code/14/studio-workspace/HosptalwithoutdbCmp/src/ClinicManagement.Web/Pages/Index.cshtml.cs
FN:14,System.Void ClinicManagement.Web.Pages.IndexModel::OnGet()
FNDA:0,System.Void ClinicManagement.Web.Pages.IndexModel::OnGet()
DA:15,0
DA:16,0
DA:17,0
FN:8,System.Void ClinicManagement.Web.Pages.IndexModel::.ctor(Microsoft.Extensions.Logging.ILogger`1<ClinicManagement.Web.Pages.IndexModel>)
FNDA:0,System.Void ClinicManagement.Web.Pages.IndexModel::.ctor(Microsoft.Extensions.Logging.ILogger`1<ClinicManagement.Web.Pages.IndexModel>)
DA:9,0
DA:10,0
DA:11,0
DA:12,0
LF:7
LH:0
BRF:0
BRH:0
FNF:2
FNH:0
end_of_record
SF:/modernize-data/studio-data/TNT1001/APP1016/transformed-code/14/studio-workspace/HosptalwithoutdbCmp/src/ClinicManagement.Web/Pages/Login.cshtml.cs
FN:22,System.String ClinicManagement.Web.Pages.LoginModel::get_Email()
FNDA:27,System.String ClinicManagement.Web.Pages.LoginModel::get_Email()
DA:23,27
FN:26,System.String ClinicManagement.Web.Pages.LoginModel::get_Password()
FNDA:19,System.String ClinicManagement.Web.Pages.LoginModel::get_Password()
DA:27,19
FN:28,System.String ClinicManagement.Web.Pages.LoginModel::get_ErrorMessage()
FNDA:4,System.String ClinicManagement.Web.Pages.LoginModel::get_ErrorMessage()
DA:29,4
FN:31,System.Void ClinicManagement.Web.Pages.LoginModel::OnGet()
FNDA:1,System.Void ClinicManagement.Web.Pages.LoginModel::OnGet()
DA:32,1
DA:33,1
FN:13,System.Void ClinicManagement.Web.Pages.LoginModel::.ctor(ClinicManagement.Domain.Interfaces.Services.IAuthenticationService,Microsoft.Extensions.Logging.ILogger`1<ClinicManagement.Web.Pages.LoginModel>)
FNDA:8,System.Void ClinicManagement.Web.Pages.LoginModel::.ctor(ClinicManagement.Domain.Interfaces.Services.IAuthenticationService,Microsoft.Extensions.Logging.ILogger`1<ClinicManagement.Web.Pages.LoginModel>)
DA:14,8
DA:15,8
DA:16,8
DA:17,8
DA:18,8
FN:35,System.Void ClinicManagement.Web.Pages.LoginModel/<OnPostAsync>d__16::MoveNext()
FNDA:6,System.Void ClinicManagement.Web.Pages.LoginModel/<OnPostAsync>d__16::MoveNext()
DA:36,6
DA:37,6
DA:38,1
DA:39,1
DA:43,5
DA:44,5
DA:46,4
DA:47,3
DA:48,3
DA:49,3
DA:50,3
DA:52,3
DA:54,3
DA:55,3
DA:56,1
DA:57,1
DA:58,1
DA:59,0
DA:60,0
DA:61,3
DA:64,1
DA:65,1
DA:66,1
DA:68,1
DA:69,1
DA:70,1
DA:71,1
DA:72,1
DA:74,6
BRDA:37,36,0,1
BRDA:37,36,1,5
BRDA:46,302,0,3
BRDA:46,315,0,3
BRDA:46,302,1,1
BRDA:46,315,1,1
BRDA:46,335,0,3
BRDA:54,549,1,1
BRDA:54,549,2,1
BRDA:54,549,3,1
BRDA:54,549,4,0
BRDA:54,549,0,0
BRDA:46,335,1,1
LF:39
LH:37
BRF:13
BRH:11
FNF:6
FNH:6
end_of_record
SF:/modernize-data/studio-data/TNT1001/APP1016/transformed-code/14/studio-workspace/HosptalwithoutdbCmp/src/ClinicManagement.Web/Pages/SignUp.cshtml.cs
FN:28,System.String ClinicManagement.Web.Pages.SignUpModel::get_Name()
FNDA:0,System.String ClinicManagement.Web.Pages.SignUpModel::get_Name()
DA:29,0
FN:33,System.String ClinicManagement.Web.Pages.SignUpModel::get_Email()
FNDA:0,System.String ClinicManagement.Web.Pages.SignUpModel::get_Email()
DA:34,0
FN:38,System.String ClinicManagement.Web.Pages.SignUpModel::get_Password()
FNDA:0,System.String ClinicManagement.Web.Pages.SignUpModel::get_Password()
DA:39,0
FN:42,System.String ClinicManagement.Web.Pages.SignUpModel::get_PhoneNumber()
FNDA:0,System.String ClinicManagement.Web.Pages.SignUpModel::get_PhoneNumber()
DA:43,0
FN:46,System.DateTime ClinicManagement.Web.Pages.SignUpModel::get_BirthDate()
FNDA:0,System.DateTime ClinicManagement.Web.Pages.SignUpModel::get_BirthDate()
DA:47,0
FN:50,System.Int32 ClinicManagement.Web.Pages.SignUpModel::get_Gender()
FNDA:0,System.Int32 ClinicManagement.Web.Pages.SignUpModel::get_Gender()
DA:51,0
FN:54,System.String ClinicManagement.Web.Pages.SignUpModel::get_Address()
FNDA:0,System.String ClinicManagement.Web.Pages.SignUpModel::get_Address()
DA:55,0
FN:56,System.String ClinicManagement.Web.Pages.SignUpModel::get_ErrorMessage()
FNDA:0,System.String ClinicManagement.Web.Pages.SignUpModel::get_ErrorMessage()
DA:57,0
FN:57,System.String ClinicManagement.Web.Pages.SignUpModel::get_SuccessMessage()
FNDA:0,System.String ClinicManagement.Web.Pages.SignUpModel::get_SuccessMessage()
DA:58,0
FN:60,System.Void ClinicManagement.Web.Pages.SignUpModel::OnGet()
FNDA:0,System.Void ClinicManagement.Web.Pages.SignUpModel::OnGet()
DA:61,0
DA:62,0
FN:16,System.Void ClinicManagement.Web.Pages.SignUpModel::.ctor(ClinicManagement.Domain.Interfaces.Repositories.IPatientRepository,ClinicManagement.Domain.Interfaces.Services.IAuthenticationService,Microsoft.Extensions.Logging.ILogger`1<ClinicManagement.Web.Pages.SignUpModel>)
FNDA:0,System.Void ClinicManagement.Web.Pages.SignUpModel::.ctor(ClinicManagement.Domain.Interfaces.Repositories.IPatientRepository,ClinicManagement.Domain.Interfaces.Services.IAuthenticationService,Microsoft.Extensions.Logging.ILogger`1<ClinicManagement.Web.Pages.SignUpModel>)
DA:17,0
DA:18,0
DA:19,0
DA:20,0
DA:21,0
DA:22,0
DA:23,0
DA:24,0
DA:25,0
FN:64,System.Void ClinicManagement.Web.Pages.SignUpModel/<OnPostAsync>d__41::MoveNext()
FNDA:0,System.Void ClinicManagement.Web.Pages.SignUpModel/<OnPostAsync>d__41::MoveNext()
DA:65,0
DA:66,0
DA:67,0
DA:68,0
DA:72,0
DA:73,0
DA:74,0
DA:75,0
DA:76,0
DA:77,0
DA:80,0
DA:82,0
DA:83,0
DA:84,0
DA:85,0
DA:86,0
DA:87,0
DA:88,0
DA:89,0
DA:90,0
DA:91,0
DA:92,0
DA:93,0
DA:94,0
DA:96,0
DA:98,0
DA:100,0
DA:101,0
DA:103,0
DA:105,0
DA:106,0
DA:107,0
DA:108,0
DA:109,0
DA:111,0
BRDA:66,37,0,0
BRDA:66,37,1,0
BRDA:74,256,0,0
BRDA:74,256,1,0
LF:55
LH:0
BRF:4
BRH:0
FNF:12
FNH:0
end_of_record
SF:/modernize-data/studio-data/TNT1001/APP1016/transformed-code/14/studio-workspace/HosptalwithoutdbCmp/src/ClinicManagement.Web/Pages/Index.cshtml
FN:3,System.Void ClinicManagement.Web.Pages.Pages_Index/<ExecuteAsync>d__0::MoveNext()
FNDA:0,System.Void ClinicManagement.Web.Pages.Pages_Index/<ExecuteAsync>d__0::MoveNext()
DA:4,0
LF:1
LH:0
BRF:0
BRH:0
FNF:1
FNH:0
end_of_record
SF:/modernize-data/studio-data/TNT1001/APP1016/transformed-code/14/studio-workspace/HosptalwithoutdbCmp/src/ClinicManagement.Web/Pages/Login.cshtml
FN:3,System.Void ClinicManagement.Web.Pages.Pages_Login/<ExecuteAsync>d__18::MoveNext()
FNDA:0,System.Void ClinicManagement.Web.Pages.Pages_Login/<ExecuteAsync>d__18::MoveNext()
DA:4,0
DA:14,0
DA:15,0
DA:19,0
BRDA:14,99,0,0
BRDA:14,99,1,0
BRDA:19,536,0,0
BRDA:19,536,1,0
LF:4
LH:0
BRF:4
BRH:0
FNF:1
FNH:0
end_of_record
SF:/modernize-data/studio-data/TNT1001/APP1016/transformed-code/14/studio-workspace/HosptalwithoutdbCmp/src/ClinicManagement.Web/Pages/SignUp.cshtml
FN:3,System.Void ClinicManagement.Web.Pages.Pages_SignUp/<ExecuteAsync>d__29::MoveNext()
FNDA:0,System.Void ClinicManagement.Web.Pages.Pages_SignUp/<ExecuteAsync>d__29::MoveNext()
DA:4,0
DA:14,0
DA:15,0
DA:19,0
DA:21,0
DA:22,0
DA:26,0
BRDA:14,99,0,0
BRDA:14,99,1,0
BRDA:21,208,0,0
BRDA:21,208,1,0
BRDA:26,646,0,0
BRDA:26,646,1,0
LF:7
LH:0
BRF:6
BRH:0
FNF:1
FNH:0
end_of_record
SF:/modernize-data/studio-data/TNT1001/APP1016/transformed-code/14/studio-workspace/HosptalwithoutdbCmp/src/ClinicManagement.Web/Pages/_ViewStart.cshtml
FN:1,System.Void ClinicManagement.Web.Pages.Pages__ViewStart/<ExecuteAsync>d__0::MoveNext()
FNDA:0,System.Void ClinicManagement.Web.Pages.Pages__ViewStart/<ExecuteAsync>d__0::MoveNext()
DA:2,0
LF:1
LH:0
BRF:0
BRH:0
FNF:1
FNH:0
end_of_record
SF:/modernize-data/studio-data/TNT1001/APP1016/transformed-code/14/studio-workspace/HosptalwithoutdbCmp/src/ClinicManagement.Web/Pages/Patients/Index.cshtml.cs
FN:15,Microsoft.AspNetCore.Mvc.IActionResult ClinicManagement.Web.Pages.Patients.IndexModel::OnGet()
FNDA:0,Microsoft.AspNetCore.Mvc.IActionResult ClinicManagement.Web.Pages.Patients.IndexModel::OnGet()
DA:16,0
DA:17,0
DA:18,0
DA:19,0
DA:20,0
DA:23,0
DA:24,0
BRDA:18,35,0,0
BRDA:18,35,1,0
FN:9,System.Void ClinicManagement.Web.Pages.Patients.IndexModel::.ctor(Microsoft.Extensions.Logging.ILogger`1<ClinicManagement.Web.Pages.Patients.IndexModel>)
FNDA:0,System.Void ClinicManagement.Web.Pages.Patients.IndexModel::.ctor(Microsoft.Extensions.Logging.ILogger`1<ClinicManagement.Web.Pages.Patients.IndexModel>)
DA:10,0
DA:11,0
DA:12,0
DA:13,0
LF:11
LH:0
BRF:2
BRH:0
FNF:2
FNH:0
end_of_record
SF:/modernize-data/studio-data/TNT1001/APP1016/transformed-code/14/studio-workspace/HosptalwithoutdbCmp/src/ClinicManagement.Web/Pages/Patients/Index.cshtml
FN:3,System.Void ClinicManagement.Web.Pages.Patients.Pages_Patients_Index/<ExecuteAsync>d__0::MoveNext()
FNDA:0,System.Void ClinicManagement.Web.Pages.Patients.Pages_Patients_Index/<ExecuteAsync>d__0::MoveNext()
DA:4,0
LF:1
LH:0
BRF:0
BRH:0
FNF:1
FNH:0
end_of_record
SF:/modernize-data/studio-data/TNT1001/APP1016/transformed-code/14/studio-workspace/HosptalwithoutdbCmp/src/ClinicManagement.Web/Pages/Doctors/Index.cshtml.cs
FN:15,Microsoft.AspNetCore.Mvc.IActionResult ClinicManagement.Web.Pages.Doctors.IndexModel::OnGet()
FNDA:0,Microsoft.AspNetCore.Mvc.IActionResult ClinicManagement.Web.Pages.Doctors.IndexModel::OnGet()
DA:16,0
DA:17,0
DA:18,0
DA:19,0
DA:20,0
DA:23,0
DA:24,0
BRDA:18,35,0,0
BRDA:18,35,1,0
FN:9,System.Void ClinicManagement.Web.Pages.Doctors.IndexModel::.ctor(Microsoft.Extensions.Logging.ILogger`1<ClinicManagement.Web.Pages.Doctors.IndexModel>)
FNDA:0,System.Void ClinicManagement.Web.Pages.Doctors.IndexModel::.ctor(Microsoft.Extensions.Logging.ILogger`1<ClinicManagement.Web.Pages.Doctors.IndexModel>)
DA:10,0
DA:11,0
DA:12,0
DA:13,0
LF:11
LH:0
BRF:2
BRH:0
FNF:2
FNH:0
end_of_record
SF:/modernize-data/studio-data/TNT1001/APP1016/transformed-code/14/studio-workspace/HosptalwithoutdbCmp/src/ClinicManagement.Web/Pages/Doctors/Index.cshtml
FN:3,System.Void ClinicManagement.Web.Pages.Doctors.Pages_Doctors_Index/<ExecuteAsync>d__0::MoveNext()
FNDA:0,System.Void ClinicManagement.Web.Pages.Doctors.Pages_Doctors_Index/<ExecuteAsync>d__0::MoveNext()
DA:4,0
LF:1
LH:0
BRF:0
BRH:0
FNF:1
FNH:0
end_of_record
SF:/modernize-data/studio-data/TNT1001/APP1016/transformed-code/14/studio-workspace/HosptalwithoutdbCmp/src/ClinicManagement.Web/Pages/Admin/Index.cshtml.cs
FN:15,Microsoft.AspNetCore.Mvc.IActionResult ClinicManagement.Web.Pages.Admin.IndexModel::OnGet()
FNDA:0,Microsoft.AspNetCore.Mvc.IActionResult ClinicManagement.Web.Pages.Admin.IndexModel::OnGet()
DA:16,0
DA:17,0
DA:18,0
DA:19,0
DA:20,0
DA:23,0
DA:24,0
BRDA:18,35,0,0
BRDA:18,35,1,0
FN:9,System.Void ClinicManagement.Web.Pages.Admin.IndexModel::.ctor(Microsoft.Extensions.Logging.ILogger`1<ClinicManagement.Web.Pages.Admin.IndexModel>)
FNDA:0,System.Void ClinicManagement.Web.Pages.Admin.IndexModel::.ctor(Microsoft.Extensions.Logging.ILogger`1<ClinicManagement.Web.Pages.Admin.IndexModel>)
DA:10,0
DA:11,0
DA:12,0
DA:13,0
LF:11
LH:0
BRF:2
BRH:0
FNF:2
FNH:0
end_of_record
SF:/modernize-data/studio-data/TNT1001/APP1016/transformed-code/14/studio-workspace/HosptalwithoutdbCmp/src/ClinicManagement.Web/Pages/Admin/Index.cshtml
FN:3,System.Void ClinicManagement.Web.Pages.Admin.Pages_Admin_Index/<ExecuteAsync>d__0::MoveNext()
FNDA:0,System.Void ClinicManagement.Web.Pages.Admin.Pages_Admin_Index/<ExecuteAsync>d__0::MoveNext()
DA:4,0
LF:1
LH:0
BRF:0
BRH:0
FNF:1
FNH:0
end_of_record
SF:/home/studioai/.nuget/packages/microsoft.net.test.sdk/17.8.0/build/netcoreapp3.1/Microsoft.NET.Test.Sdk.Program.cs
FN:3,System.Void AutoGeneratedProgram::Main(System.String[])
FNDA:0,System.Void AutoGeneratedProgram::Main(System.String[])
DA:4,0
LF:1
LH:0
BRF:0
BRH:0
FNF:1
FNH:0
end_of_record
SF:/modernize-data/studio-data/TNT1001/APP1016/transformed-code/14/studio-workspace/HosptalwithoutdbCmp/src/ClinicManagement.Domain/Entities/Appointment.cs
FN:9,System.Int32 ClinicManagement.Domain.Entities.Appointment::get_Id()
FNDA:31,System.Int32 ClinicManagement.Domain.Entities.Appointment::get_Id()
DA:10,31
FN:10,System.Int32 ClinicManagement.Domain.Entities.Appointment::get_PatientId()
FNDA:21,System.Int32 ClinicManagement.Domain.Entities.Appointment::get_PatientId()
DA:11,21
FN:11,System.Int32 ClinicManagement.Domain.Entities.Appointment::get_DoctorId()
FNDA:21,System.Int32 ClinicManagement.Domain.Entities.Appointment::get_DoctorId()
DA:12,21
FN:12,System.DateTime ClinicManagement.Domain.Entities.Appointment::get_AppointmentDate()
FNDA:4,System.DateTime ClinicManagement.Domain.Entities.Appointment::get_AppointmentDate()
DA:13,4
FN:13,System.TimeSpan ClinicManagement.Domain.Entities.Appointment::get_AppointmentTime()
FNDA:4,System.TimeSpan ClinicManagement.Domain.Entities.Appointment::get_AppointmentTime()
DA:14,4
FN:14,ClinicManagement.Domain.Enums.AppointmentStatus ClinicManagement.Domain.Entities.Appointment::get_Status()
FNDA:23,ClinicManagement.Domain.Enums.AppointmentStatus ClinicManagement.Domain.Entities.Appointment::get_Status()
DA:15,23
FN:15,System.String ClinicManagement.Domain.Entities.Appointment::get_Symptoms()
FNDA:4,System.String ClinicManagement.Domain.Entities.Appointment::get_Symptoms()
DA:16,4
FN:16,System.String ClinicManagement.Domain.Entities.Appointment::get_Diagnosis()
FNDA:4,System.String ClinicManagement.Domain.Entities.Appointment::get_Diagnosis()
DA:17,4
FN:17,System.String ClinicManagement.Domain.Entities.Appointment::get_Prescription()
FNDA:4,System.String ClinicManagement.Domain.Entities.Appointment::get_Prescription()
DA:18,4
FN:18,System.DateTime ClinicManagement.Domain.Entities.Appointment::get_CreatedDate()
FNDA:2,System.DateTime ClinicManagement.Domain.Entities.Appointment::get_CreatedDate()
DA:19,2
FN:19,System.Nullable`1<System.DateTime> ClinicManagement.Domain.Entities.Appointment::get_ModifiedDate()
FNDA:4,System.Nullable`1<System.DateTime> ClinicManagement.Domain.Entities.Appointment::get_ModifiedDate()
DA:20,4
FN:20,System.Boolean ClinicManagement.Domain.Entities.Appointment::get_IsActive()
FNDA:7,System.Boolean ClinicManagement.Domain.Entities.Appointment::get_IsActive()
DA:21,7
FN:21,System.String ClinicManagement.Domain.Entities.Appointment::get_CreatedBy()
FNDA:40,System.String ClinicManagement.Domain.Entities.Appointment::get_CreatedBy()
DA:22,40
FN:22,System.String ClinicManagement.Domain.Entities.Appointment::get_ModifiedBy()
FNDA:4,System.String ClinicManagement.Domain.Entities.Appointment::get_ModifiedBy()
DA:23,4
FN:24,ClinicManagement.Domain.Entities.Patient ClinicManagement.Domain.Entities.Appointment::get_Patient()
FNDA:41,ClinicManagement.Domain.Entities.Patient ClinicManagement.Domain.Entities.Appointment::get_Patient()
DA:25,41
FN:25,ClinicManagement.Domain.Entities.Doctor ClinicManagement.Domain.Entities.Appointment::get_Doctor()
FNDA:41,ClinicManagement.Domain.Entities.Doctor ClinicManagement.Domain.Entities.Appointment::get_Doctor()
DA:26,41
LF:16
LH:16
BRF:0
BRH:0
FNF:16
FNH:16
end_of_record
SF:/modernize-data/studio-data/TNT1001/APP1016/transformed-code/14/studio-workspace/HosptalwithoutdbCmp/src/ClinicManagement.Domain/Entities/Bill.cs
FN:7,System.Int32 ClinicManagement.Domain.Entities.Bill::get_Id()
FNDA:14,System.Int32 ClinicManagement.Domain.Entities.Bill::get_Id()
DA:8,14
FN:8,System.Int32 ClinicManagement.Domain.Entities.Bill::get_PatientId()
FNDA:11,System.Int32 ClinicManagement.Domain.Entities.Bill::get_PatientId()
DA:9,11
FN:9,System.Int32 ClinicManagement.Domain.Entities.Bill::get_AppointmentId()
FNDA:3,System.Int32 ClinicManagement.Domain.Entities.Bill::get_AppointmentId()
DA:10,3
FN:10,System.Decimal ClinicManagement.Domain.Entities.Bill::get_Amount()
FNDA:15,System.Decimal ClinicManagement.Domain.Entities.Bill::get_Amount()
DA:11,15
FN:11,System.DateTime ClinicManagement.Domain.Entities.Bill::get_BillDate()
FNDA:4,System.DateTime ClinicManagement.Domain.Entities.Bill::get_BillDate()
DA:12,4
FN:12,System.Boolean ClinicManagement.Domain.Entities.Bill::get_IsPaid()
FNDA:7,System.Boolean ClinicManagement.Domain.Entities.Bill::get_IsPaid()
DA:13,7
FN:13,System.String ClinicManagement.Domain.Entities.Bill::get_PaymentMethod()
FNDA:12,System.String ClinicManagement.Domain.Entities.Bill::get_PaymentMethod()
DA:14,12
FN:14,System.String ClinicManagement.Domain.Entities.Bill::get_Notes()
FNDA:4,System.String ClinicManagement.Domain.Entities.Bill::get_Notes()
DA:15,4
FN:15,System.DateTime ClinicManagement.Domain.Entities.Bill::get_CreatedDate()
FNDA:2,System.DateTime ClinicManagement.Domain.Entities.Bill::get_CreatedDate()
DA:16,2
FN:16,System.Nullable`1<System.DateTime> ClinicManagement.Domain.Entities.Bill::get_ModifiedDate()
FNDA:4,System.Nullable`1<System.DateTime> ClinicManagement.Domain.Entities.Bill::get_ModifiedDate()
DA:17,4
FN:17,System.Boolean ClinicManagement.Domain.Entities.Bill::get_IsActive()
FNDA:7,System.Boolean ClinicManagement.Domain.Entities.Bill::get_IsActive()
DA:18,7
FN:18,System.String ClinicManagement.Domain.Entities.Bill::get_CreatedBy()
FNDA:30,System.String ClinicManagement.Domain.Entities.Bill::get_CreatedBy()
DA:19,30
FN:19,System.String ClinicManagement.Domain.Entities.Bill::get_ModifiedBy()
FNDA:4,System.String ClinicManagement.Domain.Entities.Bill::get_ModifiedBy()
DA:20,4
FN:21,ClinicManagement.Domain.Entities.Patient ClinicManagement.Domain.Entities.Bill::get_Patient()
FNDA:31,ClinicManagement.Domain.Entities.Patient ClinicManagement.Domain.Entities.Bill::get_Patient()
DA:22,31
LF:14
LH:14
BRF:0
BRH:0
FNF:14
FNH:14
end_of_record
SF:/modernize-data/studio-data/TNT1001/APP1016/transformed-code/14/studio-workspace/HosptalwithoutdbCmp/src/ClinicManagement.Domain/Entities/Clinic.cs
FN:7,System.Int32 ClinicManagement.Domain.Entities.Clinic::get_Id()
FNDA:16,System.Int32 ClinicManagement.Domain.Entities.Clinic::get_Id()
DA:8,16
FN:8,System.String ClinicManagement.Domain.Entities.Clinic::get_Name()
FNDA:38,System.String ClinicManagement.Domain.Entities.Clinic::get_Name()
DA:9,38
FN:9,System.String ClinicManagement.Domain.Entities.Clinic::get_Address()
FNDA:24,System.String ClinicManagement.Domain.Entities.Clinic::get_Address()
DA:10,24
FN:10,System.String ClinicManagement.Domain.Entities.Clinic::get_PhoneNumber()
FNDA:24,System.String ClinicManagement.Domain.Entities.Clinic::get_PhoneNumber()
DA:11,24
FN:11,System.String ClinicManagement.Domain.Entities.Clinic::get_Email()
FNDA:4,System.String ClinicManagement.Domain.Entities.Clinic::get_Email()
DA:12,4
FN:12,System.DateTime ClinicManagement.Domain.Entities.Clinic::get_CreatedDate()
FNDA:2,System.DateTime ClinicManagement.Domain.Entities.Clinic::get_CreatedDate()
DA:13,2
FN:13,System.Nullable`1<System.DateTime> ClinicManagement.Domain.Entities.Clinic::get_ModifiedDate()
FNDA:4,System.Nullable`1<System.DateTime> ClinicManagement.Domain.Entities.Clinic::get_ModifiedDate()
DA:14,4
FN:14,System.Boolean ClinicManagement.Domain.Entities.Clinic::get_IsActive()
FNDA:7,System.Boolean ClinicManagement.Domain.Entities.Clinic::get_IsActive()
DA:15,7
FN:15,System.String ClinicManagement.Domain.Entities.Clinic::get_CreatedBy()
FNDA:22,System.String ClinicManagement.Domain.Entities.Clinic::get_CreatedBy()
DA:16,22
FN:16,System.String ClinicManagement.Domain.Entities.Clinic::get_ModifiedBy()
FNDA:4,System.String ClinicManagement.Domain.Entities.Clinic::get_ModifiedBy()
DA:17,4
FN:18,System.Collections.Generic.ICollection`1<ClinicManagement.Domain.Entities.Doctor> ClinicManagement.Domain.Entities.Clinic::get_Doctors()
FNDA:29,System.Collections.Generic.ICollection`1<ClinicManagement.Domain.Entities.Doctor> ClinicManagement.Domain.Entities.Clinic::get_Doctors()
DA:19,29
LF:11
LH:11
BRF:0
BRH:0
FNF:11
FNH:11
end_of_record
SF:/modernize-data/studio-data/TNT1001/APP1016/transformed-code/14/studio-workspace/HosptalwithoutdbCmp/src/ClinicManagement.Domain/Entities/Doctor.cs
FN:9,System.Int32 ClinicManagement.Domain.Entities.Doctor::get_Id()
FNDA:19,System.Int32 ClinicManagement.Domain.Entities.Doctor::get_Id()
DA:10,19
FN:10,System.String ClinicManagement.Domain.Entities.Doctor::get_Name()
FNDA:41,System.String ClinicManagement.Domain.Entities.Doctor::get_Name()
DA:11,41
FN:11,System.String ClinicManagement.Domain.Entities.Doctor::get_Email()
FNDA:35,System.String ClinicManagement.Domain.Entities.Doctor::get_Email()
DA:12,35
FN:12,System.String ClinicManagement.Domain.Entities.Doctor::get_PasswordHash()
FNDA:31,System.String ClinicManagement.Domain.Entities.Doctor::get_PasswordHash()
DA:13,31
FN:13,System.String ClinicManagement.Domain.Entities.Doctor::get_PhoneNumber()
FNDA:29,System.String ClinicManagement.Domain.Entities.Doctor::get_PhoneNumber()
DA:14,29
FN:14,System.String ClinicManagement.Domain.Entities.Doctor::get_Specialization()
FNDA:33,System.String ClinicManagement.Domain.Entities.Doctor::get_Specialization()
DA:15,33
FN:15,System.String ClinicManagement.Domain.Entities.Doctor::get_Qualification()
FNDA:29,System.String ClinicManagement.Domain.Entities.Doctor::get_Qualification()
DA:16,29
FN:16,ClinicManagement.Domain.Enums.Gender ClinicManagement.Domain.Entities.Doctor::get_Gender()
FNDA:8,ClinicManagement.Domain.Enums.Gender ClinicManagement.Domain.Entities.Doctor::get_Gender()
DA:17,8
FN:17,System.Nullable`1<System.Int32> ClinicManagement.Domain.Entities.Doctor::get_ClinicId()
FNDA:6,System.Nullable`1<System.Int32> ClinicManagement.Domain.Entities.Doctor::get_ClinicId()
DA:18,6
FN:18,System.DateTime ClinicManagement.Domain.Entities.Doctor::get_CreatedDate()
FNDA:2,System.DateTime ClinicManagement.Domain.Entities.Doctor::get_CreatedDate()
DA:19,2
FN:19,System.Nullable`1<System.DateTime> ClinicManagement.Domain.Entities.Doctor::get_ModifiedDate()
FNDA:4,System.Nullable`1<System.DateTime> ClinicManagement.Domain.Entities.Doctor::get_ModifiedDate()
DA:20,4
FN:20,System.Boolean ClinicManagement.Domain.Entities.Doctor::get_IsActive()
FNDA:7,System.Boolean ClinicManagement.Domain.Entities.Doctor::get_IsActive()
DA:21,7
FN:21,System.String ClinicManagement.Domain.Entities.Doctor::get_CreatedBy()
FNDA:29,System.String ClinicManagement.Domain.Entities.Doctor::get_CreatedBy()
DA:22,29
FN:22,System.String ClinicManagement.Domain.Entities.Doctor::get_ModifiedBy()
FNDA:4,System.String ClinicManagement.Domain.Entities.Doctor::get_ModifiedBy()
DA:23,4
FN:24,ClinicManagement.Domain.Entities.Clinic ClinicManagement.Domain.Entities.Doctor::get_Clinic()
FNDA:6,ClinicManagement.Domain.Entities.Clinic ClinicManagement.Domain.Entities.Doctor::get_Clinic()
DA:25,6
FN:25,System.Collections.Generic.ICollection`1<ClinicManagement.Domain.Entities.Appointment> ClinicManagement.Domain.Entities.Doctor::get_Appointments()
FNDA:36,System.Collections.Generic.ICollection`1<ClinicManagement.Domain.Entities.Appointment> ClinicManagement.Domain.Entities.Doctor::get_Appointments()
DA:26,36
LF:16
LH:16
BRF:0
BRH:0
FNF:16
FNH:16
end_of_record
SF:/modernize-data/studio-data/TNT1001/APP1016/transformed-code/14/studio-workspace/HosptalwithoutdbCmp/src/ClinicManagement.Domain/Entities/Feedback.cs
FN:7,System.Int32 ClinicManagement.Domain.Entities.Feedback::get_Id()
FNDA:14,System.Int32 ClinicManagement.Domain.Entities.Feedback::get_Id()
DA:8,14
FN:8,System.Int32 ClinicManagement.Domain.Entities.Feedback::get_PatientId()
FNDA:11,System.Int32 ClinicManagement.Domain.Entities.Feedback::get_PatientId()
DA:9,11
FN:9,System.Nullable`1<System.Int32> ClinicManagement.Domain.Entities.Feedback::get_DoctorId()
FNDA:4,System.Nullable`1<System.Int32> ClinicManagement.Domain.Entities.Feedback::get_DoctorId()
DA:10,4
FN:10,System.String ClinicManagement.Domain.Entities.Feedback::get_Message()
FNDA:35,System.String ClinicManagement.Domain.Entities.Feedback::get_Message()
DA:11,35
FN:11,System.Nullable`1<System.Int32> ClinicManagement.Domain.Entities.Feedback::get_Rating()
FNDA:14,System.Nullable`1<System.Int32> ClinicManagement.Domain.Entities.Feedback::get_Rating()
DA:12,14
FN:12,System.DateTime ClinicManagement.Domain.Entities.Feedback::get_CreatedDate()
FNDA:2,System.DateTime ClinicManagement.Domain.Entities.Feedback::get_CreatedDate()
DA:13,2
FN:13,System.Nullable`1<System.DateTime> ClinicManagement.Domain.Entities.Feedback::get_ModifiedDate()
FNDA:4,System.Nullable`1<System.DateTime> ClinicManagement.Domain.Entities.Feedback::get_ModifiedDate()
DA:14,4
FN:14,System.Boolean ClinicManagement.Domain.Entities.Feedback::get_IsActive()
FNDA:7,System.Boolean ClinicManagement.Domain.Entities.Feedback::get_IsActive()
DA:15,7
FN:15,System.String ClinicManagement.Domain.Entities.Feedback::get_CreatedBy()
FNDA:27,System.String ClinicManagement.Domain.Entities.Feedback::get_CreatedBy()
DA:16,27
FN:16,System.String ClinicManagement.Domain.Entities.Feedback::get_ModifiedBy()
FNDA:4,System.String ClinicManagement.Domain.Entities.Feedback::get_ModifiedBy()
DA:17,4
FN:18,ClinicManagement.Domain.Entities.Patient ClinicManagement.Domain.Entities.Feedback::get_Patient()
FNDA:28,ClinicManagement.Domain.Entities.Patient ClinicManagement.Domain.Entities.Feedback::get_Patient()
DA:19,28
LF:11
LH:11
BRF:0
BRH:0
FNF:11
FNH:11
end_of_record
SF:/modernize-data/studio-data/TNT1001/APP1016/transformed-code/14/studio-workspace/HosptalwithoutdbCmp/src/ClinicManagement.Domain/Entities/Patient.cs
FN:9,System.Int32 ClinicManagement.Domain.Entities.Patient::get_Id()
FNDA:47,System.Int32 ClinicManagement.Domain.Entities.Patient::get_Id()
DA:10,47
FN:10,System.String ClinicManagement.Domain.Entities.Patient::get_Name()
FNDA:74,System.String ClinicManagement.Domain.Entities.Patient::get_Name()
DA:11,74
FN:11,System.String ClinicManagement.Domain.Entities.Patient::get_Email()
FNDA:53,System.String ClinicManagement.Domain.Entities.Patient::get_Email()
DA:12,53
FN:12,System.String ClinicManagement.Domain.Entities.Patient::get_PasswordHash()
FNDA:42,System.String ClinicManagement.Domain.Entities.Patient::get_PasswordHash()
DA:13,42
FN:13,System.String ClinicManagement.Domain.Entities.Patient::get_PhoneNumber()
FNDA:40,System.String ClinicManagement.Domain.Entities.Patient::get_PhoneNumber()
DA:14,40
FN:14,System.DateTime ClinicManagement.Domain.Entities.Patient::get_BirthDate()
FNDA:4,System.DateTime ClinicManagement.Domain.Entities.Patient::get_BirthDate()
DA:15,4
FN:15,ClinicManagement.Domain.Enums.Gender ClinicManagement.Domain.Entities.Patient::get_Gender()
FNDA:8,ClinicManagement.Domain.Enums.Gender ClinicManagement.Domain.Entities.Patient::get_Gender()
DA:16,8
FN:16,System.String ClinicManagement.Domain.Entities.Patient::get_Address()
FNDA:42,System.String ClinicManagement.Domain.Entities.Patient::get_Address()
DA:17,42
FN:17,System.DateTime ClinicManagement.Domain.Entities.Patient::get_CreatedDate()
FNDA:7,System.DateTime ClinicManagement.Domain.Entities.Patient::get_CreatedDate()
DA:18,7
FN:18,System.Nullable`1<System.DateTime> ClinicManagement.Domain.Entities.Patient::get_ModifiedDate()
FNDA:5,System.Nullable`1<System.DateTime> ClinicManagement.Domain.Entities.Patient::get_ModifiedDate()
DA:19,5
FN:19,System.Boolean ClinicManagement.Domain.Entities.Patient::get_IsActive()
FNDA:14,System.Boolean ClinicManagement.Domain.Entities.Patient::get_IsActive()
DA:20,14
FN:20,System.String ClinicManagement.Domain.Entities.Patient::get_CreatedBy()
FNDA:40,System.String ClinicManagement.Domain.Entities.Patient::get_CreatedBy()
DA:21,40
FN:21,System.String ClinicManagement.Domain.Entities.Patient::get_ModifiedBy()
FNDA:4,System.String ClinicManagement.Domain.Entities.Patient::get_ModifiedBy()
DA:22,4
FN:23,System.Collections.Generic.ICollection`1<ClinicManagement.Domain.Entities.Appointment> ClinicManagement.Domain.Entities.Patient::get_Appointments()
FNDA:47,System.Collections.Generic.ICollection`1<ClinicManagement.Domain.Entities.Appointment> ClinicManagement.Domain.Entities.Patient::get_Appointments()
DA:24,47
FN:24,System.Collections.Generic.ICollection`1<ClinicManagement.Domain.Entities.Bill> ClinicManagement.Domain.Entities.Patient::get_Bills()
FNDA:47,System.Collections.Generic.ICollection`1<ClinicManagement.Domain.Entities.Bill> ClinicManagement.Domain.Entities.Patient::get_Bills()
DA:25,47
FN:25,System.Collections.Generic.ICollection`1<ClinicManagement.Domain.Entities.Feedback> ClinicManagement.Domain.Entities.Patient::get_Feedbacks()
FNDA:47,System.Collections.Generic.ICollection`1<ClinicManagement.Domain.Entities.Feedback> ClinicManagement.Domain.Entities.Patient::get_Feedbacks()
DA:26,47
LF:16
LH:16
BRF:0
BRH:0
FNF:16
FNH:16
end_of_record
SF:/modernize-data/studio-data/TNT1001/APP1016/transformed-code/14/studio-workspace/HosptalwithoutdbCmp/src/ClinicManagement.Domain/Entities/Staff.cs
FN:7,System.Int32 ClinicManagement.Domain.Entities.Staff::get_Id()
FNDA:10,System.Int32 ClinicManagement.Domain.Entities.Staff::get_Id()
DA:8,10
FN:8,System.String ClinicManagement.Domain.Entities.Staff::get_Name()
FNDA:27,System.String ClinicManagement.Domain.Entities.Staff::get_Name()
DA:9,27
FN:9,System.String ClinicManagement.Domain.Entities.Staff::get_Email()
FNDA:26,System.String ClinicManagement.Domain.Entities.Staff::get_Email()
DA:10,26
FN:10,System.String ClinicManagement.Domain.Entities.Staff::get_PasswordHash()
FNDA:23,System.String ClinicManagement.Domain.Entities.Staff::get_PasswordHash()
DA:11,23
FN:11,System.String ClinicManagement.Domain.Entities.Staff::get_PhoneNumber()
FNDA:23,System.String ClinicManagement.Domain.Entities.Staff::get_PhoneNumber()
DA:12,23
FN:12,System.String ClinicManagement.Domain.Entities.Staff::get_Role()
FNDA:29,System.String ClinicManagement.Domain.Entities.Staff::get_Role()
DA:13,29
FN:13,System.DateTime ClinicManagement.Domain.Entities.Staff::get_CreatedDate()
FNDA:2,System.DateTime ClinicManagement.Domain.Entities.Staff::get_CreatedDate()
DA:14,2
FN:14,System.Nullable`1<System.DateTime> ClinicManagement.Domain.Entities.Staff::get_ModifiedDate()
FNDA:4,System.Nullable`1<System.DateTime> ClinicManagement.Domain.Entities.Staff::get_ModifiedDate()
DA:15,4
FN:15,System.Boolean ClinicManagement.Domain.Entities.Staff::get_IsActive()
FNDA:7,System.Boolean ClinicManagement.Domain.Entities.Staff::get_IsActive()
DA:16,7
FN:16,System.String ClinicManagement.Domain.Entities.Staff::get_CreatedBy()
FNDA:21,System.String ClinicManagement.Domain.Entities.Staff::get_CreatedBy()
DA:17,21
FN:17,System.String ClinicManagement.Domain.Entities.Staff::get_ModifiedBy()
FNDA:4,System.String ClinicManagement.Domain.Entities.Staff::get_ModifiedBy()
DA:18,4
LF:11
LH:11
BRF:0
BRH:0
FNF:11
FNH:11
end_of_record