SF:/home/studioai/.nuget/packages/microsoft.net.test.sdk/17.8.0/build/netcoreapp3.1/Microsoft.NET.Test.Sdk.Program.cs
FN:3,System.Void AutoGeneratedProgram::Main(System.String[])
FNDA:0,System.Void AutoGeneratedProgram::Main(System.String[])
DA:4,0
LF:1
LH:0
BRF:0
BRH:0
FNF:1
FNH:0
end_of_record
SF:/modernize-data/studio-data/TNT1001/APP1461/transformed-code/494/studio-workspace/Hospital16cmp/ClinicManagement/src/ClinicManagement.Application/Services/AppointmentService.cs
FN:10,System.Void ClinicManagement.Application.Services.AppointmentService::.ctor(ClinicManagement.Domain.Interfaces.Repositories.IAppointmentRepository)
FNDA:22,System.Void ClinicManagement.Application.Services.AppointmentService::.ctor(ClinicManagement.Domain.Interfaces.Repositories.IAppointmentRepository)
DA:11,22
DA:12,22
DA:13,22
DA:14,22
FN:26,System.Void ClinicManagement.Application.Services.AppointmentService/<CreateAppointmentAsync>d__4::MoveNext()
FNDA:2,System.Void ClinicManagement.Application.Services.AppointmentService/<CreateAppointmentAsync>d__4::MoveNext()
DA:27,2
DA:28,2
DA:29,2
DA:30,2
DA:31,2
DA:32,2
FN:40,System.Void ClinicManagement.Application.Services.AppointmentService/<DeleteAppointmentAsync>d__6::MoveNext()
FNDA:2,System.Void ClinicManagement.Application.Services.AppointmentService/<DeleteAppointmentAsync>d__6::MoveNext()
DA:41,2
DA:42,2
DA:43,2
FN:21,System.Void ClinicManagement.Application.Services.AppointmentService/<GetAllAppointmentsAsync>d__3::MoveNext()
FNDA:2,System.Void ClinicManagement.Application.Services.AppointmentService/<GetAllAppointmentsAsync>d__3::MoveNext()
DA:22,2
DA:23,2
DA:24,2
FN:16,System.Void ClinicManagement.Application.Services.AppointmentService/<GetAppointmentByIdAsync>d__2::MoveNext()
FNDA:4,System.Void ClinicManagement.Application.Services.AppointmentService/<GetAppointmentByIdAsync>d__2::MoveNext()
DA:17,4
DA:18,4
DA:19,4
FN:65,System.Void ClinicManagement.Application.Services.AppointmentService/<GetAppointmentHistoryAsync>d__11::MoveNext()
FNDA:0,System.Void ClinicManagement.Application.Services.AppointmentService/<GetAppointmentHistoryAsync>d__11::MoveNext()
DA:66,0
DA:67,0
DA:68,0
FN:50,System.Void ClinicManagement.Application.Services.AppointmentService/<GetDoctorAppointmentsAsync>d__8::MoveNext()
FNDA:2,System.Void ClinicManagement.Application.Services.AppointmentService/<GetDoctorAppointmentsAsync>d__8::MoveNext()
DA:51,2
DA:52,2
DA:53,2
FN:45,System.Void ClinicManagement.Application.Services.AppointmentService/<GetPatientAppointmentsAsync>d__7::MoveNext()
FNDA:2,System.Void ClinicManagement.Application.Services.AppointmentService/<GetPatientAppointmentsAsync>d__7::MoveNext()
DA:46,2
DA:47,2
DA:48,2
FN:60,System.Void ClinicManagement.Application.Services.AppointmentService/<GetPendingAppointmentsAsync>d__10::MoveNext()
FNDA:0,System.Void ClinicManagement.Application.Services.AppointmentService/<GetPendingAppointmentsAsync>d__10::MoveNext()
DA:61,0
DA:62,0
DA:63,0
FN:55,System.Void ClinicManagement.Application.Services.AppointmentService/<GetUpcomingAppointmentsAsync>d__9::MoveNext()
FNDA:0,System.Void ClinicManagement.Application.Services.AppointmentService/<GetUpcomingAppointmentsAsync>d__9::MoveNext()
DA:56,0
DA:57,0
DA:58,0
FN:92,System.Void ClinicManagement.Application.Services.AppointmentService/<MarkAsPaidAsync>d__14::MoveNext()
FNDA:2,System.Void ClinicManagement.Application.Services.AppointmentService/<MarkAsPaidAsync>d__14::MoveNext()
DA:93,2
DA:94,2
DA:95,2
DA:96,2
DA:97,2
DA:98,2
DA:99,2
DA:100,2
DA:101,2
BRDA:95,173,0,2
BRDA:95,173,1,2
FN:34,System.Void ClinicManagement.Application.Services.AppointmentService/<UpdateAppointmentAsync>d__5::MoveNext()
FNDA:2,System.Void ClinicManagement.Application.Services.AppointmentService/<UpdateAppointmentAsync>d__5::MoveNext()
DA:35,2
DA:36,2
DA:37,2
DA:38,2
FN:70,System.Void ClinicManagement.Application.Services.AppointmentService/<UpdateAppointmentStatusAsync>d__12::MoveNext()
FNDA:2,System.Void ClinicManagement.Application.Services.AppointmentService/<UpdateAppointmentStatusAsync>d__12::MoveNext()
DA:71,2
DA:72,2
DA:73,2
DA:74,2
DA:75,2
DA:76,2
DA:77,2
DA:78,2
DA:79,2
BRDA:73,173,0,2
BRDA:73,173,1,2
FN:81,System.Void ClinicManagement.Application.Services.AppointmentService/<UpdateBillAsync>d__13::MoveNext()
FNDA:2,System.Void ClinicManagement.Application.Services.AppointmentService/<UpdateBillAsync>d__13::MoveNext()
DA:82,2
DA:83,2
DA:84,2
DA:85,2
DA:86,2
DA:87,2
DA:88,2
DA:89,2
DA:90,2
BRDA:84,173,0,2
BRDA:84,173,1,2
LF:65
LH:56
BRF:6
BRH:6
FNF:14
FNH:11
end_of_record
SF:/modernize-data/studio-data/TNT1001/APP1461/transformed-code/494/studio-workspace/Hospital16cmp/ClinicManagement/src/ClinicManagement.Application/Services/DepartmentService.cs
FN:10,System.Void ClinicManagement.Application.Services.DepartmentService::.ctor(ClinicManagement.Domain.Interfaces.Repositories.IDepartmentRepository)
FNDA:12,System.Void ClinicManagement.Application.Services.DepartmentService::.ctor(ClinicManagement.Domain.Interfaces.Repositories.IDepartmentRepository)
DA:11,12
DA:12,12
DA:13,12
DA:14,12
FN:26,System.Void ClinicManagement.Application.Services.DepartmentService/<CreateDepartmentAsync>d__4::MoveNext()
FNDA:2,System.Void ClinicManagement.Application.Services.DepartmentService/<CreateDepartmentAsync>d__4::MoveNext()
DA:27,2
DA:28,2
DA:29,2
FN:37,System.Void ClinicManagement.Application.Services.DepartmentService/<DeleteDepartmentAsync>d__6::MoveNext()
FNDA:2,System.Void ClinicManagement.Application.Services.DepartmentService/<DeleteDepartmentAsync>d__6::MoveNext()
DA:38,2
DA:39,2
DA:40,2
FN:21,System.Void ClinicManagement.Application.Services.DepartmentService/<GetAllDepartmentsAsync>d__3::MoveNext()
FNDA:2,System.Void ClinicManagement.Application.Services.DepartmentService/<GetAllDepartmentsAsync>d__3::MoveNext()
DA:22,2
DA:23,2
DA:24,2
FN:16,System.Void ClinicManagement.Application.Services.DepartmentService/<GetDepartmentByIdAsync>d__2::MoveNext()
FNDA:4,System.Void ClinicManagement.Application.Services.DepartmentService/<GetDepartmentByIdAsync>d__2::MoveNext()
DA:17,4
DA:18,4
DA:19,4
FN:31,System.Void ClinicManagement.Application.Services.DepartmentService/<UpdateDepartmentAsync>d__5::MoveNext()
FNDA:2,System.Void ClinicManagement.Application.Services.DepartmentService/<UpdateDepartmentAsync>d__5::MoveNext()
DA:32,2
DA:33,2
DA:34,2
DA:35,2
LF:20
LH:20
BRF:0
BRH:0
FNF:6
FNH:6
end_of_record
SF:/modernize-data/studio-data/TNT1001/APP1461/transformed-code/494/studio-workspace/Hospital16cmp/ClinicManagement/src/ClinicManagement.Application/Services/DoctorService.cs
FN:64,System.String ClinicManagement.Application.Services.DoctorService::HashPassword(System.String)
FNDA:4,System.String ClinicManagement.Application.Services.DoctorService::HashPassword(System.String)
DA:65,4
DA:66,4
DA:67,4
DA:68,4
DA:69,4
DA:70,4
FN:10,System.Void ClinicManagement.Application.Services.DoctorService::.ctor(ClinicManagement.Domain.Interfaces.Repositories.IDoctorRepository)
FNDA:20,System.Void ClinicManagement.Application.Services.DoctorService::.ctor(ClinicManagement.Domain.Interfaces.Repositories.IDoctorRepository)
DA:11,20
DA:12,20
DA:13,20
DA:14,20
FN:26,System.Void ClinicManagement.Application.Services.DoctorService/<CreateDoctorAsync>d__4::MoveNext()
FNDA:2,System.Void ClinicManagement.Application.Services.DoctorService/<CreateDoctorAsync>d__4::MoveNext()
DA:27,2
DA:28,2
DA:29,2
DA:30,2
FN:38,System.Void ClinicManagement.Application.Services.DoctorService/<DeleteDoctorAsync>d__6::MoveNext()
FNDA:2,System.Void ClinicManagement.Application.Services.DoctorService/<DeleteDoctorAsync>d__6::MoveNext()
DA:39,2
DA:40,2
DA:41,2
FN:21,System.Void ClinicManagement.Application.Services.DoctorService/<GetAllDoctorsAsync>d__3::MoveNext()
FNDA:2,System.Void ClinicManagement.Application.Services.DoctorService/<GetAllDoctorsAsync>d__3::MoveNext()
DA:22,2
DA:23,2
DA:24,2
FN:16,System.Void ClinicManagement.Application.Services.DoctorService/<GetDoctorByIdAsync>d__2::MoveNext()
FNDA:4,System.Void ClinicManagement.Application.Services.DoctorService/<GetDoctorByIdAsync>d__2::MoveNext()
DA:17,4
DA:18,4
DA:19,4
FN:49,System.Void ClinicManagement.Application.Services.DoctorService/<GetDoctorsByDepartmentAsync>d__8::MoveNext()
FNDA:2,System.Void ClinicManagement.Application.Services.DoctorService/<GetDoctorsByDepartmentAsync>d__8::MoveNext()
DA:50,2
DA:51,2
DA:52,2
FN:54,System.Void ClinicManagement.Application.Services.DoctorService/<GetDoctorsBySpecializationAsync>d__9::MoveNext()
FNDA:2,System.Void ClinicManagement.Application.Services.DoctorService/<GetDoctorsBySpecializationAsync>d__9::MoveNext()
DA:55,2
DA:56,2
DA:57,2
FN:59,System.Void ClinicManagement.Application.Services.DoctorService/<SearchDoctorsAsync>d__10::MoveNext()
FNDA:2,System.Void ClinicManagement.Application.Services.DoctorService/<SearchDoctorsAsync>d__10::MoveNext()
DA:60,2
DA:61,2
DA:62,2
FN:32,System.Void ClinicManagement.Application.Services.DoctorService/<UpdateDoctorAsync>d__5::MoveNext()
FNDA:2,System.Void ClinicManagement.Application.Services.DoctorService/<UpdateDoctorAsync>d__5::MoveNext()
DA:33,2
DA:34,2
DA:35,2
DA:36,2
FN:43,System.Void ClinicManagement.Application.Services.DoctorService/<ValidateLoginAsync>d__7::MoveNext()
FNDA:2,System.Void ClinicManagement.Application.Services.DoctorService/<ValidateLoginAsync>d__7::MoveNext()
DA:44,2
DA:45,2
DA:46,2
DA:47,2
LF:40
LH:40
BRF:0
BRH:0
FNF:11
FNH:11
end_of_record
SF:/modernize-data/studio-data/TNT1001/APP1461/transformed-code/494/studio-workspace/Hospital16cmp/ClinicManagement/src/ClinicManagement.Application/Services/OtherStaffService.cs
FN:10,System.Void ClinicManagement.Application.Services.OtherStaffService::.ctor(ClinicManagement.Domain.Interfaces.Repositories.IOtherStaffRepository)
FNDA:14,System.Void ClinicManagement.Application.Services.OtherStaffService::.ctor(ClinicManagement.Domain.Interfaces.Repositories.IOtherStaffRepository)
DA:11,14
DA:12,14
DA:13,14
DA:14,14
FN:26,System.Void ClinicManagement.Application.Services.OtherStaffService/<CreateStaffAsync>d__4::MoveNext()
FNDA:2,System.Void ClinicManagement.Application.Services.OtherStaffService/<CreateStaffAsync>d__4::MoveNext()
DA:27,2
DA:28,2
DA:29,2
FN:37,System.Void ClinicManagement.Application.Services.OtherStaffService/<DeleteStaffAsync>d__6::MoveNext()
FNDA:2,System.Void ClinicManagement.Application.Services.OtherStaffService/<DeleteStaffAsync>d__6::MoveNext()
DA:38,2
DA:39,2
DA:40,2
FN:21,System.Void ClinicManagement.Application.Services.OtherStaffService/<GetAllStaffAsync>d__3::MoveNext()
FNDA:2,System.Void ClinicManagement.Application.Services.OtherStaffService/<GetAllStaffAsync>d__3::MoveNext()
DA:22,2
DA:23,2
DA:24,2
FN:42,System.Void ClinicManagement.Application.Services.OtherStaffService/<GetStaffByDesignationAsync>d__7::MoveNext()
FNDA:2,System.Void ClinicManagement.Application.Services.OtherStaffService/<GetStaffByDesignationAsync>d__7::MoveNext()
DA:43,2
DA:44,2
DA:45,2
FN:16,System.Void ClinicManagement.Application.Services.OtherStaffService/<GetStaffByIdAsync>d__2::MoveNext()
FNDA:4,System.Void ClinicManagement.Application.Services.OtherStaffService/<GetStaffByIdAsync>d__2::MoveNext()
DA:17,4
DA:18,4
DA:19,4
FN:31,System.Void ClinicManagement.Application.Services.OtherStaffService/<UpdateStaffAsync>d__5::MoveNext()
FNDA:2,System.Void ClinicManagement.Application.Services.OtherStaffService/<UpdateStaffAsync>d__5::MoveNext()
DA:32,2
DA:33,2
DA:34,2
DA:35,2
LF:23
LH:23
BRF:0
BRH:0
FNF:7
FNH:7
end_of_record
SF:/modernize-data/studio-data/TNT1001/APP1461/transformed-code/494/studio-workspace/Hospital16cmp/ClinicManagement/src/ClinicManagement.Application/Services/PatientService.cs
FN:55,System.String ClinicManagement.Application.Services.PatientService::HashPassword(System.String)
FNDA:6,System.String ClinicManagement.Application.Services.PatientService::HashPassword(System.String)
DA:56,6
DA:58,6
DA:59,6
DA:60,6
DA:61,6
DA:62,6
FN:10,System.Void ClinicManagement.Application.Services.PatientService::.ctor(ClinicManagement.Domain.Interfaces.Repositories.IPatientRepository)
FNDA:18,System.Void ClinicManagement.Application.Services.PatientService::.ctor(ClinicManagement.Domain.Interfaces.Repositories.IPatientRepository)
DA:11,18
DA:12,18
DA:13,18
DA:14,18
FN:26,System.Void ClinicManagement.Application.Services.PatientService/<CreatePatientAsync>d__4::MoveNext()
FNDA:2,System.Void ClinicManagement.Application.Services.PatientService/<CreatePatientAsync>d__4::MoveNext()
DA:27,2
DA:29,2
DA:30,2
DA:31,2
FN:39,System.Void ClinicManagement.Application.Services.PatientService/<DeletePatientAsync>d__6::MoveNext()
FNDA:2,System.Void ClinicManagement.Application.Services.PatientService/<DeletePatientAsync>d__6::MoveNext()
DA:40,2
DA:41,2
DA:42,2
FN:21,System.Void ClinicManagement.Application.Services.PatientService/<GetAllPatientsAsync>d__3::MoveNext()
FNDA:2,System.Void ClinicManagement.Application.Services.PatientService/<GetAllPatientsAsync>d__3::MoveNext()
DA:22,2
DA:23,2
DA:24,2
FN:16,System.Void ClinicManagement.Application.Services.PatientService/<GetPatientByIdAsync>d__2::MoveNext()
FNDA:4,System.Void ClinicManagement.Application.Services.PatientService/<GetPatientByIdAsync>d__2::MoveNext()
DA:17,4
DA:18,4
DA:19,4
FN:50,System.Void ClinicManagement.Application.Services.PatientService/<SearchPatientsAsync>d__8::MoveNext()
FNDA:2,System.Void ClinicManagement.Application.Services.PatientService/<SearchPatientsAsync>d__8::MoveNext()
DA:51,2
DA:52,2
DA:53,2
FN:33,System.Void ClinicManagement.Application.Services.PatientService/<UpdatePatientAsync>d__5::MoveNext()
FNDA:2,System.Void ClinicManagement.Application.Services.PatientService/<UpdatePatientAsync>d__5::MoveNext()
DA:34,2
DA:35,2
DA:36,2
DA:37,2
FN:44,System.Void ClinicManagement.Application.Services.PatientService/<ValidateLoginAsync>d__7::MoveNext()
FNDA:4,System.Void ClinicManagement.Application.Services.PatientService/<ValidateLoginAsync>d__7::MoveNext()
DA:45,4
DA:46,4
DA:47,4
DA:48,4
LF:34
LH:34
BRF:0
BRH:0
FNF:9
FNH:9
end_of_record
SF:/modernize-data/studio-data/TNT1001/APP1461/transformed-code/494/studio-workspace/Hospital16cmp/ClinicManagement/src/ClinicManagement.Application/Mappings/MappingProfile.cs
FN:8,System.Void ClinicManagement.Application.Mappings.MappingProfile::.ctor()
FNDA:16,System.Void ClinicManagement.Application.Mappings.MappingProfile::.ctor()
DA:9,16
DA:10,16
DA:12,16
DA:13,16
DA:14,16
DA:17,16
DA:18,32
DA:19,16
DA:20,16
DA:23,16
DA:24,16
DA:25,16
DA:28,16
DA:29,16
DA:30,32
DA:31,16
DA:32,16
DA:33,16
DA:34,32
DA:35,16
DA:38,16
DA:39,16
DA:40,16
DA:41,16
LF:24
LH:24
BRF:0
BRH:0
FNF:1
FNH:1
end_of_record
SF:/modernize-data/studio-data/TNT1001/APP1461/transformed-code/494/studio-workspace/Hospital16cmp/ClinicManagement/src/ClinicManagement.Application/Extensions/ServiceCollectionExtensions.cs
FN:9,Microsoft.Extensions.DependencyInjection.IServiceCollection ClinicManagement.Application.Extensions.ServiceCollectionExtensions::AddApplicationServices(Microsoft.Extensions.DependencyInjection.IServiceCollection)
FNDA:0,Microsoft.Extensions.DependencyInjection.IServiceCollection ClinicManagement.Application.Extensions.ServiceCollectionExtensions::AddApplicationServices(Microsoft.Extensions.DependencyInjection.IServiceCollection)
DA:10,0
DA:12,0
DA:15,0
DA:16,0
DA:17,0
DA:18,0
DA:19,0
DA:21,0
DA:22,0
LF:9
LH:0
BRF:0
BRH:0
FNF:1
FNH:0
end_of_record
SF:/modernize-data/studio-data/TNT1001/APP1461/transformed-code/494/studio-workspace/Hospital16cmp/ClinicManagement/src/ClinicManagement.Application/DTOs/AppointmentDto.cs
FN:4,System.Int32 ClinicManagement.Application.DTOs.AppointmentDto::get_AppointmentID()
FNDA:4,System.Int32 ClinicManagement.Application.DTOs.AppointmentDto::get_AppointmentID()
DA:5,4
FN:5,System.Int32 ClinicManagement.Application.DTOs.AppointmentDto::get_PatientID()
FNDA:2,System.Int32 ClinicManagement.Application.DTOs.AppointmentDto::get_PatientID()
DA:6,2
FN:6,System.String ClinicManagement.Application.DTOs.AppointmentDto::get_PatientName()
FNDA:6,System.String ClinicManagement.Application.DTOs.AppointmentDto::get_PatientName()
DA:7,6
FN:7,System.Int32 ClinicManagement.Application.DTOs.AppointmentDto::get_DoctorID()
FNDA:2,System.Int32 ClinicManagement.Application.DTOs.AppointmentDto::get_DoctorID()
DA:8,2
FN:8,System.String ClinicManagement.Application.DTOs.AppointmentDto::get_DoctorName()
FNDA:6,System.String ClinicManagement.Application.DTOs.AppointmentDto::get_DoctorName()
DA:9,6
FN:9,System.DateTime ClinicManagement.Application.DTOs.AppointmentDto::get_AppointmentDate()
FNDA:2,System.DateTime ClinicManagement.Application.DTOs.AppointmentDto::get_AppointmentDate()
DA:10,2
FN:10,System.String ClinicManagement.Application.DTOs.AppointmentDto::get_Timings()
FNDA:4,System.String ClinicManagement.Application.DTOs.AppointmentDto::get_Timings()
DA:11,4
FN:11,System.String ClinicManagement.Application.DTOs.AppointmentDto::get_Status()
FNDA:4,System.String ClinicManagement.Application.DTOs.AppointmentDto::get_Status()
DA:12,4
FN:12,System.String ClinicManagement.Application.DTOs.AppointmentDto::get_Disease()
FNDA:4,System.String ClinicManagement.Application.DTOs.AppointmentDto::get_Disease()
DA:13,4
FN:13,System.String ClinicManagement.Application.DTOs.AppointmentDto::get_Progress()
FNDA:4,System.String ClinicManagement.Application.DTOs.AppointmentDto::get_Progress()
DA:14,4
FN:14,System.String ClinicManagement.Application.DTOs.AppointmentDto::get_Prescription()
FNDA:4,System.String ClinicManagement.Application.DTOs.AppointmentDto::get_Prescription()
DA:15,4
FN:15,System.Decimal ClinicManagement.Application.DTOs.AppointmentDto::get_BillAmount()
FNDA:2,System.Decimal ClinicManagement.Application.DTOs.AppointmentDto::get_BillAmount()
DA:16,2
FN:16,System.Boolean ClinicManagement.Application.DTOs.AppointmentDto::get_IsPaid()
FNDA:2,System.Boolean ClinicManagement.Application.DTOs.AppointmentDto::get_IsPaid()
DA:17,2
FN:17,System.Boolean ClinicManagement.Application.DTOs.AppointmentDto::get_FeedbackGiven()
FNDA:2,System.Boolean ClinicManagement.Application.DTOs.AppointmentDto::get_FeedbackGiven()
DA:18,2
FN:22,System.Int32 ClinicManagement.Application.DTOs.CreateAppointmentDto::get_PatientID()
FNDA:4,System.Int32 ClinicManagement.Application.DTOs.CreateAppointmentDto::get_PatientID()
DA:23,4
FN:23,System.Int32 ClinicManagement.Application.DTOs.CreateAppointmentDto::get_DoctorID()
FNDA:4,System.Int32 ClinicManagement.Application.DTOs.CreateAppointmentDto::get_DoctorID()
DA:24,4
FN:24,System.DateTime ClinicManagement.Application.DTOs.CreateAppointmentDto::get_AppointmentDate()
FNDA:2,System.DateTime ClinicManagement.Application.DTOs.CreateAppointmentDto::get_AppointmentDate()
DA:25,2
FN:25,System.String ClinicManagement.Application.DTOs.CreateAppointmentDto::get_Timings()
FNDA:4,System.String ClinicManagement.Application.DTOs.CreateAppointmentDto::get_Timings()
DA:26,4
FN:26,System.String ClinicManagement.Application.DTOs.CreateAppointmentDto::get_Disease()
FNDA:6,System.String ClinicManagement.Application.DTOs.CreateAppointmentDto::get_Disease()
DA:27,6
FN:31,System.Int32 ClinicManagement.Application.DTOs.UpdateAppointmentDto::get_AppointmentID()
FNDA:0,System.Int32 ClinicManagement.Application.DTOs.UpdateAppointmentDto::get_AppointmentID()
DA:32,0
FN:32,System.String ClinicManagement.Application.DTOs.UpdateAppointmentDto::get_Status()
FNDA:0,System.String ClinicManagement.Application.DTOs.UpdateAppointmentDto::get_Status()
DA:33,0
FN:33,System.String ClinicManagement.Application.DTOs.UpdateAppointmentDto::get_Progress()
FNDA:0,System.String ClinicManagement.Application.DTOs.UpdateAppointmentDto::get_Progress()
DA:34,0
FN:34,System.String ClinicManagement.Application.DTOs.UpdateAppointmentDto::get_Prescription()
FNDA:0,System.String ClinicManagement.Application.DTOs.UpdateAppointmentDto::get_Prescription()
DA:35,0
FN:35,System.Decimal ClinicManagement.Application.DTOs.UpdateAppointmentDto::get_BillAmount()
FNDA:0,System.Decimal ClinicManagement.Application.DTOs.UpdateAppointmentDto::get_BillAmount()
DA:36,0
LF:24
LH:19
BRF:0
BRH:0
FNF:24
FNH:19
end_of_record
SF:/modernize-data/studio-data/TNT1001/APP1461/transformed-code/494/studio-workspace/Hospital16cmp/ClinicManagement/src/ClinicManagement.Application/DTOs/DepartmentDto.cs
FN:4,System.Int32 ClinicManagement.Application.DTOs.DepartmentDto::get_DeptNo()
FNDA:4,System.Int32 ClinicManagement.Application.DTOs.DepartmentDto::get_DeptNo()
DA:5,4
FN:5,System.String ClinicManagement.Application.DTOs.DepartmentDto::get_DeptName()
FNDA:6,System.String ClinicManagement.Application.DTOs.DepartmentDto::get_DeptName()
DA:6,6
FN:6,System.String ClinicManagement.Application.DTOs.DepartmentDto::get_Description()
FNDA:6,System.String ClinicManagement.Application.DTOs.DepartmentDto::get_Description()
DA:7,6
FN:11,System.String ClinicManagement.Application.DTOs.CreateDepartmentDto::get_DeptName()
FNDA:0,System.String ClinicManagement.Application.DTOs.CreateDepartmentDto::get_DeptName()
DA:12,0
FN:12,System.String ClinicManagement.Application.DTOs.CreateDepartmentDto::get_Description()
FNDA:0,System.String ClinicManagement.Application.DTOs.CreateDepartmentDto::get_Description()
DA:13,0
FN:17,System.Int32 ClinicManagement.Application.DTOs.UpdateDepartmentDto::get_DeptNo()
FNDA:0,System.Int32 ClinicManagement.Application.DTOs.UpdateDepartmentDto::get_DeptNo()
DA:18,0
FN:18,System.String ClinicManagement.Application.DTOs.UpdateDepartmentDto::get_DeptName()
FNDA:0,System.String ClinicManagement.Application.DTOs.UpdateDepartmentDto::get_DeptName()
DA:19,0
FN:19,System.String ClinicManagement.Application.DTOs.UpdateDepartmentDto::get_Description()
FNDA:0,System.String ClinicManagement.Application.DTOs.UpdateDepartmentDto::get_Description()
DA:20,0
LF:8
LH:3
BRF:0
BRH:0
FNF:8
FNH:3
end_of_record
SF:/modernize-data/studio-data/TNT1001/APP1461/transformed-code/494/studio-workspace/Hospital16cmp/ClinicManagement/src/ClinicManagement.Application/DTOs/DoctorDto.cs
FN:4,System.Int32 ClinicManagement.Application.DTOs.DoctorDto::get_DoctorID()
FNDA:4,System.Int32 ClinicManagement.Application.DTOs.DoctorDto::get_DoctorID()
DA:5,4
FN:5,System.String ClinicManagement.Application.DTOs.DoctorDto::get_Name()
FNDA:6,System.String ClinicManagement.Application.DTOs.DoctorDto::get_Name()
DA:6,6
FN:6,System.String ClinicManagement.Application.DTOs.DoctorDto::get_Email()
FNDA:4,System.String ClinicManagement.Application.DTOs.DoctorDto::get_Email()
DA:7,4
FN:7,System.String ClinicManagement.Application.DTOs.DoctorDto::get_Phone()
FNDA:4,System.String ClinicManagement.Application.DTOs.DoctorDto::get_Phone()
DA:8,4
FN:8,System.String ClinicManagement.Application.DTOs.DoctorDto::get_Address()
FNDA:4,System.String ClinicManagement.Application.DTOs.DoctorDto::get_Address()
DA:9,4
FN:9,System.DateTime ClinicManagement.Application.DTOs.DoctorDto::get_BirthDate()
FNDA:2,System.DateTime ClinicManagement.Application.DTOs.DoctorDto::get_BirthDate()
DA:10,2
FN:10,System.String ClinicManagement.Application.DTOs.DoctorDto::get_Gender()
FNDA:4,System.String ClinicManagement.Application.DTOs.DoctorDto::get_Gender()
DA:11,4
FN:11,System.Int32 ClinicManagement.Application.DTOs.DoctorDto::get_DeptNo()
FNDA:2,System.Int32 ClinicManagement.Application.DTOs.DoctorDto::get_DeptNo()
DA:12,2
FN:12,System.String ClinicManagement.Application.DTOs.DoctorDto::get_DepartmentName()
FNDA:6,System.String ClinicManagement.Application.DTOs.DoctorDto::get_DepartmentName()
DA:13,6
FN:13,System.Int32 ClinicManagement.Application.DTOs.DoctorDto::get_Experience()
FNDA:2,System.Int32 ClinicManagement.Application.DTOs.DoctorDto::get_Experience()
DA:14,2
FN:14,System.Decimal ClinicManagement.Application.DTOs.DoctorDto::get_Salary()
FNDA:2,System.Decimal ClinicManagement.Application.DTOs.DoctorDto::get_Salary()
DA:15,2
FN:15,System.Decimal ClinicManagement.Application.DTOs.DoctorDto::get_ChargesPerVisit()
FNDA:2,System.Decimal ClinicManagement.Application.DTOs.DoctorDto::get_ChargesPerVisit()
DA:16,2
FN:16,System.String ClinicManagement.Application.DTOs.DoctorDto::get_Specialization()
FNDA:4,System.String ClinicManagement.Application.DTOs.DoctorDto::get_Specialization()
DA:17,4
FN:17,System.String ClinicManagement.Application.DTOs.DoctorDto::get_Qualification()
FNDA:4,System.String ClinicManagement.Application.DTOs.DoctorDto::get_Qualification()
DA:18,4
FN:22,System.String ClinicManagement.Application.DTOs.CreateDoctorDto::get_Name()
FNDA:0,System.String ClinicManagement.Application.DTOs.CreateDoctorDto::get_Name()
DA:23,0
FN:23,System.String ClinicManagement.Application.DTOs.CreateDoctorDto::get_Email()
FNDA:0,System.String ClinicManagement.Application.DTOs.CreateDoctorDto::get_Email()
DA:24,0
FN:24,System.String ClinicManagement.Application.DTOs.CreateDoctorDto::get_Password()
FNDA:0,System.String ClinicManagement.Application.DTOs.CreateDoctorDto::get_Password()
DA:25,0
FN:25,System.String ClinicManagement.Application.DTOs.CreateDoctorDto::get_Phone()
FNDA:0,System.String ClinicManagement.Application.DTOs.CreateDoctorDto::get_Phone()
DA:26,0
FN:26,System.String ClinicManagement.Application.DTOs.CreateDoctorDto::get_Address()
FNDA:0,System.String ClinicManagement.Application.DTOs.CreateDoctorDto::get_Address()
DA:27,0
FN:27,System.DateTime ClinicManagement.Application.DTOs.CreateDoctorDto::get_BirthDate()
FNDA:0,System.DateTime ClinicManagement.Application.DTOs.CreateDoctorDto::get_BirthDate()
DA:28,0
FN:28,System.String ClinicManagement.Application.DTOs.CreateDoctorDto::get_Gender()
FNDA:0,System.String ClinicManagement.Application.DTOs.CreateDoctorDto::get_Gender()
DA:29,0
FN:29,System.Int32 ClinicManagement.Application.DTOs.CreateDoctorDto::get_DeptNo()
FNDA:0,System.Int32 ClinicManagement.Application.DTOs.CreateDoctorDto::get_DeptNo()
DA:30,0
FN:30,System.Int32 ClinicManagement.Application.DTOs.CreateDoctorDto::get_Experience()
FNDA:0,System.Int32 ClinicManagement.Application.DTOs.CreateDoctorDto::get_Experience()
DA:31,0
FN:31,System.Decimal ClinicManagement.Application.DTOs.CreateDoctorDto::get_Salary()
FNDA:0,System.Decimal ClinicManagement.Application.DTOs.CreateDoctorDto::get_Salary()
DA:32,0
FN:32,System.Decimal ClinicManagement.Application.DTOs.CreateDoctorDto::get_ChargesPerVisit()
FNDA:0,System.Decimal ClinicManagement.Application.DTOs.CreateDoctorDto::get_ChargesPerVisit()
DA:33,0
FN:33,System.String ClinicManagement.Application.DTOs.CreateDoctorDto::get_Specialization()
FNDA:0,System.String ClinicManagement.Application.DTOs.CreateDoctorDto::get_Specialization()
DA:34,0
FN:34,System.String ClinicManagement.Application.DTOs.CreateDoctorDto::get_Qualification()
FNDA:0,System.String ClinicManagement.Application.DTOs.CreateDoctorDto::get_Qualification()
DA:35,0
FN:39,System.Int32 ClinicManagement.Application.DTOs.UpdateDoctorDto::get_DoctorID()
FNDA:0,System.Int32 ClinicManagement.Application.DTOs.UpdateDoctorDto::get_DoctorID()
DA:40,0
FN:40,System.String ClinicManagement.Application.DTOs.UpdateDoctorDto::get_Name()
FNDA:0,System.String ClinicManagement.Application.DTOs.UpdateDoctorDto::get_Name()
DA:41,0
FN:41,System.String ClinicManagement.Application.DTOs.UpdateDoctorDto::get_Email()
FNDA:0,System.String ClinicManagement.Application.DTOs.UpdateDoctorDto::get_Email()
DA:42,0
FN:42,System.String ClinicManagement.Application.DTOs.UpdateDoctorDto::get_Phone()
FNDA:0,System.String ClinicManagement.Application.DTOs.UpdateDoctorDto::get_Phone()
DA:43,0
FN:43,System.String ClinicManagement.Application.DTOs.UpdateDoctorDto::get_Address()
FNDA:0,System.String ClinicManagement.Application.DTOs.UpdateDoctorDto::get_Address()
DA:44,0
FN:44,System.DateTime ClinicManagement.Application.DTOs.UpdateDoctorDto::get_BirthDate()
FNDA:0,System.DateTime ClinicManagement.Application.DTOs.UpdateDoctorDto::get_BirthDate()
DA:45,0
FN:45,System.String ClinicManagement.Application.DTOs.UpdateDoctorDto::get_Gender()
FNDA:0,System.String ClinicManagement.Application.DTOs.UpdateDoctorDto::get_Gender()
DA:46,0
FN:46,System.Int32 ClinicManagement.Application.DTOs.UpdateDoctorDto::get_DeptNo()
FNDA:0,System.Int32 ClinicManagement.Application.DTOs.UpdateDoctorDto::get_DeptNo()
DA:47,0
FN:47,System.Int32 ClinicManagement.Application.DTOs.UpdateDoctorDto::get_Experience()
FNDA:0,System.Int32 ClinicManagement.Application.DTOs.UpdateDoctorDto::get_Experience()
DA:48,0
FN:48,System.Decimal ClinicManagement.Application.DTOs.UpdateDoctorDto::get_Salary()
FNDA:0,System.Decimal ClinicManagement.Application.DTOs.UpdateDoctorDto::get_Salary()
DA:49,0
FN:49,System.Decimal ClinicManagement.Application.DTOs.UpdateDoctorDto::get_ChargesPerVisit()
FNDA:0,System.Decimal ClinicManagement.Application.DTOs.UpdateDoctorDto::get_ChargesPerVisit()
DA:50,0
FN:50,System.String ClinicManagement.Application.DTOs.UpdateDoctorDto::get_Specialization()
FNDA:0,System.String ClinicManagement.Application.DTOs.UpdateDoctorDto::get_Specialization()
DA:51,0
FN:51,System.String ClinicManagement.Application.DTOs.UpdateDoctorDto::get_Qualification()
FNDA:0,System.String ClinicManagement.Application.DTOs.UpdateDoctorDto::get_Qualification()
DA:52,0
LF:40
LH:14
BRF:0
BRH:0
FNF:40
FNH:14
end_of_record
SF:/modernize-data/studio-data/TNT1001/APP1461/transformed-code/494/studio-workspace/Hospital16cmp/ClinicManagement/src/ClinicManagement.Application/DTOs/OtherStaffDto.cs
FN:4,System.Int32 ClinicManagement.Application.DTOs.OtherStaffDto::get_StaffID()
FNDA:4,System.Int32 ClinicManagement.Application.DTOs.OtherStaffDto::get_StaffID()
DA:5,4
FN:5,System.String ClinicManagement.Application.DTOs.OtherStaffDto::get_Name()
FNDA:6,System.String ClinicManagement.Application.DTOs.OtherStaffDto::get_Name()
DA:6,6
FN:6,System.String ClinicManagement.Application.DTOs.OtherStaffDto::get_Phone()
FNDA:4,System.String ClinicManagement.Application.DTOs.OtherStaffDto::get_Phone()
DA:7,4
FN:7,System.String ClinicManagement.Application.DTOs.OtherStaffDto::get_Address()
FNDA:4,System.String ClinicManagement.Application.DTOs.OtherStaffDto::get_Address()
DA:8,4
FN:8,System.DateTime ClinicManagement.Application.DTOs.OtherStaffDto::get_BirthDate()
FNDA:2,System.DateTime ClinicManagement.Application.DTOs.OtherStaffDto::get_BirthDate()
DA:9,2
FN:9,System.String ClinicManagement.Application.DTOs.OtherStaffDto::get_Gender()
FNDA:4,System.String ClinicManagement.Application.DTOs.OtherStaffDto::get_Gender()
DA:10,4
FN:10,System.String ClinicManagement.Application.DTOs.OtherStaffDto::get_Designation()
FNDA:6,System.String ClinicManagement.Application.DTOs.OtherStaffDto::get_Designation()
DA:11,6
FN:11,System.Decimal ClinicManagement.Application.DTOs.OtherStaffDto::get_Salary()
FNDA:2,System.Decimal ClinicManagement.Application.DTOs.OtherStaffDto::get_Salary()
DA:12,2
FN:12,System.String ClinicManagement.Application.DTOs.OtherStaffDto::get_Qualification()
FNDA:4,System.String ClinicManagement.Application.DTOs.OtherStaffDto::get_Qualification()
DA:13,4
FN:17,System.String ClinicManagement.Application.DTOs.CreateOtherStaffDto::get_Name()
FNDA:0,System.String ClinicManagement.Application.DTOs.CreateOtherStaffDto::get_Name()
DA:18,0
FN:18,System.String ClinicManagement.Application.DTOs.CreateOtherStaffDto::get_Phone()
FNDA:0,System.String ClinicManagement.Application.DTOs.CreateOtherStaffDto::get_Phone()
DA:19,0
FN:19,System.String ClinicManagement.Application.DTOs.CreateOtherStaffDto::get_Address()
FNDA:0,System.String ClinicManagement.Application.DTOs.CreateOtherStaffDto::get_Address()
DA:20,0
FN:20,System.DateTime ClinicManagement.Application.DTOs.CreateOtherStaffDto::get_BirthDate()
FNDA:0,System.DateTime ClinicManagement.Application.DTOs.CreateOtherStaffDto::get_BirthDate()
DA:21,0
FN:21,System.String ClinicManagement.Application.DTOs.CreateOtherStaffDto::get_Gender()
FNDA:0,System.String ClinicManagement.Application.DTOs.CreateOtherStaffDto::get_Gender()
DA:22,0
FN:22,System.String ClinicManagement.Application.DTOs.CreateOtherStaffDto::get_Designation()
FNDA:0,System.String ClinicManagement.Application.DTOs.CreateOtherStaffDto::get_Designation()
DA:23,0
FN:23,System.Decimal ClinicManagement.Application.DTOs.CreateOtherStaffDto::get_Salary()
FNDA:0,System.Decimal ClinicManagement.Application.DTOs.CreateOtherStaffDto::get_Salary()
DA:24,0
FN:24,System.String ClinicManagement.Application.DTOs.CreateOtherStaffDto::get_Qualification()
FNDA:0,System.String ClinicManagement.Application.DTOs.CreateOtherStaffDto::get_Qualification()
DA:25,0
FN:29,System.Int32 ClinicManagement.Application.DTOs.UpdateOtherStaffDto::get_StaffID()
FNDA:0,System.Int32 ClinicManagement.Application.DTOs.UpdateOtherStaffDto::get_StaffID()
DA:30,0
FN:30,System.String ClinicManagement.Application.DTOs.UpdateOtherStaffDto::get_Name()
FNDA:0,System.String ClinicManagement.Application.DTOs.UpdateOtherStaffDto::get_Name()
DA:31,0
FN:31,System.String ClinicManagement.Application.DTOs.UpdateOtherStaffDto::get_Phone()
FNDA:0,System.String ClinicManagement.Application.DTOs.UpdateOtherStaffDto::get_Phone()
DA:32,0
FN:32,System.String ClinicManagement.Application.DTOs.UpdateOtherStaffDto::get_Address()
FNDA:0,System.String ClinicManagement.Application.DTOs.UpdateOtherStaffDto::get_Address()
DA:33,0
FN:33,System.DateTime ClinicManagement.Application.DTOs.UpdateOtherStaffDto::get_BirthDate()
FNDA:0,System.DateTime ClinicManagement.Application.DTOs.UpdateOtherStaffDto::get_BirthDate()
DA:34,0
FN:34,System.String ClinicManagement.Application.DTOs.UpdateOtherStaffDto::get_Gender()
FNDA:0,System.String ClinicManagement.Application.DTOs.UpdateOtherStaffDto::get_Gender()
DA:35,0
FN:35,System.String ClinicManagement.Application.DTOs.UpdateOtherStaffDto::get_Designation()
FNDA:0,System.String ClinicManagement.Application.DTOs.UpdateOtherStaffDto::get_Designation()
DA:36,0
FN:36,System.Decimal ClinicManagement.Application.DTOs.UpdateOtherStaffDto::get_Salary()
FNDA:0,System.Decimal ClinicManagement.Application.DTOs.UpdateOtherStaffDto::get_Salary()
DA:37,0
FN:37,System.String ClinicManagement.Application.DTOs.UpdateOtherStaffDto::get_Qualification()
FNDA:0,System.String ClinicManagement.Application.DTOs.UpdateOtherStaffDto::get_Qualification()
DA:38,0
LF:26
LH:9
BRF:0
BRH:0
FNF:26
FNH:9
end_of_record
SF:/modernize-data/studio-data/TNT1001/APP1461/transformed-code/494/studio-workspace/Hospital16cmp/ClinicManagement/src/ClinicManagement.Application/DTOs/PatientDto.cs
FN:4,System.Int32 ClinicManagement.Application.DTOs.PatientDto::get_PatientID()
FNDA:10,System.Int32 ClinicManagement.Application.DTOs.PatientDto::get_PatientID()
DA:5,10
FN:5,System.String ClinicManagement.Application.DTOs.PatientDto::get_Name()
FNDA:16,System.String ClinicManagement.Application.DTOs.PatientDto::get_Name()
DA:6,16
FN:6,System.String ClinicManagement.Application.DTOs.PatientDto::get_Email()
FNDA:16,System.String ClinicManagement.Application.DTOs.PatientDto::get_Email()
DA:7,16
FN:7,System.String ClinicManagement.Application.DTOs.PatientDto::get_Phone()
FNDA:14,System.String ClinicManagement.Application.DTOs.PatientDto::get_Phone()
DA:8,14
FN:8,System.String ClinicManagement.Application.DTOs.PatientDto::get_Address()
FNDA:14,System.String ClinicManagement.Application.DTOs.PatientDto::get_Address()
DA:9,14
FN:9,System.DateTime ClinicManagement.Application.DTOs.PatientDto::get_BirthDate()
FNDA:6,System.DateTime ClinicManagement.Application.DTOs.PatientDto::get_BirthDate()
DA:10,6
FN:10,System.String ClinicManagement.Application.DTOs.PatientDto::get_Gender()
FNDA:14,System.String ClinicManagement.Application.DTOs.PatientDto::get_Gender()
DA:11,14
FN:15,System.String ClinicManagement.Application.DTOs.CreatePatientDto::get_Name()
FNDA:18,System.String ClinicManagement.Application.DTOs.CreatePatientDto::get_Name()
DA:16,18
FN:16,System.String ClinicManagement.Application.DTOs.CreatePatientDto::get_Email()
FNDA:18,System.String ClinicManagement.Application.DTOs.CreatePatientDto::get_Email()
DA:17,18
FN:17,System.String ClinicManagement.Application.DTOs.CreatePatientDto::get_Password()
FNDA:18,System.String ClinicManagement.Application.DTOs.CreatePatientDto::get_Password()
DA:18,18
FN:18,System.String ClinicManagement.Application.DTOs.CreatePatientDto::get_Phone()
FNDA:14,System.String ClinicManagement.Application.DTOs.CreatePatientDto::get_Phone()
DA:19,14
FN:19,System.String ClinicManagement.Application.DTOs.CreatePatientDto::get_Address()
FNDA:14,System.String ClinicManagement.Application.DTOs.CreatePatientDto::get_Address()
DA:20,14
FN:20,System.DateTime ClinicManagement.Application.DTOs.CreatePatientDto::get_BirthDate()
FNDA:6,System.DateTime ClinicManagement.Application.DTOs.CreatePatientDto::get_BirthDate()
DA:21,6
FN:21,System.String ClinicManagement.Application.DTOs.CreatePatientDto::get_Gender()
FNDA:14,System.String ClinicManagement.Application.DTOs.CreatePatientDto::get_Gender()
DA:22,14
FN:26,System.Int32 ClinicManagement.Application.DTOs.UpdatePatientDto::get_PatientID()
FNDA:6,System.Int32 ClinicManagement.Application.DTOs.UpdatePatientDto::get_PatientID()
DA:27,6
FN:27,System.String ClinicManagement.Application.DTOs.UpdatePatientDto::get_Name()
FNDA:10,System.String ClinicManagement.Application.DTOs.UpdatePatientDto::get_Name()
DA:28,10
FN:28,System.String ClinicManagement.Application.DTOs.UpdatePatientDto::get_Email()
FNDA:10,System.String ClinicManagement.Application.DTOs.UpdatePatientDto::get_Email()
DA:29,10
FN:29,System.String ClinicManagement.Application.DTOs.UpdatePatientDto::get_Phone()
FNDA:10,System.String ClinicManagement.Application.DTOs.UpdatePatientDto::get_Phone()
DA:30,10
FN:30,System.String ClinicManagement.Application.DTOs.UpdatePatientDto::get_Address()
FNDA:10,System.String ClinicManagement.Application.DTOs.UpdatePatientDto::get_Address()
DA:31,10
FN:31,System.DateTime ClinicManagement.Application.DTOs.UpdatePatientDto::get_BirthDate()
FNDA:4,System.DateTime ClinicManagement.Application.DTOs.UpdatePatientDto::get_BirthDate()
DA:32,4
FN:32,System.String ClinicManagement.Application.DTOs.UpdatePatientDto::get_Gender()
FNDA:10,System.String ClinicManagement.Application.DTOs.UpdatePatientDto::get_Gender()
DA:33,10
LF:21
LH:21
BRF:0
BRH:0
FNF:21
FNH:21
end_of_record
SF:/home/studioai/.nuget/packages/microsoft.net.test.sdk/17.8.0/build/netcoreapp3.1/Microsoft.NET.Test.Sdk.Program.cs
FN:3,System.Void AutoGeneratedProgram::Main(System.String[])
FNDA:0,System.Void AutoGeneratedProgram::Main(System.String[])
DA:4,0
LF:1
LH:0
BRF:0
BRH:0
FNF:1
FNH:0
end_of_record
SF:/modernize-data/studio-data/TNT1001/APP1461/transformed-code/494/studio-workspace/Hospital16cmp/ClinicManagement/src/ClinicManagement.Infrastructure/Repositories/AppointmentRepository.cs
FN:9,System.Void ClinicManagement.Infrastructure.Repositories.AppointmentRepository::.ctor(ClinicManagement.Infrastructure.Data.ClinicManagementDbContext)
FNDA:0,System.Void ClinicManagement.Infrastructure.Repositories.AppointmentRepository::.ctor(ClinicManagement.Infrastructure.Data.ClinicManagementDbContext)
DA:10,0
DA:11,0
DA:12,0
FN:23,System.Void ClinicManagement.Infrastructure.Repositories.AppointmentRepository/<GetAllAsync>d__2::MoveNext()
FNDA:0,System.Void ClinicManagement.Infrastructure.Repositories.AppointmentRepository/<GetAllAsync>d__2::MoveNext()
DA:24,0
DA:25,0
DA:26,0
DA:27,0
DA:28,0
DA:29,0
DA:30,0
FN:86,System.Void ClinicManagement.Infrastructure.Repositories.AppointmentRepository/<GetAppointmentHistoryAsync>d__8::MoveNext()
FNDA:0,System.Void ClinicManagement.Infrastructure.Repositories.AppointmentRepository/<GetAppointmentHistoryAsync>d__8::MoveNext()
DA:87,0
DA:88,0
DA:89,0
DA:90,0
DA:91,0
DA:92,0
DA:93,0
DA:94,0
DA:95,0
FN:43,System.Void ClinicManagement.Infrastructure.Repositories.AppointmentRepository/<GetByDoctorIdAsync>d__4::MoveNext()
FNDA:0,System.Void ClinicManagement.Infrastructure.Repositories.AppointmentRepository/<GetByDoctorIdAsync>d__4::MoveNext()
DA:44,0
DA:45,0
DA:46,0
DA:47,0
DA:48,0
DA:49,0
DA:50,0
DA:51,0
DA:52,0
FN:14,System.Void ClinicManagement.Infrastructure.Repositories.AppointmentRepository/<GetByIdAsync>d__1::MoveNext()
FNDA:0,System.Void ClinicManagement.Infrastructure.Repositories.AppointmentRepository/<GetByIdAsync>d__1::MoveNext()
DA:15,0
DA:16,0
DA:17,0
DA:18,0
DA:19,0
DA:20,0
DA:21,0
FN:32,System.Void ClinicManagement.Infrastructure.Repositories.AppointmentRepository/<GetByPatientIdAsync>d__3::MoveNext()
FNDA:0,System.Void ClinicManagement.Infrastructure.Repositories.AppointmentRepository/<GetByPatientIdAsync>d__3::MoveNext()
DA:33,0
DA:34,0
DA:35,0
DA:36,0
DA:37,0
DA:38,0
DA:39,0
DA:40,0
DA:41,0
FN:54,System.Void ClinicManagement.Infrastructure.Repositories.AppointmentRepository/<GetByStatusAsync>d__5::MoveNext()
FNDA:0,System.Void ClinicManagement.Infrastructure.Repositories.AppointmentRepository/<GetByStatusAsync>d__5::MoveNext()
DA:55,0
DA:56,0
DA:57,0
DA:58,0
DA:59,0
DA:60,0
DA:61,0
DA:62,0
FN:75,System.Void ClinicManagement.Infrastructure.Repositories.AppointmentRepository/<GetPendingAppointmentsAsync>d__7::MoveNext()
FNDA:0,System.Void ClinicManagement.Infrastructure.Repositories.AppointmentRepository/<GetPendingAppointmentsAsync>d__7::MoveNext()
DA:76,0
DA:77,0
DA:78,0
DA:79,0
DA:80,0
DA:81,0
DA:82,0
DA:83,0
DA:84,0
FN:64,System.Void ClinicManagement.Infrastructure.Repositories.AppointmentRepository/<GetUpcomingAppointmentsAsync>d__6::MoveNext()
FNDA:0,System.Void ClinicManagement.Infrastructure.Repositories.AppointmentRepository/<GetUpcomingAppointmentsAsync>d__6::MoveNext()
DA:65,0
DA:66,0
DA:67,0
DA:68,0
DA:69,0
DA:70,0
DA:71,0
DA:72,0
DA:73,0
LF:70
LH:0
BRF:0
BRH:0
FNF:9
FNH:0
end_of_record
SF:/modernize-data/studio-data/TNT1001/APP1461/transformed-code/494/studio-workspace/Hospital16cmp/ClinicManagement/src/ClinicManagement.Infrastructure/Repositories/DepartmentRepository.cs
FN:9,System.Void ClinicManagement.Infrastructure.Repositories.DepartmentRepository::.ctor(ClinicManagement.Infrastructure.Data.ClinicManagementDbContext)
FNDA:0,System.Void ClinicManagement.Infrastructure.Repositories.DepartmentRepository::.ctor(ClinicManagement.Infrastructure.Data.ClinicManagementDbContext)
DA:10,0
DA:11,0
DA:12,0
FN:14,System.Void ClinicManagement.Infrastructure.Repositories.DepartmentRepository/<GetByNameAsync>d__1::MoveNext()
FNDA:0,System.Void ClinicManagement.Infrastructure.Repositories.DepartmentRepository/<GetByNameAsync>d__1::MoveNext()
DA:15,0
DA:16,0
DA:17,0
LF:6
LH:0
BRF:0
BRH:0
FNF:2
FNH:0
end_of_record
SF:/modernize-data/studio-data/TNT1001/APP1461/transformed-code/494/studio-workspace/Hospital16cmp/ClinicManagement/src/ClinicManagement.Infrastructure/Repositories/DoctorRepository.cs
FN:9,System.Void ClinicManagement.Infrastructure.Repositories.DoctorRepository::.ctor(ClinicManagement.Infrastructure.Data.ClinicManagementDbContext)
FNDA:0,System.Void ClinicManagement.Infrastructure.Repositories.DoctorRepository::.ctor(ClinicManagement.Infrastructure.Data.ClinicManagementDbContext)
DA:10,0
DA:11,0
DA:12,0
FN:21,System.Void ClinicManagement.Infrastructure.Repositories.DoctorRepository/<GetAllAsync>d__2::MoveNext()
FNDA:0,System.Void ClinicManagement.Infrastructure.Repositories.DoctorRepository/<GetAllAsync>d__2::MoveNext()
DA:22,0
DA:23,0
DA:24,0
DA:25,0
DA:26,0
FN:42,System.Void ClinicManagement.Infrastructure.Repositories.DoctorRepository/<GetByDepartmentAsync>d__5::MoveNext()
FNDA:0,System.Void ClinicManagement.Infrastructure.Repositories.DoctorRepository/<GetByDepartmentAsync>d__5::MoveNext()
DA:43,0
DA:44,0
DA:45,0
DA:46,0
DA:47,0
DA:48,0
FN:28,System.Void ClinicManagement.Infrastructure.Repositories.DoctorRepository/<GetByEmailAsync>d__3::MoveNext()
FNDA:0,System.Void ClinicManagement.Infrastructure.Repositories.DoctorRepository/<GetByEmailAsync>d__3::MoveNext()
DA:29,0
DA:30,0
DA:31,0
DA:32,0
DA:33,0
FN:14,System.Void ClinicManagement.Infrastructure.Repositories.DoctorRepository/<GetByIdAsync>d__1::MoveNext()
FNDA:0,System.Void ClinicManagement.Infrastructure.Repositories.DoctorRepository/<GetByIdAsync>d__1::MoveNext()
DA:15,0
DA:16,0
DA:17,0
DA:18,0
DA:19,0
FN:50,System.Void ClinicManagement.Infrastructure.Repositories.DoctorRepository/<GetBySpecializationAsync>d__6::MoveNext()
FNDA:0,System.Void ClinicManagement.Infrastructure.Repositories.DoctorRepository/<GetBySpecializationAsync>d__6::MoveNext()
DA:51,0
DA:52,0
DA:53,0
DA:54,0
DA:55,0
DA:56,0
FN:58,System.Void ClinicManagement.Infrastructure.Repositories.DoctorRepository/<SearchDoctorsAsync>d__7::MoveNext()
FNDA:0,System.Void ClinicManagement.Infrastructure.Repositories.DoctorRepository/<SearchDoctorsAsync>d__7::MoveNext()
DA:59,0
DA:60,0
DA:61,0
DA:62,0
DA:63,0
DA:64,0
DA:65,0
DA:66,0
FN:35,System.Void ClinicManagement.Infrastructure.Repositories.DoctorRepository/<ValidateCredentialsAsync>d__4::MoveNext()
FNDA:0,System.Void ClinicManagement.Infrastructure.Repositories.DoctorRepository/<ValidateCredentialsAsync>d__4::MoveNext()
DA:36,0
DA:37,0
DA:38,0
DA:39,0
DA:40,0
LF:43
LH:0
BRF:0
BRH:0
FNF:8
FNH:0
end_of_record
SF:/modernize-data/studio-data/TNT1001/APP1461/transformed-code/494/studio-workspace/Hospital16cmp/ClinicManagement/src/ClinicManagement.Infrastructure/Repositories/OtherStaffRepository.cs
FN:9,System.Void ClinicManagement.Infrastructure.Repositories.OtherStaffRepository::.ctor(ClinicManagement.Infrastructure.Data.ClinicManagementDbContext)
FNDA:0,System.Void ClinicManagement.Infrastructure.Repositories.OtherStaffRepository::.ctor(ClinicManagement.Infrastructure.Data.ClinicManagementDbContext)
DA:10,0
DA:11,0
DA:12,0
FN:14,System.Void ClinicManagement.Infrastructure.Repositories.OtherStaffRepository/<GetByDesignationAsync>d__1::MoveNext()
FNDA:0,System.Void ClinicManagement.Infrastructure.Repositories.OtherStaffRepository/<GetByDesignationAsync>d__1::MoveNext()
DA:15,0
DA:16,0
DA:17,0
DA:18,0
DA:19,0
LF:8
LH:0
BRF:0
BRH:0
FNF:2
FNH:0
end_of_record
SF:/modernize-data/studio-data/TNT1001/APP1461/transformed-code/494/studio-workspace/Hospital16cmp/ClinicManagement/src/ClinicManagement.Infrastructure/Repositories/PatientRepository.cs
FN:9,System.Void ClinicManagement.Infrastructure.Repositories.PatientRepository::.ctor(ClinicManagement.Infrastructure.Data.ClinicManagementDbContext)
FNDA:0,System.Void ClinicManagement.Infrastructure.Repositories.PatientRepository::.ctor(ClinicManagement.Infrastructure.Data.ClinicManagementDbContext)
DA:10,0
DA:11,0
DA:12,0
FN:14,System.Void ClinicManagement.Infrastructure.Repositories.PatientRepository/<GetByEmailAsync>d__1::MoveNext()
FNDA:0,System.Void ClinicManagement.Infrastructure.Repositories.PatientRepository/<GetByEmailAsync>d__1::MoveNext()
DA:15,0
DA:16,0
DA:17,0
FN:24,System.Void ClinicManagement.Infrastructure.Repositories.PatientRepository/<SearchPatientsAsync>d__3::MoveNext()
FNDA:0,System.Void ClinicManagement.Infrastructure.Repositories.PatientRepository/<SearchPatientsAsync>d__3::MoveNext()
DA:25,0
DA:26,0
DA:27,0
DA:28,0
DA:29,0
FN:19,System.Void ClinicManagement.Infrastructure.Repositories.PatientRepository/<ValidateCredentialsAsync>d__2::MoveNext()
FNDA:0,System.Void ClinicManagement.Infrastructure.Repositories.PatientRepository/<ValidateCredentialsAsync>d__2::MoveNext()
DA:20,0
DA:21,0
DA:22,0
LF:14
LH:0
BRF:0
BRH:0
FNF:4
FNH:0
end_of_record
SF:/modernize-data/studio-data/TNT1001/APP1461/transformed-code/494/studio-workspace/Hospital16cmp/ClinicManagement/src/ClinicManagement.Infrastructure/Repositories/Repository.cs
FN:11,System.Void ClinicManagement.Infrastructure.Repositories.Repository`1::.ctor(ClinicManagement.Infrastructure.Data.ClinicManagementDbContext)
FNDA:16,System.Void ClinicManagement.Infrastructure.Repositories.Repository`1::.ctor(ClinicManagement.Infrastructure.Data.ClinicManagementDbContext)
DA:12,16
DA:13,16
DA:14,16
DA:15,16
DA:16,16
FN:28,System.Void ClinicManagement.Infrastructure.Repositories.Repository`1/<AddAsync>d__5::MoveNext()
FNDA:2,System.Void ClinicManagement.Infrastructure.Repositories.Repository`1/<AddAsync>d__5::MoveNext()
DA:29,2
DA:30,2
DA:31,2
DA:32,2
DA:33,2
FN:41,System.Void ClinicManagement.Infrastructure.Repositories.Repository`1/<DeleteAsync>d__7::MoveNext()
FNDA:2,System.Void ClinicManagement.Infrastructure.Repositories.Repository`1/<DeleteAsync>d__7::MoveNext()
DA:42,2
DA:43,2
DA:44,2
DA:45,2
DA:46,2
DA:47,2
DA:48,2
DA:49,2
BRDA:44,178,0,2
BRDA:44,178,1,2
FN:51,System.Void ClinicManagement.Infrastructure.Repositories.Repository`1/<ExistsAsync>d__8::MoveNext()
FNDA:4,System.Void ClinicManagement.Infrastructure.Repositories.Repository`1/<ExistsAsync>d__8::MoveNext()
DA:52,4
DA:53,4
DA:54,4
DA:55,4
FN:23,System.Void ClinicManagement.Infrastructure.Repositories.Repository`1/<GetAllAsync>d__4::MoveNext()
FNDA:2,System.Void ClinicManagement.Infrastructure.Repositories.Repository`1/<GetAllAsync>d__4::MoveNext()
DA:24,2
DA:25,2
DA:26,2
FN:18,System.Void ClinicManagement.Infrastructure.Repositories.Repository`1/<GetByIdAsync>d__3::MoveNext()
FNDA:10,System.Void ClinicManagement.Infrastructure.Repositories.Repository`1/<GetByIdAsync>d__3::MoveNext()
DA:19,10
DA:20,10
DA:21,10
FN:35,System.Void ClinicManagement.Infrastructure.Repositories.Repository`1/<UpdateAsync>d__6::MoveNext()
FNDA:2,System.Void ClinicManagement.Infrastructure.Repositories.Repository`1/<UpdateAsync>d__6::MoveNext()
DA:36,2
DA:37,2
DA:38,2
DA:39,2
LF:32
LH:32
BRF:2
BRH:2
FNF:7
FNH:7
end_of_record
SF:/modernize-data/studio-data/TNT1001/APP1461/transformed-code/494/studio-workspace/Hospital16cmp/ClinicManagement/src/ClinicManagement.Infrastructure/Extensions/ServiceCollectionExtensions.cs
FN:14,Microsoft.Extensions.DependencyInjection.IServiceCollection ClinicManagement.Infrastructure.Extensions.ServiceCollectionExtensions::AddInfrastructureServices(Microsoft.Extensions.DependencyInjection.IServiceCollection,Microsoft.Extensions.Configuration.IConfiguration)
FNDA:0,Microsoft.Extensions.DependencyInjection.IServiceCollection ClinicManagement.Infrastructure.Extensions.ServiceCollectionExtensions::AddInfrastructureServices(Microsoft.Extensions.DependencyInjection.IServiceCollection,Microsoft.Extensions.Configuration.IConfiguration)
DA:15,0
DA:17,0
DA:18,0
DA:19,0
DA:20,0
DA:21,0
DA:22,0
DA:23,0
DA:24,0
DA:25,0
DA:26,0
DA:27,0
DA:28,0
DA:29,0
DA:30,0
DA:33,0
DA:34,0
DA:35,0
DA:36,0
DA:37,0
DA:39,0
DA:40,0
LF:22
LH:0
BRF:0
BRH:0
FNF:1
FNH:0
end_of_record
SF:/modernize-data/studio-data/TNT1001/APP1461/transformed-code/494/studio-workspace/Hospital16cmp/ClinicManagement/src/ClinicManagement.Infrastructure/Data/ClinicManagementDbContext.cs
FN:15,Microsoft.EntityFrameworkCore.DbSet`1<ClinicManagement.Domain.Entities.Patient> ClinicManagement.Infrastructure.Data.ClinicManagementDbContext::get_Patients()
FNDA:40,Microsoft.EntityFrameworkCore.DbSet`1<ClinicManagement.Domain.Entities.Patient> ClinicManagement.Infrastructure.Data.ClinicManagementDbContext::get_Patients()
DA:16,40
FN:16,Microsoft.EntityFrameworkCore.DbSet`1<ClinicManagement.Domain.Entities.Doctor> ClinicManagement.Infrastructure.Data.ClinicManagementDbContext::get_Doctors()
FNDA:8,Microsoft.EntityFrameworkCore.DbSet`1<ClinicManagement.Domain.Entities.Doctor> ClinicManagement.Infrastructure.Data.ClinicManagementDbContext::get_Doctors()
DA:17,8
FN:17,Microsoft.EntityFrameworkCore.DbSet`1<ClinicManagement.Domain.Entities.Department> ClinicManagement.Infrastructure.Data.ClinicManagementDbContext::get_Departments()
FNDA:10,Microsoft.EntityFrameworkCore.DbSet`1<ClinicManagement.Domain.Entities.Department> ClinicManagement.Infrastructure.Data.ClinicManagementDbContext::get_Departments()
DA:18,10
FN:18,Microsoft.EntityFrameworkCore.DbSet`1<ClinicManagement.Domain.Entities.Appointment> ClinicManagement.Infrastructure.Data.ClinicManagementDbContext::get_Appointments()
FNDA:6,Microsoft.EntityFrameworkCore.DbSet`1<ClinicManagement.Domain.Entities.Appointment> ClinicManagement.Infrastructure.Data.ClinicManagementDbContext::get_Appointments()
DA:19,6
FN:19,Microsoft.EntityFrameworkCore.DbSet`1<ClinicManagement.Domain.Entities.OtherStaff> ClinicManagement.Infrastructure.Data.ClinicManagementDbContext::get_OtherStaff()
FNDA:6,Microsoft.EntityFrameworkCore.DbSet`1<ClinicManagement.Domain.Entities.OtherStaff> ClinicManagement.Infrastructure.Data.ClinicManagementDbContext::get_OtherStaff()
DA:20,6
FN:22,System.Void ClinicManagement.Infrastructure.Data.ClinicManagementDbContext::OnModelCreating(Microsoft.EntityFrameworkCore.ModelBuilder)
FNDA:1,System.Void ClinicManagement.Infrastructure.Data.ClinicManagementDbContext::OnModelCreating(Microsoft.EntityFrameworkCore.ModelBuilder)
DA:23,1
DA:24,1
DA:27,1
DA:30,1
DA:33,1
DA:34,1
FN:9,System.Void ClinicManagement.Infrastructure.Data.ClinicManagementDbContext::.ctor(Microsoft.EntityFrameworkCore.DbContextOptions`1<ClinicManagement.Infrastructure.Data.ClinicManagementDbContext>)
FNDA:34,System.Void ClinicManagement.Infrastructure.Data.ClinicManagementDbContext::.ctor(Microsoft.EntityFrameworkCore.DbContextOptions`1<ClinicManagement.Infrastructure.Data.ClinicManagementDbContext>)
DA:10,34
DA:11,34
DA:13,34
DA:14,34
LF:15
LH:15
BRF:0
BRH:0
FNF:7
FNH:7
end_of_record
SF:/modernize-data/studio-data/TNT1001/APP1461/transformed-code/494/studio-workspace/Hospital16cmp/ClinicManagement/src/ClinicManagement.Infrastructure/Data/Configurations/AppointmentConfiguration.cs
FN:9,System.Void ClinicManagement.Infrastructure.Data.Configurations.AppointmentConfiguration::Configure(Microsoft.EntityFrameworkCore.Metadata.Builders.EntityTypeBuilder`1<ClinicManagement.Domain.Entities.Appointment>)
FNDA:1,System.Void ClinicManagement.Infrastructure.Data.Configurations.AppointmentConfiguration::Configure(Microsoft.EntityFrameworkCore.Metadata.Builders.EntityTypeBuilder`1<ClinicManagement.Domain.Entities.Appointment>)
DA:10,1
DA:11,1
DA:13,1
DA:15,1
DA:16,1
DA:18,1
DA:19,1
DA:21,1
DA:22,1
DA:23,1
DA:25,1
DA:26,1
DA:28,1
DA:29,1
DA:31,1
DA:32,1
DA:34,1
DA:35,1
DA:36,1
DA:38,1
DA:39,1
DA:41,1
DA:42,1
DA:44,1
DA:45,1
DA:47,1
DA:48,1
DA:49,1
DA:50,1
DA:52,1
DA:53,1
DA:54,1
DA:55,1
DA:56,1
LF:34
LH:34
BRF:0
BRH:0
FNF:1
FNH:1
end_of_record
SF:/modernize-data/studio-data/TNT1001/APP1461/transformed-code/494/studio-workspace/Hospital16cmp/ClinicManagement/src/ClinicManagement.Infrastructure/Data/Configurations/DepartmentConfiguration.cs
FN:9,System.Void ClinicManagement.Infrastructure.Data.Configurations.DepartmentConfiguration::Configure(Microsoft.EntityFrameworkCore.Metadata.Builders.EntityTypeBuilder`1<ClinicManagement.Domain.Entities.Department>)
FNDA:1,System.Void ClinicManagement.Infrastructure.Data.Configurations.DepartmentConfiguration::Configure(Microsoft.EntityFrameworkCore.Metadata.Builders.EntityTypeBuilder`1<ClinicManagement.Domain.Entities.Department>)
DA:10,1
DA:11,1
DA:13,1
DA:15,1
DA:16,1
DA:17,1
DA:19,1
DA:20,1
DA:22,1
DA:23,1
DA:24,1
LF:11
LH:11
BRF:0
BRH:0
FNF:1
FNH:1
end_of_record
SF:/modernize-data/studio-data/TNT1001/APP1461/transformed-code/494/studio-workspace/Hospital16cmp/ClinicManagement/src/ClinicManagement.Infrastructure/Data/Configurations/DoctorConfiguration.cs
FN:9,System.Void ClinicManagement.Infrastructure.Data.Configurations.DoctorConfiguration::Configure(Microsoft.EntityFrameworkCore.Metadata.Builders.EntityTypeBuilder`1<ClinicManagement.Domain.Entities.Doctor>)
FNDA:1,System.Void ClinicManagement.Infrastructure.Data.Configurations.DoctorConfiguration::Configure(Microsoft.EntityFrameworkCore.Metadata.Builders.EntityTypeBuilder`1<ClinicManagement.Domain.Entities.Doctor>)
DA:10,1
DA:11,1
DA:13,1
DA:15,1
DA:16,1
DA:17,1
DA:19,1
DA:20,1
DA:21,1
DA:23,1
DA:24,1
DA:26,1
DA:27,1
DA:28,1
DA:30,1
DA:31,1
DA:33,1
DA:34,1
DA:36,1
DA:37,1
DA:39,1
DA:40,1
DA:42,1
DA:43,1
DA:45,1
DA:46,1
DA:48,1
DA:49,1
DA:51,1
DA:52,1
DA:54,1
DA:55,1
DA:56,1
DA:57,1
DA:58,1
LF:35
LH:35
BRF:0
BRH:0
FNF:1
FNH:1
end_of_record
SF:/modernize-data/studio-data/TNT1001/APP1461/transformed-code/494/studio-workspace/Hospital16cmp/ClinicManagement/src/ClinicManagement.Infrastructure/Data/Configurations/OtherStaffConfiguration.cs
FN:9,System.Void ClinicManagement.Infrastructure.Data.Configurations.OtherStaffConfiguration::Configure(Microsoft.EntityFrameworkCore.Metadata.Builders.EntityTypeBuilder`1<ClinicManagement.Domain.Entities.OtherStaff>)
FNDA:1,System.Void ClinicManagement.Infrastructure.Data.Configurations.OtherStaffConfiguration::Configure(Microsoft.EntityFrameworkCore.Metadata.Builders.EntityTypeBuilder`1<ClinicManagement.Domain.Entities.OtherStaff>)
DA:10,1
DA:11,1
DA:13,1
DA:15,1
DA:16,1
DA:17,1
DA:19,1
DA:20,1
DA:22,1
DA:23,1
DA:25,1
DA:26,1
DA:28,1
DA:29,1
DA:31,1
DA:32,1
DA:34,1
DA:35,1
DA:37,1
DA:38,1
DA:39,1
LF:21
LH:21
BRF:0
BRH:0
FNF:1
FNH:1
end_of_record
SF:/modernize-data/studio-data/TNT1001/APP1461/transformed-code/494/studio-workspace/Hospital16cmp/ClinicManagement/src/ClinicManagement.Infrastructure/Data/Configurations/PatientConfiguration.cs
FN:9,System.Void ClinicManagement.Infrastructure.Data.Configurations.PatientConfiguration::Configure(Microsoft.EntityFrameworkCore.Metadata.Builders.EntityTypeBuilder`1<ClinicManagement.Domain.Entities.Patient>)
FNDA:1,System.Void ClinicManagement.Infrastructure.Data.Configurations.PatientConfiguration::Configure(Microsoft.EntityFrameworkCore.Metadata.Builders.EntityTypeBuilder`1<ClinicManagement.Domain.Entities.Patient>)
DA:10,1
DA:11,1
DA:13,1
DA:15,1
DA:16,1
DA:17,1
DA:19,1
DA:20,1
DA:21,1
DA:23,1
DA:24,1
DA:26,1
DA:27,1
DA:28,1
DA:30,1
DA:31,1
DA:33,1
DA:34,1
DA:36,1
DA:37,1
DA:39,1
DA:40,1
DA:41,1
LF:23
LH:23
BRF:0
BRH:0
FNF:1
FNH:1
end_of_record
SF:/home/studioai/.nuget/packages/microsoft.net.test.sdk/17.8.0/build/netcoreapp3.1/Microsoft.NET.Test.Sdk.Program.cs
FN:3,System.Void AutoGeneratedProgram::Main(System.String[])
FNDA:0,System.Void AutoGeneratedProgram::Main(System.String[])
DA:4,0
LF:1
LH:0
BRF:0
BRH:0
FNF:1
FNH:0
end_of_record
SF:/modernize-data/studio-data/TNT1001/APP1461/transformed-code/494/studio-workspace/Hospital16cmp/ClinicManagement/src/ClinicManagement.Domain/Entities/Appointment.cs
FN:4,System.Int32 ClinicManagement.Domain.Entities.Appointment::get_AppointmentID()
FNDA:40,System.Int32 ClinicManagement.Domain.Entities.Appointment::get_AppointmentID()
DA:5,40
FN:5,System.Int32 ClinicManagement.Domain.Entities.Appointment::get_PatientID()
FNDA:20,System.Int32 ClinicManagement.Domain.Entities.Appointment::get_PatientID()
DA:6,20
FN:6,System.Int32 ClinicManagement.Domain.Entities.Appointment::get_DoctorID()
FNDA:20,System.Int32 ClinicManagement.Domain.Entities.Appointment::get_DoctorID()
DA:7,20
FN:7,System.DateTime ClinicManagement.Domain.Entities.Appointment::get_AppointmentDate()
FNDA:8,System.DateTime ClinicManagement.Domain.Entities.Appointment::get_AppointmentDate()
DA:8,8
FN:8,System.String ClinicManagement.Domain.Entities.Appointment::get_Timings()
FNDA:82,System.String ClinicManagement.Domain.Entities.Appointment::get_Timings()
DA:9,82
FN:9,System.String ClinicManagement.Domain.Entities.Appointment::get_Status()
FNDA:110,System.String ClinicManagement.Domain.Entities.Appointment::get_Status()
DA:10,110
FN:10,System.String ClinicManagement.Domain.Entities.Appointment::get_Disease()
FNDA:82,System.String ClinicManagement.Domain.Entities.Appointment::get_Disease()
DA:11,82
FN:11,System.String ClinicManagement.Domain.Entities.Appointment::get_Progress()
FNDA:80,System.String ClinicManagement.Domain.Entities.Appointment::get_Progress()
DA:12,80
FN:12,System.String ClinicManagement.Domain.Entities.Appointment::get_Prescription()
FNDA:80,System.String ClinicManagement.Domain.Entities.Appointment::get_Prescription()
DA:13,80
FN:13,System.Decimal ClinicManagement.Domain.Entities.Appointment::get_BillAmount()
FNDA:30,System.Decimal ClinicManagement.Domain.Entities.Appointment::get_BillAmount()
DA:14,30
FN:14,System.Boolean ClinicManagement.Domain.Entities.Appointment::get_IsPaid()
FNDA:30,System.Boolean ClinicManagement.Domain.Entities.Appointment::get_IsPaid()
DA:15,30
FN:15,System.Boolean ClinicManagement.Domain.Entities.Appointment::get_FeedbackGiven()
FNDA:24,System.Boolean ClinicManagement.Domain.Entities.Appointment::get_FeedbackGiven()
DA:16,24
FN:16,System.DateTime ClinicManagement.Domain.Entities.Appointment::get_CreatedDate()
FNDA:76,System.DateTime ClinicManagement.Domain.Entities.Appointment::get_CreatedDate()
DA:17,76
FN:17,System.Nullable`1<System.DateTime> ClinicManagement.Domain.Entities.Appointment::get_ModifiedDate()
FNDA:16,System.Nullable`1<System.DateTime> ClinicManagement.Domain.Entities.Appointment::get_ModifiedDate()
DA:18,16
FN:20,ClinicManagement.Domain.Entities.Patient ClinicManagement.Domain.Entities.Appointment::get_Patient()
FNDA:82,ClinicManagement.Domain.Entities.Patient ClinicManagement.Domain.Entities.Appointment::get_Patient()
DA:21,82
FN:21,ClinicManagement.Domain.Entities.Doctor ClinicManagement.Domain.Entities.Appointment::get_Doctor()
FNDA:82,ClinicManagement.Domain.Entities.Doctor ClinicManagement.Domain.Entities.Appointment::get_Doctor()
DA:22,82
LF:16
LH:16
BRF:0
BRH:0
FNF:16
FNH:16
end_of_record
SF:/modernize-data/studio-data/TNT1001/APP1461/transformed-code/494/studio-workspace/Hospital16cmp/ClinicManagement/src/ClinicManagement.Domain/Entities/Department.cs
FN:4,System.Int32 ClinicManagement.Domain.Entities.Department::get_DeptNo()
FNDA:28,System.Int32 ClinicManagement.Domain.Entities.Department::get_DeptNo()
DA:5,28
FN:5,System.String ClinicManagement.Domain.Entities.Department::get_DeptName()
FNDA:102,System.String ClinicManagement.Domain.Entities.Department::get_DeptName()
DA:6,102
FN:6,System.String ClinicManagement.Domain.Entities.Department::get_Description()
FNDA:72,System.String ClinicManagement.Domain.Entities.Department::get_Description()
DA:7,72
FN:7,System.DateTime ClinicManagement.Domain.Entities.Department::get_CreatedDate()
FNDA:52,System.DateTime ClinicManagement.Domain.Entities.Department::get_CreatedDate()
DA:8,52
FN:8,System.Nullable`1<System.DateTime> ClinicManagement.Domain.Entities.Department::get_ModifiedDate()
FNDA:10,System.Nullable`1<System.DateTime> ClinicManagement.Domain.Entities.Department::get_ModifiedDate()
DA:9,10
FN:11,System.Collections.Generic.ICollection`1<ClinicManagement.Domain.Entities.Doctor> ClinicManagement.Domain.Entities.Department::get_Doctors()
FNDA:64,System.Collections.Generic.ICollection`1<ClinicManagement.Domain.Entities.Doctor> ClinicManagement.Domain.Entities.Department::get_Doctors()
DA:12,64
LF:6
LH:6
BRF:0
BRH:0
FNF:6
FNH:6
end_of_record
SF:/modernize-data/studio-data/TNT1001/APP1461/transformed-code/494/studio-workspace/Hospital16cmp/ClinicManagement/src/ClinicManagement.Domain/Entities/Doctor.cs
FN:4,System.Int32 ClinicManagement.Domain.Entities.Doctor::get_DoctorID()
FNDA:40,System.Int32 ClinicManagement.Domain.Entities.Doctor::get_DoctorID()
DA:5,40
FN:5,System.String ClinicManagement.Domain.Entities.Doctor::get_Name()
FNDA:114,System.String ClinicManagement.Domain.Entities.Doctor::get_Name()
DA:6,114
FN:6,System.String ClinicManagement.Domain.Entities.Doctor::get_Email()
FNDA:82,System.String ClinicManagement.Domain.Entities.Doctor::get_Email()
DA:7,82
FN:7,System.String ClinicManagement.Domain.Entities.Doctor::get_Password()
FNDA:80,System.String ClinicManagement.Domain.Entities.Doctor::get_Password()
DA:8,80
FN:8,System.String ClinicManagement.Domain.Entities.Doctor::get_Phone()
FNDA:76,System.String ClinicManagement.Domain.Entities.Doctor::get_Phone()
DA:9,76
FN:9,System.String ClinicManagement.Domain.Entities.Doctor::get_Address()
FNDA:76,System.String ClinicManagement.Domain.Entities.Doctor::get_Address()
DA:10,76
FN:10,System.DateTime ClinicManagement.Domain.Entities.Doctor::get_BirthDate()
FNDA:6,System.DateTime ClinicManagement.Domain.Entities.Doctor::get_BirthDate()
DA:11,6
FN:11,System.String ClinicManagement.Domain.Entities.Doctor::get_Gender()
FNDA:76,System.String ClinicManagement.Domain.Entities.Doctor::get_Gender()
DA:12,76
FN:12,System.Int32 ClinicManagement.Domain.Entities.Doctor::get_DeptNo()
FNDA:14,System.Int32 ClinicManagement.Domain.Entities.Doctor::get_DeptNo()
DA:13,14
FN:13,System.Int32 ClinicManagement.Domain.Entities.Doctor::get_Experience()
FNDA:24,System.Int32 ClinicManagement.Domain.Entities.Doctor::get_Experience()
DA:14,24
FN:14,System.Decimal ClinicManagement.Domain.Entities.Doctor::get_Salary()
FNDA:20,System.Decimal ClinicManagement.Domain.Entities.Doctor::get_Salary()
DA:15,20
FN:15,System.Decimal ClinicManagement.Domain.Entities.Doctor::get_ChargesPerVisit()
FNDA:20,System.Decimal ClinicManagement.Domain.Entities.Doctor::get_ChargesPerVisit()
DA:16,20
FN:16,System.String ClinicManagement.Domain.Entities.Doctor::get_Specialization()
FNDA:78,System.String ClinicManagement.Domain.Entities.Doctor::get_Specialization()
DA:17,78
FN:17,System.String ClinicManagement.Domain.Entities.Doctor::get_Qualification()
FNDA:76,System.String ClinicManagement.Domain.Entities.Doctor::get_Qualification()
DA:18,76
FN:18,System.DateTime ClinicManagement.Domain.Entities.Doctor::get_CreatedDate()
FNDA:72,System.DateTime ClinicManagement.Domain.Entities.Doctor::get_CreatedDate()
DA:19,72
FN:19,System.Nullable`1<System.DateTime> ClinicManagement.Domain.Entities.Doctor::get_ModifiedDate()
FNDA:10,System.Nullable`1<System.DateTime> ClinicManagement.Domain.Entities.Doctor::get_ModifiedDate()
DA:20,10
FN:22,ClinicManagement.Domain.Entities.Department ClinicManagement.Domain.Entities.Doctor::get_Department()
FNDA:78,ClinicManagement.Domain.Entities.Department ClinicManagement.Domain.Entities.Doctor::get_Department()
DA:23,78
FN:23,System.Collections.Generic.ICollection`1<ClinicManagement.Domain.Entities.Appointment> ClinicManagement.Domain.Entities.Doctor::get_Appointments()
FNDA:78,System.Collections.Generic.ICollection`1<ClinicManagement.Domain.Entities.Appointment> ClinicManagement.Domain.Entities.Doctor::get_Appointments()
DA:24,78
LF:18
LH:18
BRF:0
BRH:0
FNF:18
FNH:18
end_of_record
SF:/modernize-data/studio-data/TNT1001/APP1461/transformed-code/494/studio-workspace/Hospital16cmp/ClinicManagement/src/ClinicManagement.Domain/Entities/OtherStaff.cs
FN:4,System.Int32 ClinicManagement.Domain.Entities.OtherStaff::get_StaffID()
FNDA:24,System.Int32 ClinicManagement.Domain.Entities.OtherStaff::get_StaffID()
DA:5,24
FN:5,System.String ClinicManagement.Domain.Entities.OtherStaff::get_Name()
FNDA:78,System.String ClinicManagement.Domain.Entities.OtherStaff::get_Name()
DA:6,78
FN:6,System.String ClinicManagement.Domain.Entities.OtherStaff::get_Phone()
FNDA:58,System.String ClinicManagement.Domain.Entities.OtherStaff::get_Phone()
DA:7,58
FN:7,System.String ClinicManagement.Domain.Entities.OtherStaff::get_Address()
FNDA:58,System.String ClinicManagement.Domain.Entities.OtherStaff::get_Address()
DA:8,58
FN:8,System.DateTime ClinicManagement.Domain.Entities.OtherStaff::get_BirthDate()
FNDA:10,System.DateTime ClinicManagement.Domain.Entities.OtherStaff::get_BirthDate()
DA:9,10
FN:9,System.String ClinicManagement.Domain.Entities.OtherStaff::get_Gender()
FNDA:70,System.String ClinicManagement.Domain.Entities.OtherStaff::get_Gender()
DA:10,70
FN:10,System.String ClinicManagement.Domain.Entities.OtherStaff::get_Designation()
FNDA:84,System.String ClinicManagement.Domain.Entities.OtherStaff::get_Designation()
DA:11,84
FN:11,System.Decimal ClinicManagement.Domain.Entities.OtherStaff::get_Salary()
FNDA:24,System.Decimal ClinicManagement.Domain.Entities.OtherStaff::get_Salary()
DA:12,24
FN:12,System.String ClinicManagement.Domain.Entities.OtherStaff::get_Qualification()
FNDA:58,System.String ClinicManagement.Domain.Entities.OtherStaff::get_Qualification()
DA:13,58
FN:13,System.DateTime ClinicManagement.Domain.Entities.OtherStaff::get_CreatedDate()
FNDA:54,System.DateTime ClinicManagement.Domain.Entities.OtherStaff::get_CreatedDate()
DA:14,54
FN:14,System.Nullable`1<System.DateTime> ClinicManagement.Domain.Entities.OtherStaff::get_ModifiedDate()
FNDA:10,System.Nullable`1<System.DateTime> ClinicManagement.Domain.Entities.OtherStaff::get_ModifiedDate()
DA:15,10
LF:11
LH:11
BRF:0
BRH:0
FNF:11
FNH:11
end_of_record
SF:/modernize-data/studio-data/TNT1001/APP1461/transformed-code/494/studio-workspace/Hospital16cmp/ClinicManagement/src/ClinicManagement.Domain/Entities/Patient.cs
FN:4,System.Int32 ClinicManagement.Domain.Entities.Patient::get_PatientID()
FNDA:48,System.Int32 ClinicManagement.Domain.Entities.Patient::get_PatientID()
DA:5,48
FN:5,System.String ClinicManagement.Domain.Entities.Patient::get_Name()
FNDA:146,System.String ClinicManagement.Domain.Entities.Patient::get_Name()
DA:6,146
FN:6,System.String ClinicManagement.Domain.Entities.Patient::get_Email()
FNDA:132,System.String ClinicManagement.Domain.Entities.Patient::get_Email()
DA:7,132
FN:7,System.String ClinicManagement.Domain.Entities.Patient::get_Password()
FNDA:90,System.String ClinicManagement.Domain.Entities.Patient::get_Password()
DA:8,90
FN:8,System.String ClinicManagement.Domain.Entities.Patient::get_Phone()
FNDA:86,System.String ClinicManagement.Domain.Entities.Patient::get_Phone()
DA:9,86
FN:9,System.String ClinicManagement.Domain.Entities.Patient::get_Address()
FNDA:84,System.String ClinicManagement.Domain.Entities.Patient::get_Address()
DA:10,84
FN:10,System.DateTime ClinicManagement.Domain.Entities.Patient::get_BirthDate()
FNDA:8,System.DateTime ClinicManagement.Domain.Entities.Patient::get_BirthDate()
DA:11,8
FN:11,System.String ClinicManagement.Domain.Entities.Patient::get_Gender()
FNDA:96,System.String ClinicManagement.Domain.Entities.Patient::get_Gender()
DA:12,96
FN:12,System.DateTime ClinicManagement.Domain.Entities.Patient::get_CreatedDate()
FNDA:78,System.DateTime ClinicManagement.Domain.Entities.Patient::get_CreatedDate()
DA:13,78
FN:13,System.Nullable`1<System.DateTime> ClinicManagement.Domain.Entities.Patient::get_ModifiedDate()
FNDA:10,System.Nullable`1<System.DateTime> ClinicManagement.Domain.Entities.Patient::get_ModifiedDate()
DA:14,10
FN:16,System.Collections.Generic.ICollection`1<ClinicManagement.Domain.Entities.Appointment> ClinicManagement.Domain.Entities.Patient::get_Appointments()
FNDA:90,System.Collections.Generic.ICollection`1<ClinicManagement.Domain.Entities.Appointment> ClinicManagement.Domain.Entities.Patient::get_Appointments()
DA:17,90
LF:11
LH:11
BRF:0
BRH:0
FNF:11
FNH:11
end_of_record