SF:/modernize-data/studio-data/TNT1001/APP2946/transformed-code/999/studio-workspace/hospital_comp2/src/ClinicManagement.Infrastructure/Repositories/Repository.cs
FN:12,System.Void ClinicManagement.Infrastructure.Repositories.Repository`1::.ctor(ClinicManagement.Infrastructure.Data.ClinicDbContext)
FNDA:18,System.Void ClinicManagement.Infrastructure.Repositories.Repository`1::.ctor(ClinicManagement.Infrastructure.Data.ClinicDbContext)
DA:13,18
DA:14,18
DA:15,18
DA:16,18
DA:17,18
FN:34,System.Void ClinicManagement.Infrastructure.Repositories.Repository`1/<AddAsync>d__6::MoveNext()
FNDA:6,System.Void ClinicManagement.Infrastructure.Repositories.Repository`1/<AddAsync>d__6::MoveNext()
DA:35,6
DA:36,6
DA:37,6
DA:38,6
DA:39,6
FN:57,System.Void ClinicManagement.Infrastructure.Repositories.Repository`1/<CountAsync>d__9::MoveNext()
FNDA:7,System.Void ClinicManagement.Infrastructure.Repositories.Repository`1/<CountAsync>d__9::MoveNext()
DA:58,7
DA:59,7
DA:60,5
DA:61,5
DA:63,2
DA:64,7
BRDA:59,37,0,5
BRDA:59,37,1,2
FN:47,System.Void ClinicManagement.Infrastructure.Repositories.Repository`1/<DeleteAsync>d__8::MoveNext()
FNDA:2,System.Void ClinicManagement.Infrastructure.Repositories.Repository`1/<DeleteAsync>d__8::MoveNext()
DA:48,2
DA:49,2
DA:50,2
DA:51,1
DA:52,1
DA:53,1
DA:54,1
DA:55,2
BRDA:50,178,0,1
BRDA:50,178,1,2
FN:29,System.Void ClinicManagement.Infrastructure.Repositories.Repository`1/<FindAsync>d__5::MoveNext()
FNDA:3,System.Void ClinicManagement.Infrastructure.Repositories.Repository`1/<FindAsync>d__5::MoveNext()
DA:30,3
DA:31,3
DA:32,3
FN:24,System.Void ClinicManagement.Infrastructure.Repositories.Repository`1/<GetAllAsync>d__4::MoveNext()
FNDA:2,System.Void ClinicManagement.Infrastructure.Repositories.Repository`1/<GetAllAsync>d__4::MoveNext()
DA:25,2
DA:26,2
DA:27,2
FN:19,System.Void ClinicManagement.Infrastructure.Repositories.Repository`1/<GetByIdAsync>d__3::MoveNext()
FNDA:4,System.Void ClinicManagement.Infrastructure.Repositories.Repository`1/<GetByIdAsync>d__3::MoveNext()
DA:20,4
DA:21,4
DA:22,4
FN:41,System.Void ClinicManagement.Infrastructure.Repositories.Repository`1/<UpdateAsync>d__7::MoveNext()
FNDA:1,System.Void ClinicManagement.Infrastructure.Repositories.Repository`1/<UpdateAsync>d__7::MoveNext()
DA:42,1
DA:43,1
DA:44,1
DA:45,1
LF:37
LH:37
BRF:4
BRH:4
FNF:8
FNH:8
end_of_record
SF:/modernize-data/studio-data/TNT1001/APP2946/transformed-code/999/studio-workspace/hospital_comp2/src/ClinicManagement.Infrastructure/Data/ClinicDbContext.cs
FN:11,Microsoft.EntityFrameworkCore.DbSet`1<ClinicManagement.Domain.Entities.User> ClinicManagement.Infrastructure.Data.ClinicDbContext::get_Users()
FNDA:94,Microsoft.EntityFrameworkCore.DbSet`1<ClinicManagement.Domain.Entities.User> ClinicManagement.Infrastructure.Data.ClinicDbContext::get_Users()
DA:12,94
FN:12,Microsoft.EntityFrameworkCore.DbSet`1<ClinicManagement.Domain.Entities.Patient> ClinicManagement.Infrastructure.Data.ClinicDbContext::get_Patients()
FNDA:71,Microsoft.EntityFrameworkCore.DbSet`1<ClinicManagement.Domain.Entities.Patient> ClinicManagement.Infrastructure.Data.ClinicDbContext::get_Patients()
DA:13,71
FN:13,Microsoft.EntityFrameworkCore.DbSet`1<ClinicManagement.Domain.Entities.Doctor> ClinicManagement.Infrastructure.Data.ClinicDbContext::get_Doctors()
FNDA:70,Microsoft.EntityFrameworkCore.DbSet`1<ClinicManagement.Domain.Entities.Doctor> ClinicManagement.Infrastructure.Data.ClinicDbContext::get_Doctors()
DA:14,70
FN:14,Microsoft.EntityFrameworkCore.DbSet`1<ClinicManagement.Domain.Entities.Clinic> ClinicManagement.Infrastructure.Data.ClinicDbContext::get_Clinics()
FNDA:78,Microsoft.EntityFrameworkCore.DbSet`1<ClinicManagement.Domain.Entities.Clinic> ClinicManagement.Infrastructure.Data.ClinicDbContext::get_Clinics()
DA:15,78
FN:15,Microsoft.EntityFrameworkCore.DbSet`1<ClinicManagement.Domain.Entities.Appointment> ClinicManagement.Infrastructure.Data.ClinicDbContext::get_Appointments()
FNDA:69,Microsoft.EntityFrameworkCore.DbSet`1<ClinicManagement.Domain.Entities.Appointment> ClinicManagement.Infrastructure.Data.ClinicDbContext::get_Appointments()
DA:16,69
FN:16,Microsoft.EntityFrameworkCore.DbSet`1<ClinicManagement.Domain.Entities.Bill> ClinicManagement.Infrastructure.Data.ClinicDbContext::get_Bills()
FNDA:69,Microsoft.EntityFrameworkCore.DbSet`1<ClinicManagement.Domain.Entities.Bill> ClinicManagement.Infrastructure.Data.ClinicDbContext::get_Bills()
DA:17,69
FN:17,Microsoft.EntityFrameworkCore.DbSet`1<ClinicManagement.Domain.Entities.Staff> ClinicManagement.Infrastructure.Data.ClinicDbContext::get_Staff()
FNDA:69,Microsoft.EntityFrameworkCore.DbSet`1<ClinicManagement.Domain.Entities.Staff> ClinicManagement.Infrastructure.Data.ClinicDbContext::get_Staff()
DA:18,69
FN:20,System.Void ClinicManagement.Infrastructure.Data.ClinicDbContext::OnModelCreating(Microsoft.EntityFrameworkCore.ModelBuilder)
FNDA:1,System.Void ClinicManagement.Infrastructure.Data.ClinicDbContext::OnModelCreating(Microsoft.EntityFrameworkCore.ModelBuilder)
DA:21,1
DA:22,1
DA:25,1
DA:27,1
DA:28,1
DA:29,1
DA:30,1
DA:31,1
DA:32,1
DA:33,1
DA:34,1
DA:35,1
DA:36,1
DA:37,1
DA:38,2
DA:40,1
DA:41,1
DA:42,1
DA:43,1
DA:44,1
DA:45,1
DA:46,1
DA:47,1
DA:48,1
DA:49,2
DA:51,1
DA:52,1
DA:53,1
DA:54,1
DA:55,1
DA:56,1
DA:57,1
DA:58,1
DA:59,1
DA:60,1
DA:61,1
DA:62,1
DA:63,1
DA:64,2
DA:66,1
DA:67,1
DA:68,1
DA:69,1
DA:70,1
DA:71,1
DA:72,1
DA:73,2
DA:75,1
DA:76,1
DA:77,1
DA:78,1
DA:79,1
DA:80,1
DA:81,1
DA:82,1
DA:83,1
DA:84,1
DA:85,1
DA:86,1
DA:87,1
DA:88,1
DA:89,1
DA:90,2
DA:92,1
DA:93,1
DA:94,1
DA:95,1
DA:96,1
DA:97,1
DA:98,1
DA:99,1
DA:100,1
DA:101,1
DA:102,1
DA:103,1
DA:104,2
DA:106,1
DA:107,1
DA:108,1
DA:109,1
DA:110,1
DA:111,1
DA:112,1
DA:113,1
DA:114,1
DA:115,1
DA:116,2
DA:117,1
FN:7,System.Void ClinicManagement.Infrastructure.Data.ClinicDbContext::.ctor(Microsoft.EntityFrameworkCore.DbContextOptions`1<ClinicManagement.Infrastructure.Data.ClinicDbContext>)
FNDA:33,System.Void ClinicManagement.Infrastructure.Data.ClinicDbContext::.ctor(Microsoft.EntityFrameworkCore.DbContextOptions`1<ClinicManagement.Infrastructure.Data.ClinicDbContext>)
DA:8,33
DA:9,33
DA:10,33
LF:98
LH:98
BRF:0
BRH:0
FNF:9
FNH:9
end_of_record
SF:/modernize-data/studio-data/TNT1001/APP2946/transformed-code/999/studio-workspace/hospital_comp2/src/ClinicManagement.Application/Services/AuthService.cs
FN:91,System.Threading.Tasks.Task`1<System.String> ClinicManagement.Application.Services.AuthService::HashPasswordAsync(System.String)
FNDA:16,System.Threading.Tasks.Task`1<System.String> ClinicManagement.Application.Services.AuthService::HashPasswordAsync(System.String)
DA:92,16
DA:93,16
DA:94,16
FN:96,System.Threading.Tasks.Task`1<System.Boolean> ClinicManagement.Application.Services.AuthService::VerifyPasswordAsync(System.String,System.String)
FNDA:6,System.Threading.Tasks.Task`1<System.Boolean> ClinicManagement.Application.Services.AuthService::VerifyPasswordAsync(System.String,System.String)
DA:97,6
DA:99,6
DA:100,6
DA:102,1
DA:103,1
DA:104,1
DA:106,6
FN:108,System.String ClinicManagement.Application.Services.AuthService::GenerateToken(ClinicManagement.Domain.Entities.User)
FNDA:2,System.String ClinicManagement.Application.Services.AuthService::GenerateToken(ClinicManagement.Domain.Entities.User)
DA:109,2
DA:110,2
DA:111,2
FN:13,System.Void ClinicManagement.Application.Services.AuthService::.ctor(ClinicManagement.Domain.Interfaces.IRepository`1<ClinicManagement.Domain.Entities.User>,Microsoft.Extensions.Logging.ILogger`1<ClinicManagement.Application.Services.AuthService>)
FNDA:21,System.Void ClinicManagement.Application.Services.AuthService::.ctor(ClinicManagement.Domain.Interfaces.IRepository`1<ClinicManagement.Domain.Entities.User>,Microsoft.Extensions.Logging.ILogger`1<ClinicManagement.Application.Services.AuthService>)
DA:14,21
DA:15,21
DA:16,21
DA:17,21
DA:18,21
FN:20,System.Void ClinicManagement.Application.Services.AuthService/<LoginAsync>d__3::MoveNext()
FNDA:5,System.Void ClinicManagement.Application.Services.AuthService/<LoginAsync>d__3::MoveNext()
DA:21,5
DA:23,5
DA:24,5
DA:25,4
DA:27,4
DA:28,1
DA:29,1
DA:30,1
DA:33,3
DA:34,3
DA:35,1
DA:36,1
DA:37,1
DA:40,2
DA:41,2
DA:42,2
DA:43,2
DA:44,2
DA:45,2
DA:46,2
DA:47,2
DA:49,1
DA:50,1
DA:51,1
DA:52,1
DA:54,4
BRDA:27,346,0,1
BRDA:27,346,1,3
BRDA:34,577,0,1
BRDA:34,577,1,2
FN:56,System.Void ClinicManagement.Application.Services.AuthService/<RegisterUserAsync>d__4::MoveNext()
FNDA:7,System.Void ClinicManagement.Application.Services.AuthService/<RegisterUserAsync>d__4::MoveNext()
DA:57,7
DA:59,7
DA:60,7
DA:61,6
DA:62,2
DA:63,2
DA:64,2
DA:67,4
DA:68,4
DA:69,4
DA:70,4
DA:71,4
DA:72,4
DA:73,4
DA:74,4
DA:75,4
DA:76,4
DA:77,4
DA:78,4
DA:80,4
DA:81,4
DA:82,4
DA:84,1
DA:85,1
DA:86,1
DA:87,1
DA:89,6
BRDA:61,345,0,2
BRDA:61,345,1,4
LF:71
LH:71
BRF:6
BRH:6
FNF:6
FNH:6
end_of_record
SF:/modernize-data/studio-data/TNT1001/APP2946/transformed-code/999/studio-workspace/hospital_comp2/src/ClinicManagement.Application/DTOs/AppointmentDto.cs
FN:4,System.Int32 ClinicManagement.Application.DTOs.AppointmentDto::get_Id()
FNDA:5,System.Int32 ClinicManagement.Application.DTOs.AppointmentDto::get_Id()
DA:5,5
FN:5,System.Int32 ClinicManagement.Application.DTOs.AppointmentDto::get_PatientId()
FNDA:5,System.Int32 ClinicManagement.Application.DTOs.AppointmentDto::get_PatientId()
DA:6,5
FN:6,System.String ClinicManagement.Application.DTOs.AppointmentDto::get_PatientName()
FNDA:17,System.String ClinicManagement.Application.DTOs.AppointmentDto::get_PatientName()
DA:7,17
FN:7,System.Int32 ClinicManagement.Application.DTOs.AppointmentDto::get_DoctorId()
FNDA:5,System.Int32 ClinicManagement.Application.DTOs.AppointmentDto::get_DoctorId()
DA:8,5
FN:8,System.String ClinicManagement.Application.DTOs.AppointmentDto::get_DoctorName()
FNDA:17,System.String ClinicManagement.Application.DTOs.AppointmentDto::get_DoctorName()
DA:9,17
FN:9,System.DateTime ClinicManagement.Application.DTOs.AppointmentDto::get_AppointmentDate()
FNDA:3,System.DateTime ClinicManagement.Application.DTOs.AppointmentDto::get_AppointmentDate()
DA:10,3
FN:10,System.String ClinicManagement.Application.DTOs.AppointmentDto::get_Status()
FNDA:25,System.String ClinicManagement.Application.DTOs.AppointmentDto::get_Status()
DA:11,25
FN:11,System.String ClinicManagement.Application.DTOs.AppointmentDto::get_Notes()
FNDA:15,System.String ClinicManagement.Application.DTOs.AppointmentDto::get_Notes()
DA:12,15
FN:16,System.Int32 ClinicManagement.Application.DTOs.CreateAppointmentDto::get_PatientId()
FNDA:5,System.Int32 ClinicManagement.Application.DTOs.CreateAppointmentDto::get_PatientId()
DA:17,5
FN:17,System.Int32 ClinicManagement.Application.DTOs.CreateAppointmentDto::get_DoctorId()
FNDA:5,System.Int32 ClinicManagement.Application.DTOs.CreateAppointmentDto::get_DoctorId()
DA:18,5
FN:18,System.DateTime ClinicManagement.Application.DTOs.CreateAppointmentDto::get_AppointmentDate()
FNDA:8,System.DateTime ClinicManagement.Application.DTOs.CreateAppointmentDto::get_AppointmentDate()
DA:19,8
FN:19,System.String ClinicManagement.Application.DTOs.CreateAppointmentDto::get_Notes()
FNDA:21,System.String ClinicManagement.Application.DTOs.CreateAppointmentDto::get_Notes()
DA:20,21
FN:24,System.Int32 ClinicManagement.Application.DTOs.UpdateAppointmentDto::get_Id()
FNDA:13,System.Int32 ClinicManagement.Application.DTOs.UpdateAppointmentDto::get_Id()
DA:25,13
FN:25,System.String ClinicManagement.Application.DTOs.UpdateAppointmentDto::get_Status()
FNDA:33,System.String ClinicManagement.Application.DTOs.UpdateAppointmentDto::get_Status()
DA:26,33
FN:26,System.String ClinicManagement.Application.DTOs.UpdateAppointmentDto::get_Notes()
FNDA:24,System.String ClinicManagement.Application.DTOs.UpdateAppointmentDto::get_Notes()
DA:27,24
LF:15
LH:15
BRF:0
BRH:0
FNF:15
FNH:15
end_of_record
SF:/modernize-data/studio-data/TNT1001/APP2946/transformed-code/999/studio-workspace/hospital_comp2/src/ClinicManagement.Application/DTOs/DoctorDto.cs
FN:4,System.Int32 ClinicManagement.Application.DTOs.DoctorDto::get_Id()
FNDA:5,System.Int32 ClinicManagement.Application.DTOs.DoctorDto::get_Id()
DA:5,5
FN:5,System.Int32 ClinicManagement.Application.DTOs.DoctorDto::get_UserId()
FNDA:5,System.Int32 ClinicManagement.Application.DTOs.DoctorDto::get_UserId()
DA:6,5
FN:6,System.String ClinicManagement.Application.DTOs.DoctorDto::get_Name()
FNDA:16,System.String ClinicManagement.Application.DTOs.DoctorDto::get_Name()
DA:7,16
FN:7,System.String ClinicManagement.Application.DTOs.DoctorDto::get_Email()
FNDA:16,System.String ClinicManagement.Application.DTOs.DoctorDto::get_Email()
DA:8,16
FN:8,System.String ClinicManagement.Application.DTOs.DoctorDto::get_PhoneNumber()
FNDA:16,System.String ClinicManagement.Application.DTOs.DoctorDto::get_PhoneNumber()
DA:9,16
FN:9,System.String ClinicManagement.Application.DTOs.DoctorDto::get_Specialization()
FNDA:24,System.String ClinicManagement.Application.DTOs.DoctorDto::get_Specialization()
DA:10,24
FN:10,System.String ClinicManagement.Application.DTOs.DoctorDto::get_Qualifications()
FNDA:24,System.String ClinicManagement.Application.DTOs.DoctorDto::get_Qualifications()
DA:11,24
FN:11,System.Int32 ClinicManagement.Application.DTOs.DoctorDto::get_ClinicId()
FNDA:3,System.Int32 ClinicManagement.Application.DTOs.DoctorDto::get_ClinicId()
DA:12,3
FN:12,System.String ClinicManagement.Application.DTOs.DoctorDto::get_ClinicName()
FNDA:18,System.String ClinicManagement.Application.DTOs.DoctorDto::get_ClinicName()
DA:13,18
FN:17,System.String ClinicManagement.Application.DTOs.CreateDoctorDto::get_Name()
FNDA:23,System.String ClinicManagement.Application.DTOs.CreateDoctorDto::get_Name()
DA:18,23
FN:18,System.String ClinicManagement.Application.DTOs.CreateDoctorDto::get_Email()
FNDA:23,System.String ClinicManagement.Application.DTOs.CreateDoctorDto::get_Email()
DA:19,23
FN:19,System.String ClinicManagement.Application.DTOs.CreateDoctorDto::get_Password()
FNDA:23,System.String ClinicManagement.Application.DTOs.CreateDoctorDto::get_Password()
DA:20,23
FN:20,System.String ClinicManagement.Application.DTOs.CreateDoctorDto::get_PhoneNumber()
FNDA:23,System.String ClinicManagement.Application.DTOs.CreateDoctorDto::get_PhoneNumber()
DA:21,23
FN:21,System.String ClinicManagement.Application.DTOs.CreateDoctorDto::get_Address()
FNDA:23,System.String ClinicManagement.Application.DTOs.CreateDoctorDto::get_Address()
DA:22,23
FN:22,System.DateTime ClinicManagement.Application.DTOs.CreateDoctorDto::get_BirthDate()
FNDA:5,System.DateTime ClinicManagement.Application.DTOs.CreateDoctorDto::get_BirthDate()
DA:23,5
FN:23,System.String ClinicManagement.Application.DTOs.CreateDoctorDto::get_Gender()
FNDA:27,System.String ClinicManagement.Application.DTOs.CreateDoctorDto::get_Gender()
DA:24,27
FN:24,System.String ClinicManagement.Application.DTOs.CreateDoctorDto::get_Specialization()
FNDA:27,System.String ClinicManagement.Application.DTOs.CreateDoctorDto::get_Specialization()
DA:25,27
FN:25,System.String ClinicManagement.Application.DTOs.CreateDoctorDto::get_Qualifications()
FNDA:23,System.String ClinicManagement.Application.DTOs.CreateDoctorDto::get_Qualifications()
DA:26,23
FN:26,System.Int32 ClinicManagement.Application.DTOs.CreateDoctorDto::get_ClinicId()
FNDA:9,System.Int32 ClinicManagement.Application.DTOs.CreateDoctorDto::get_ClinicId()
DA:27,9
LF:19
LH:19
BRF:0
BRH:0
FNF:19
FNH:19
end_of_record
SF:/modernize-data/studio-data/TNT1001/APP2946/transformed-code/999/studio-workspace/hospital_comp2/src/ClinicManagement.Application/DTOs/UserDto.cs
FN:4,System.Int32 ClinicManagement.Application.DTOs.UserDto::get_Id()
FNDA:3,System.Int32 ClinicManagement.Application.DTOs.UserDto::get_Id()
DA:5,3
FN:5,System.String ClinicManagement.Application.DTOs.UserDto::get_Name()
FNDA:12,System.String ClinicManagement.Application.DTOs.UserDto::get_Name()
DA:6,12
FN:6,System.String ClinicManagement.Application.DTOs.UserDto::get_Email()
FNDA:18,System.String ClinicManagement.Application.DTOs.UserDto::get_Email()
DA:7,18
FN:7,System.String ClinicManagement.Application.DTOs.UserDto::get_PhoneNumber()
FNDA:12,System.String ClinicManagement.Application.DTOs.UserDto::get_PhoneNumber()
DA:8,12
FN:8,System.String ClinicManagement.Application.DTOs.UserDto::get_Address()
FNDA:12,System.String ClinicManagement.Application.DTOs.UserDto::get_Address()
DA:9,12
FN:9,System.DateTime ClinicManagement.Application.DTOs.UserDto::get_BirthDate()
FNDA:3,System.DateTime ClinicManagement.Application.DTOs.UserDto::get_BirthDate()
DA:10,3
FN:10,System.String ClinicManagement.Application.DTOs.UserDto::get_Gender()
FNDA:12,System.String ClinicManagement.Application.DTOs.UserDto::get_Gender()
DA:11,12
FN:11,System.Int32 ClinicManagement.Application.DTOs.UserDto::get_Type()
FNDA:11,System.Int32 ClinicManagement.Application.DTOs.UserDto::get_Type()
DA:12,11
FN:16,System.String ClinicManagement.Application.DTOs.CreateUserDto::get_Name()
FNDA:35,System.String ClinicManagement.Application.DTOs.CreateUserDto::get_Name()
DA:17,35
FN:17,System.String ClinicManagement.Application.DTOs.CreateUserDto::get_Email()
FNDA:46,System.String ClinicManagement.Application.DTOs.CreateUserDto::get_Email()
DA:18,46
FN:18,System.String ClinicManagement.Application.DTOs.CreateUserDto::get_Password()
FNDA:46,System.String ClinicManagement.Application.DTOs.CreateUserDto::get_Password()
DA:19,46
FN:19,System.String ClinicManagement.Application.DTOs.CreateUserDto::get_PhoneNumber()
FNDA:28,System.String ClinicManagement.Application.DTOs.CreateUserDto::get_PhoneNumber()
DA:20,28
FN:20,System.String ClinicManagement.Application.DTOs.CreateUserDto::get_Address()
FNDA:28,System.String ClinicManagement.Application.DTOs.CreateUserDto::get_Address()
DA:21,28
FN:21,System.DateTime ClinicManagement.Application.DTOs.CreateUserDto::get_BirthDate()
FNDA:11,System.DateTime ClinicManagement.Application.DTOs.CreateUserDto::get_BirthDate()
DA:22,11
FN:22,System.String ClinicManagement.Application.DTOs.CreateUserDto::get_Gender()
FNDA:28,System.String ClinicManagement.Application.DTOs.CreateUserDto::get_Gender()
DA:23,28
FN:23,System.Int32 ClinicManagement.Application.DTOs.CreateUserDto::get_Type()
FNDA:9,System.Int32 ClinicManagement.Application.DTOs.CreateUserDto::get_Type()
DA:24,9
FN:28,System.String ClinicManagement.Application.DTOs.LoginDto::get_Email()
FNDA:58,System.String ClinicManagement.Application.DTOs.LoginDto::get_Email()
DA:29,58
FN:29,System.String ClinicManagement.Application.DTOs.LoginDto::get_Password()
FNDA:55,System.String ClinicManagement.Application.DTOs.LoginDto::get_Password()
DA:30,55
FN:34,System.Int32 ClinicManagement.Application.DTOs.LoginResponseDto::get_UserId()
FNDA:27,System.Int32 ClinicManagement.Application.DTOs.LoginResponseDto::get_UserId()
DA:35,27
FN:35,System.Int32 ClinicManagement.Application.DTOs.LoginResponseDto::get_UserType()
FNDA:33,System.Int32 ClinicManagement.Application.DTOs.LoginResponseDto::get_UserType()
DA:36,33
FN:36,System.String ClinicManagement.Application.DTOs.LoginResponseDto::get_Token()
FNDA:53,System.String ClinicManagement.Application.DTOs.LoginResponseDto::get_Token()
DA:37,53
FN:37,System.Boolean ClinicManagement.Application.DTOs.LoginResponseDto::get_Success()
FNDA:39,System.Boolean ClinicManagement.Application.DTOs.LoginResponseDto::get_Success()
DA:38,39
LF:22
LH:22
BRF:0
BRH:0
FNF:22
FNH:22
end_of_record
SF:/modernize-data/studio-data/TNT1001/APP2946/transformed-code/999/studio-workspace/hospital_comp2/src/ClinicManagement.Web/Program.cs
FN:8,System.Void Program::<Main>$(System.String[])
FNDA:0,System.Void Program::<Main>$(System.String[])
DA:9,0
DA:11,0
DA:12,0
DA:13,0
DA:14,0
DA:15,0
DA:16,0
DA:18,0
DA:20,0
DA:21,0
DA:22,0
DA:24,0
DA:25,0
DA:26,0
DA:27,0
DA:29,0
DA:30,0
DA:32,0
DA:33,0
DA:34,0
DA:35,0
DA:36,0
DA:37,0
DA:39,0
DA:40,0
DA:42,0
DA:44,0
DA:45,0
DA:46,0
DA:47,0
DA:48,0
DA:50,0
DA:51,0
DA:52,0
DA:54,0
DA:55,0
DA:56,0
DA:58,0
DA:59,0
DA:60,0
DA:61,0
DA:62,0
DA:65,0
DA:66,0
DA:67,0
DA:68,0
DA:69,0
DA:70,0
DA:71,0
DA:72,0
DA:74,0
DA:75,0
DA:76,0
BRDA:44,427,0,0
BRDA:44,427,1,0
LF:53
LH:0
BRF:2
BRH:0
FNF:1
FNH:0
end_of_record
SF:/modernize-data/studio-data/TNT1001/APP2946/transformed-code/999/studio-workspace/hospital_comp2/src/ClinicManagement.Web/Views/Account/Login.cshtml
FN:41,System.Void AspNetCoreGeneratedDocument.Views_Account_Login/<<ExecuteAsync>b__22_1>d::MoveNext()
FNDA:0,System.Void AspNetCoreGeneratedDocument.Views_Account_Login/<<ExecuteAsync>b__22_1>d::MoveNext()
DA:42,0
FN:3,System.Void AspNetCoreGeneratedDocument.Views_Account_Login/<ExecuteAsync>d__22::MoveNext()
FNDA:0,System.Void AspNetCoreGeneratedDocument.Views_Account_Login/<ExecuteAsync>d__22::MoveNext()
DA:4,0
BRDA:4,496,0,0
BRDA:4,496,1,0
LF:2
LH:0
BRF:2
BRH:0
FNF:2
FNH:0
end_of_record
SF:/modernize-data/studio-data/TNT1001/APP2946/transformed-code/999/studio-workspace/hospital_comp2/src/ClinicManagement.Web/Views/_ViewStart.cshtml
FN:1,System.Void AspNetCoreGeneratedDocument.Views__ViewStart/<ExecuteAsync>d__0::MoveNext()
FNDA:0,System.Void AspNetCoreGeneratedDocument.Views__ViewStart/<ExecuteAsync>d__0::MoveNext()
DA:2,0
LF:1
LH:0
BRF:0
BRH:0
FNF:1
FNH:0
end_of_record
SF:/modernize-data/studio-data/TNT1001/APP2946/transformed-code/999/studio-workspace/hospital_comp2/src/ClinicManagement.Web/Controllers/AccountController.cs
FN:19,Microsoft.AspNetCore.Mvc.IActionResult ClinicManagement.Web.Controllers.AccountController::Login()
FNDA:1,Microsoft.AspNetCore.Mvc.IActionResult ClinicManagement.Web.Controllers.AccountController::Login()
DA:20,1
DA:21,1
DA:22,1
FN:63,Microsoft.AspNetCore.Mvc.IActionResult ClinicManagement.Web.Controllers.AccountController::Register()
FNDA:1,Microsoft.AspNetCore.Mvc.IActionResult ClinicManagement.Web.Controllers.AccountController::Register()
DA:64,1
DA:65,1
DA:66,1
FN:98,Microsoft.AspNetCore.Mvc.IActionResult ClinicManagement.Web.Controllers.AccountController::Logout()
FNDA:1,Microsoft.AspNetCore.Mvc.IActionResult ClinicManagement.Web.Controllers.AccountController::Logout()
DA:99,1
DA:100,1
DA:101,1
DA:102,1
FN:11,System.Void ClinicManagement.Web.Controllers.AccountController::.ctor(ClinicManagement.Application.Interfaces.IAuthService,Microsoft.Extensions.Logging.ILogger`1<ClinicManagement.Web.Controllers.AccountController>)
FNDA:19,System.Void ClinicManagement.Web.Controllers.AccountController::.ctor(ClinicManagement.Application.Interfaces.IAuthService,Microsoft.Extensions.Logging.ILogger`1<ClinicManagement.Web.Controllers.AccountController>)
DA:12,19
DA:13,19
DA:14,19
DA:15,19
DA:16,19
FN:25,System.Void ClinicManagement.Web.Controllers.AccountController/<Login>d__4::MoveNext()
FNDA:11,System.Void ClinicManagement.Web.Controllers.AccountController/<Login>d__4::MoveNext()
DA:26,11
DA:27,11
DA:28,1
DA:29,1
DA:33,10
DA:34,10
DA:36,9
DA:37,1
DA:38,1
DA:39,1
DA:42,8
DA:43,8
DA:44,8
DA:46,8
DA:47,8
DA:48,2
DA:49,3
DA:50,2
DA:51,1
DA:52,8
DA:54,1
DA:55,1
DA:56,1
DA:57,1
DA:58,1
DA:60,11
BRDA:27,36,0,1
BRDA:27,36,1,10
BRDA:36,226,0,1
BRDA:36,226,1,8
BRDA:46,426,1,2
BRDA:46,426,2,3
BRDA:46,426,3,2
BRDA:46,426,0,1
FN:69,System.Void ClinicManagement.Web.Controllers.AccountController/<Register>d__6::MoveNext()
FNDA:5,System.Void ClinicManagement.Web.Controllers.AccountController/<Register>d__6::MoveNext()
DA:70,5
DA:71,5
DA:72,1
DA:73,1
DA:77,4
DA:78,4
DA:80,3
DA:81,1
DA:82,1
DA:83,1
DA:86,2
DA:87,2
DA:89,1
DA:90,1
DA:91,1
DA:92,1
DA:93,1
DA:95,5
BRDA:71,36,0,1
BRDA:71,36,1,4
BRDA:80,214,0,1
BRDA:80,214,1,2
LF:59
LH:59
BRF:12
BRH:12
FNF:6
FNH:6
end_of_record
SF:/modernize-data/studio-data/TNT1001/APP2946/transformed-code/999/studio-workspace/hospital_comp2/src/ClinicManagement.Domain/Entities/Appointment.cs
FN:4,System.Int32 ClinicManagement.Domain.Entities.Appointment::get_Id()
FNDA:26,System.Int32 ClinicManagement.Domain.Entities.Appointment::get_Id()
DA:5,26
FN:5,System.Int32 ClinicManagement.Domain.Entities.Appointment::get_PatientId()
FNDA:6,System.Int32 ClinicManagement.Domain.Entities.Appointment::get_PatientId()
DA:6,6
FN:6,ClinicManagement.Domain.Entities.Patient ClinicManagement.Domain.Entities.Appointment::get_Patient()
FNDA:49,ClinicManagement.Domain.Entities.Patient ClinicManagement.Domain.Entities.Appointment::get_Patient()
DA:7,49
FN:7,System.Int32 ClinicManagement.Domain.Entities.Appointment::get_DoctorId()
FNDA:6,System.Int32 ClinicManagement.Domain.Entities.Appointment::get_DoctorId()
DA:8,6
FN:8,ClinicManagement.Domain.Entities.Doctor ClinicManagement.Domain.Entities.Appointment::get_Doctor()
FNDA:49,ClinicManagement.Domain.Entities.Doctor ClinicManagement.Domain.Entities.Appointment::get_Doctor()
DA:9,49
FN:9,System.DateTime ClinicManagement.Domain.Entities.Appointment::get_AppointmentDate()
FNDA:12,System.DateTime ClinicManagement.Domain.Entities.Appointment::get_AppointmentDate()
DA:10,12
FN:10,System.String ClinicManagement.Domain.Entities.Appointment::get_Status()
FNDA:59,System.String ClinicManagement.Domain.Entities.Appointment::get_Status()
DA:11,59
FN:11,System.String ClinicManagement.Domain.Entities.Appointment::get_Notes()
FNDA:54,System.String ClinicManagement.Domain.Entities.Appointment::get_Notes()
DA:12,54
FN:12,System.DateTime ClinicManagement.Domain.Entities.Appointment::get_CreatedAt()
FNDA:9,System.DateTime ClinicManagement.Domain.Entities.Appointment::get_CreatedAt()
DA:13,9
FN:13,System.Nullable`1<System.DateTime> ClinicManagement.Domain.Entities.Appointment::get_UpdatedAt()
FNDA:10,System.Nullable`1<System.DateTime> ClinicManagement.Domain.Entities.Appointment::get_UpdatedAt()
DA:14,10
LF:10
LH:10
BRF:0
BRH:0
FNF:10
FNH:10
end_of_record
SF:/modernize-data/studio-data/TNT1001/APP2946/transformed-code/999/studio-workspace/hospital_comp2/src/ClinicManagement.Domain/Entities/Bill.cs
FN:4,System.Int32 ClinicManagement.Domain.Entities.Bill::get_Id()
FNDA:19,System.Int32 ClinicManagement.Domain.Entities.Bill::get_Id()
DA:5,19
FN:5,System.Int32 ClinicManagement.Domain.Entities.Bill::get_PatientId()
FNDA:6,System.Int32 ClinicManagement.Domain.Entities.Bill::get_PatientId()
DA:6,6
FN:6,ClinicManagement.Domain.Entities.Patient ClinicManagement.Domain.Entities.Bill::get_Patient()
FNDA:45,ClinicManagement.Domain.Entities.Patient ClinicManagement.Domain.Entities.Bill::get_Patient()
DA:7,45
FN:7,System.Int32 ClinicManagement.Domain.Entities.Bill::get_AppointmentId()
FNDA:6,System.Int32 ClinicManagement.Domain.Entities.Bill::get_AppointmentId()
DA:8,6
FN:8,System.Decimal ClinicManagement.Domain.Entities.Bill::get_Amount()
FNDA:22,System.Decimal ClinicManagement.Domain.Entities.Bill::get_Amount()
DA:9,22
FN:9,System.DateTime ClinicManagement.Domain.Entities.Bill::get_BillDate()
FNDA:12,System.DateTime ClinicManagement.Domain.Entities.Bill::get_BillDate()
DA:10,12
FN:10,System.String ClinicManagement.Domain.Entities.Bill::get_Status()
FNDA:55,System.String ClinicManagement.Domain.Entities.Bill::get_Status()
DA:11,55
FN:11,System.DateTime ClinicManagement.Domain.Entities.Bill::get_CreatedAt()
FNDA:9,System.DateTime ClinicManagement.Domain.Entities.Bill::get_CreatedAt()
DA:12,9
FN:12,System.Nullable`1<System.DateTime> ClinicManagement.Domain.Entities.Bill::get_UpdatedAt()
FNDA:10,System.Nullable`1<System.DateTime> ClinicManagement.Domain.Entities.Bill::get_UpdatedAt()
DA:13,10
LF:9
LH:9
BRF:0
BRH:0
FNF:9
FNH:9
end_of_record
SF:/modernize-data/studio-data/TNT1001/APP2946/transformed-code/999/studio-workspace/hospital_comp2/src/ClinicManagement.Domain/Entities/Clinic.cs
FN:4,System.Int32 ClinicManagement.Domain.Entities.Clinic::get_Id()
FNDA:18,System.Int32 ClinicManagement.Domain.Entities.Clinic::get_Id()
DA:5,18
FN:5,System.String ClinicManagement.Domain.Entities.Clinic::get_Name()
FNDA:63,System.String ClinicManagement.Domain.Entities.Clinic::get_Name()
DA:6,63
FN:6,System.String ClinicManagement.Domain.Entities.Clinic::get_Address()
FNDA:54,System.String ClinicManagement.Domain.Entities.Clinic::get_Address()
DA:7,54
FN:7,System.String ClinicManagement.Domain.Entities.Clinic::get_PhoneNumber()
FNDA:49,System.String ClinicManagement.Domain.Entities.Clinic::get_PhoneNumber()
DA:8,49
FN:8,System.DateTime ClinicManagement.Domain.Entities.Clinic::get_CreatedAt()
FNDA:6,System.DateTime ClinicManagement.Domain.Entities.Clinic::get_CreatedAt()
DA:9,6
FN:9,System.Nullable`1<System.DateTime> ClinicManagement.Domain.Entities.Clinic::get_UpdatedAt()
FNDA:7,System.Nullable`1<System.DateTime> ClinicManagement.Domain.Entities.Clinic::get_UpdatedAt()
DA:10,7
FN:10,System.Collections.Generic.ICollection`1<ClinicManagement.Domain.Entities.Doctor> ClinicManagement.Domain.Entities.Clinic::get_Doctors()
FNDA:60,System.Collections.Generic.ICollection`1<ClinicManagement.Domain.Entities.Doctor> ClinicManagement.Domain.Entities.Clinic::get_Doctors()
DA:11,60
LF:7
LH:7
BRF:0
BRH:0
FNF:7
FNH:7
end_of_record
SF:/modernize-data/studio-data/TNT1001/APP2946/transformed-code/999/studio-workspace/hospital_comp2/src/ClinicManagement.Domain/Entities/Doctor.cs
FN:4,System.Int32 ClinicManagement.Domain.Entities.Doctor::get_Id()
FNDA:27,System.Int32 ClinicManagement.Domain.Entities.Doctor::get_Id()
DA:5,27
FN:5,System.Int32 ClinicManagement.Domain.Entities.Doctor::get_UserId()
FNDA:7,System.Int32 ClinicManagement.Domain.Entities.Doctor::get_UserId()
DA:6,7
FN:6,ClinicManagement.Domain.Entities.User ClinicManagement.Domain.Entities.Doctor::get_User()
FNDA:49,ClinicManagement.Domain.Entities.User ClinicManagement.Domain.Entities.Doctor::get_User()
DA:7,49
FN:7,System.String ClinicManagement.Domain.Entities.Doctor::get_Specialization()
FNDA:61,System.String ClinicManagement.Domain.Entities.Doctor::get_Specialization()
DA:8,61
FN:8,System.String ClinicManagement.Domain.Entities.Doctor::get_Qualifications()
FNDA:56,System.String ClinicManagement.Domain.Entities.Doctor::get_Qualifications()
DA:9,56
FN:9,System.Int32 ClinicManagement.Domain.Entities.Doctor::get_ClinicId()
FNDA:7,System.Int32 ClinicManagement.Domain.Entities.Doctor::get_ClinicId()
DA:10,7
FN:10,ClinicManagement.Domain.Entities.Clinic ClinicManagement.Domain.Entities.Doctor::get_Clinic()
FNDA:49,ClinicManagement.Domain.Entities.Clinic ClinicManagement.Domain.Entities.Doctor::get_Clinic()
DA:11,49
FN:11,System.DateTime ClinicManagement.Domain.Entities.Doctor::get_CreatedAt()
FNDA:6,System.DateTime ClinicManagement.Domain.Entities.Doctor::get_CreatedAt()
DA:12,6
FN:12,System.Nullable`1<System.DateTime> ClinicManagement.Domain.Entities.Doctor::get_UpdatedAt()
FNDA:7,System.Nullable`1<System.DateTime> ClinicManagement.Domain.Entities.Doctor::get_UpdatedAt()
DA:13,7
FN:13,System.Collections.Generic.ICollection`1<ClinicManagement.Domain.Entities.Appointment> ClinicManagement.Domain.Entities.Doctor::get_Appointments()
FNDA:62,System.Collections.Generic.ICollection`1<ClinicManagement.Domain.Entities.Appointment> ClinicManagement.Domain.Entities.Doctor::get_Appointments()
DA:14,62
LF:10
LH:10
BRF:0
BRH:0
FNF:10
FNH:10
end_of_record
SF:/modernize-data/studio-data/TNT1001/APP2946/transformed-code/999/studio-workspace/hospital_comp2/src/ClinicManagement.Domain/Entities/Patient.cs
FN:4,System.Int32 ClinicManagement.Domain.Entities.Patient::get_Id()
FNDA:21,System.Int32 ClinicManagement.Domain.Entities.Patient::get_Id()
DA:5,21
FN:5,System.Int32 ClinicManagement.Domain.Entities.Patient::get_UserId()
FNDA:13,System.Int32 ClinicManagement.Domain.Entities.Patient::get_UserId()
DA:6,13
FN:6,ClinicManagement.Domain.Entities.User ClinicManagement.Domain.Entities.Patient::get_User()
FNDA:37,ClinicManagement.Domain.Entities.User ClinicManagement.Domain.Entities.Patient::get_User()
DA:7,37
FN:7,System.String ClinicManagement.Domain.Entities.Patient::get_MedicalHistory()
FNDA:46,System.String ClinicManagement.Domain.Entities.Patient::get_MedicalHistory()
DA:8,46
FN:8,System.DateTime ClinicManagement.Domain.Entities.Patient::get_CreatedAt()
FNDA:6,System.DateTime ClinicManagement.Domain.Entities.Patient::get_CreatedAt()
DA:9,6
FN:9,System.Nullable`1<System.DateTime> ClinicManagement.Domain.Entities.Patient::get_UpdatedAt()
FNDA:7,System.Nullable`1<System.DateTime> ClinicManagement.Domain.Entities.Patient::get_UpdatedAt()
DA:10,7
FN:10,System.Collections.Generic.ICollection`1<ClinicManagement.Domain.Entities.Appointment> ClinicManagement.Domain.Entities.Patient::get_Appointments()
FNDA:45,System.Collections.Generic.ICollection`1<ClinicManagement.Domain.Entities.Appointment> ClinicManagement.Domain.Entities.Patient::get_Appointments()
DA:11,45
FN:11,System.Collections.Generic.ICollection`1<ClinicManagement.Domain.Entities.Bill> ClinicManagement.Domain.Entities.Patient::get_Bills()
FNDA:45,System.Collections.Generic.ICollection`1<ClinicManagement.Domain.Entities.Bill> ClinicManagement.Domain.Entities.Patient::get_Bills()
DA:12,45
LF:8
LH:8
BRF:0
BRH:0
FNF:8
FNH:8
end_of_record
SF:/modernize-data/studio-data/TNT1001/APP2946/transformed-code/999/studio-workspace/hospital_comp2/src/ClinicManagement.Domain/Entities/Staff.cs
FN:4,System.Int32 ClinicManagement.Domain.Entities.Staff::get_Id()
FNDA:19,System.Int32 ClinicManagement.Domain.Entities.Staff::get_Id()
DA:5,19
FN:5,System.Int32 ClinicManagement.Domain.Entities.Staff::get_UserId()
FNDA:12,System.Int32 ClinicManagement.Domain.Entities.Staff::get_UserId()
DA:6,12
FN:6,ClinicManagement.Domain.Entities.User ClinicManagement.Domain.Entities.Staff::get_User()
FNDA:37,ClinicManagement.Domain.Entities.User ClinicManagement.Domain.Entities.Staff::get_User()
DA:7,37
FN:7,System.String ClinicManagement.Domain.Entities.Staff::get_Position()
FNDA:45,System.String ClinicManagement.Domain.Entities.Staff::get_Position()
DA:8,45
FN:8,System.DateTime ClinicManagement.Domain.Entities.Staff::get_CreatedAt()
FNDA:9,System.DateTime ClinicManagement.Domain.Entities.Staff::get_CreatedAt()
DA:9,9
FN:9,System.Nullable`1<System.DateTime> ClinicManagement.Domain.Entities.Staff::get_UpdatedAt()
FNDA:10,System.Nullable`1<System.DateTime> ClinicManagement.Domain.Entities.Staff::get_UpdatedAt()
DA:10,10
LF:6
LH:6
BRF:0
BRH:0
FNF:6
FNH:6
end_of_record
SF:/modernize-data/studio-data/TNT1001/APP2946/transformed-code/999/studio-workspace/hospital_comp2/src/ClinicManagement.Domain/Entities/User.cs
FN:4,System.Int32 ClinicManagement.Domain.Entities.User::get_Id()
FNDA:67,System.Int32 ClinicManagement.Domain.Entities.User::get_Id()
DA:5,67
FN:5,System.String ClinicManagement.Domain.Entities.User::get_Name()
FNDA:146,System.String ClinicManagement.Domain.Entities.User::get_Name()
DA:6,146
FN:6,System.String ClinicManagement.Domain.Entities.User::get_Email()
FNDA:143,System.String ClinicManagement.Domain.Entities.User::get_Email()
DA:7,143
FN:7,System.String ClinicManagement.Domain.Entities.User::get_PasswordHash()
FNDA:111,System.String ClinicManagement.Domain.Entities.User::get_PasswordHash()
DA:8,111
FN:8,System.String ClinicManagement.Domain.Entities.User::get_PhoneNumber()
FNDA:89,System.String ClinicManagement.Domain.Entities.User::get_PhoneNumber()
DA:9,89
FN:9,System.String ClinicManagement.Domain.Entities.User::get_Address()
FNDA:88,System.String ClinicManagement.Domain.Entities.User::get_Address()
DA:10,88
FN:10,System.DateTime ClinicManagement.Domain.Entities.User::get_BirthDate()
FNDA:9,System.DateTime ClinicManagement.Domain.Entities.User::get_BirthDate()
DA:11,9
FN:11,System.String ClinicManagement.Domain.Entities.User::get_Gender()
FNDA:89,System.String ClinicManagement.Domain.Entities.User::get_Gender()
DA:12,89
FN:12,System.Int32 ClinicManagement.Domain.Entities.User::get_Type()
FNDA:37,System.Int32 ClinicManagement.Domain.Entities.User::get_Type()
DA:13,37
FN:13,System.DateTime ClinicManagement.Domain.Entities.User::get_CreatedAt()
FNDA:12,System.DateTime ClinicManagement.Domain.Entities.User::get_CreatedAt()
DA:14,12
FN:14,System.Nullable`1<System.DateTime> ClinicManagement.Domain.Entities.User::get_UpdatedAt()
FNDA:7,System.Nullable`1<System.DateTime> ClinicManagement.Domain.Entities.User::get_UpdatedAt()
DA:15,7
LF:11
LH:11
BRF:0
BRH:0
FNF:11
FNH:11
end_of_record